Using pre-set license
Built from '2022.3/staging' branch; Version is '2022.3.62f1 (4af31df58517) revision 4911901'; Using compiler version '192829333'; Build Type 'Release'
OS: 'Windows 10  (10.0.19045) 64bit Professional' Language: 'en' Physical Memory: 32694 MB
BatchMode: 1, IsHumanControllingUs: 0, StartBugReporterOnCrash: 0, Is64bit: 1, IsPro: 1

COMMAND LINE ARGUMENTS:
C:\Program Files\Unity\Hub\Editor\2022.3.62f1\Editor\Unity.exe
-adb2
-batchMode
-noUpm
-name
AssetImportWorker1
-projectPath
C:/Users/domin/Platformer Template
-logFile
Logs/AssetImportWorker1.log
-srvPort
55278
Successfully changed project path to: C:/Users/domin/Platformer Template
C:/Users/domin/Platformer Template
[UnityMemory] Configuration Parameters - Can be set up in boot.config
    "memorysetup-bucket-allocator-granularity=16"
    "memorysetup-bucket-allocator-bucket-count=8"
    "memorysetup-bucket-allocator-block-size=33554432"
    "memorysetup-bucket-allocator-block-count=8"
    "memorysetup-main-allocator-block-size=16777216"
    "memorysetup-thread-allocator-block-size=16777216"
    "memorysetup-gfx-main-allocator-block-size=16777216"
    "memorysetup-gfx-thread-allocator-block-size=16777216"
    "memorysetup-cache-allocator-block-size=4194304"
    "memorysetup-typetree-allocator-block-size=2097152"
    "memorysetup-profiler-bucket-allocator-granularity=16"
    "memorysetup-profiler-bucket-allocator-bucket-count=8"
    "memorysetup-profiler-bucket-allocator-block-size=33554432"
    "memorysetup-profiler-bucket-allocator-block-count=8"
    "memorysetup-profiler-allocator-block-size=16777216"
    "memorysetup-profiler-editor-allocator-block-size=1048576"
    "memorysetup-temp-allocator-size-main=16777216"
    "memorysetup-job-temp-allocator-block-size=2097152"
    "memorysetup-job-temp-allocator-block-size-background=1048576"
    "memorysetup-job-temp-allocator-reduction-small-platforms=262144"
    "memorysetup-allocator-temp-initial-block-size-main=262144"
    "memorysetup-allocator-temp-initial-block-size-worker=262144"
    "memorysetup-temp-allocator-size-background-worker=32768"
    "memorysetup-temp-allocator-size-job-worker=262144"
    "memorysetup-temp-allocator-size-preload-manager=33554432"
    "memorysetup-temp-allocator-size-nav-mesh-worker=65536"
    "memorysetup-temp-allocator-size-audio-worker=65536"
    "memorysetup-temp-allocator-size-cloud-worker=32768"
    "memorysetup-temp-allocator-size-gi-baking-worker=262144"
    "memorysetup-temp-allocator-size-gfx=262144"
Player connection [20044]  Target information:

Player connection [20044]  * "[IP] 192.168.0.128 [Port] 0 [Flags] 2 [Guid] 4103538555 [EditorId] 4103538555 [Version] 1048832 [Id] WindowsEditor(7,DESKTOP-ANNLT1Q) [Debug] 1 [PackageName] WindowsEditor [ProjectName] Editor" 

Player connection [20044] Host joined multi-casting on [225.0.0.222:54997]...
Player connection [20044] Host joined alternative multi-casting on [225.0.0.222:34997]...
Input System module state changed to: Initialized.
[PhysX] Initialized MultithreadedTaskDispatcher with 16 workers.
Refreshing native plugins compatible for Editor in 17.76 ms, found 3 plugins.
Preloading 0 native plugins for Editor in 0.00 ms.
Initialize engine version: 2022.3.62f1 (4af31df58517)
[Subsystems] Discovering subsystems at path C:/Program Files/Unity/Hub/Editor/2022.3.62f1/Editor/Data/Resources/UnitySubsystems
[Subsystems] Discovering subsystems at path C:/Users/domin/Platformer Template/Assets
GfxDevice: creating device client; threaded=0; jobified=0
Direct3D:
    Version:  Direct3D 11.0 [level 11.1]
    Renderer: NVIDIA GeForce RTX 2060 (ID=0x1e89)
    Vendor:   NVIDIA
    VRAM:     5945 MB
    Driver:   32.0.15.7680
Initialize mono
Mono path[0] = 'C:/Program Files/Unity/Hub/Editor/2022.3.62f1/Editor/Data/Managed'
Mono path[1] = 'C:/Program Files/Unity/Hub/Editor/2022.3.62f1/Editor/Data/MonoBleedingEdge/lib/mono/unityjit-win32'
Mono config path = 'C:/Program Files/Unity/Hub/Editor/2022.3.62f1/Editor/Data/MonoBleedingEdge/etc'
Using monoOptions --debugger-agent=transport=dt_socket,embedding=1,server=y,suspend=n,address=127.0.0.1:56816
Begin MonoManager ReloadAssembly
Registering precompiled unity dll's ...
Register platform support module: C:/Program Files/Unity/Hub/Editor/2022.3.62f1/Editor/Data/PlaybackEngines/AndroidPlayer/UnityEditor.Android.Extensions.dll
Register platform support module: C:/Program Files/Unity/Hub/Editor/2022.3.62f1/Editor/Data/PlaybackEngines/WindowsStandaloneSupport/UnityEditor.WindowsStandalone.Extensions.dll
Registered in 0.016477 seconds.
- Loaded All Assemblies, in  0.525 seconds
Native extension for WindowsStandalone target not found
Native extension for Android target not found
Mono: successfully reloaded assembly
- Finished resetting the current domain, in  0.433 seconds
Domain Reload Profiling: 955ms
	BeginReloadAssembly (153ms)
		ExecutionOrderSort (0ms)
		DisableScriptedObjects (0ms)
		BackupInstance (0ms)
		ReleaseScriptingObjects (0ms)
		CreateAndSetChildDomain (1ms)
	RebuildCommonClasses (49ms)
	RebuildNativeTypeToScriptingClass (15ms)
	initialDomainReloadingComplete (92ms)
	LoadAllAssembliesAndSetupDomain (213ms)
		LoadAssemblies (150ms)
		RebuildTransferFunctionScriptingTraits (0ms)
		AnalyzeDomain (209ms)
			TypeCache.Refresh (207ms)
				TypeCache.ScanAssembly (190ms)
			ScanForSourceGeneratedMonoScriptInfo (0ms)
			ResolveRequiredComponents (1ms)
	FinalizeReload (433ms)
		ReleaseScriptCaches (0ms)
		RebuildScriptCaches (0ms)
		SetupLoadedEditorAssemblies (369ms)
			LogAssemblyErrors (0ms)
			InitializePlatformSupportModulesInManaged (120ms)
			SetLoadedEditorAssemblies (5ms)
			RefreshPlugins (0ms)
			BeforeProcessingInitializeOnLoad (3ms)
			ProcessInitializeOnLoadAttributes (170ms)
			ProcessInitializeOnLoadMethodAttributes (70ms)
			AfterProcessingInitializeOnLoad (0ms)
			EditorAssembliesLoaded (0ms)
		ExecutionOrderSort2 (0ms)
		AwakeInstancesAfterBackupRestoration (0ms)
========================================================================
Worker process is ready to serve import requests
Caller must complete domain reload
Begin MonoManager ReloadAssembly
- Loaded All Assemblies, in  0.938 seconds
Native extension for WindowsStandalone target not found
Native extension for Android target not found
Mono: successfully reloaded assembly
- Finished resetting the current domain, in  1.089 seconds
Domain Reload Profiling: 2022ms
	BeginReloadAssembly (218ms)
		ExecutionOrderSort (0ms)
		DisableScriptedObjects (8ms)
		BackupInstance (0ms)
		ReleaseScriptingObjects (0ms)
		CreateAndSetChildDomain (26ms)
	RebuildCommonClasses (51ms)
	RebuildNativeTypeToScriptingClass (19ms)
	initialDomainReloadingComplete (68ms)
	LoadAllAssembliesAndSetupDomain (578ms)
		LoadAssemblies (442ms)
		RebuildTransferFunctionScriptingTraits (0ms)
		AnalyzeDomain (267ms)
			TypeCache.Refresh (238ms)
				TypeCache.ScanAssembly (216ms)
			ScanForSourceGeneratedMonoScriptInfo (20ms)
			ResolveRequiredComponents (8ms)
	FinalizeReload (1089ms)
		ReleaseScriptCaches (0ms)
		RebuildScriptCaches (0ms)
		SetupLoadedEditorAssemblies (859ms)
			LogAssemblyErrors (0ms)
			InitializePlatformSupportModulesInManaged (28ms)
			SetLoadedEditorAssemblies (5ms)
			RefreshPlugins (0ms)
			BeforeProcessingInitializeOnLoad (91ms)
			ProcessInitializeOnLoadAttributes (692ms)
			ProcessInitializeOnLoadMethodAttributes (30ms)
			AfterProcessingInitializeOnLoad (14ms)
			EditorAssembliesLoaded (0ms)
		ExecutionOrderSort2 (0ms)
		AwakeInstancesAfterBackupRestoration (8ms)
Launched and connected shader compiler UnityShaderCompiler.exe after 0.08 seconds
Refreshing native plugins compatible for Editor in 7.17 ms, found 3 plugins.
Preloading 0 native plugins for Editor in 0.00 ms.
Unloading 3199 Unused Serialized files (Serialized files now loaded: 0)
Unloading 19 unused Assets / (54.7 KB). Loaded Objects now: 3687.
Memory consumption went from 131.2 MB to 131.2 MB.
Total: 6.880900 ms (FindLiveObjects: 0.487000 ms CreateObjectMapping: 0.246000 ms MarkObjects: 5.955700 ms  DeleteObjects: 0.190100 ms)

AssetImportParameters requested are different than current active one (requested -> active):
  custom:container-demuxer-ogg: 62fdf1f143b41e24485cea50d1cbac27 -> 
  custom:video-decoder-ogg-theora: a1e56fd34408186e4bbccfd4996cb3dc -> 
  custom:framework-win-MediaFoundation: 216162199b28c13a410421893ffa2e32 -> 
  custom:CustomObjectIndexerAttribute: 9a22284fe3817be447336de3de66b15e -> 
  custom:container-demuxer-webm: 4f35f7cbe854078d1ac9338744f61a02 -> 
  custom:container-muxer-webm: aa71ff27fc2769a1b78a27578f13a17b -> 
  custom:video-decoder-webm-vp8: 9c59270c3fd7afecdb556c50c9e8de78 -> 
  custom:SearchIndexIgnoredProperties: e643bd26f0fe6173181afceb89e7c659 -> 
  custom:AudioImporter_EditorPlatform: d09bf68614088b80899f8185d706f6e7 -> 
  custom:video-encoder-webm-vp8: eb34c28f22e8b96e1ab97ce403110664 -> 
  custom:audio-decoder-ogg-vorbis: bf7c407c2cedff20999df2af8eb42d56 -> 
  custom:audio-encoder-webm-vorbis: bf7c407c2cedff20999df2af8eb42d56 -> 
========================================================================
Received Prepare
Caller must complete domain reload
Begin MonoManager ReloadAssembly
- Loaded All Assemblies, in  0.609 seconds
Native extension for WindowsStandalone target not found
Native extension for Android target not found
Mono: successfully reloaded assembly
- Finished resetting the current domain, in  1.637 seconds
Domain Reload Profiling: 2241ms
	BeginReloadAssembly (212ms)
		ExecutionOrderSort (0ms)
		DisableScriptedObjects (7ms)
		BackupInstance (0ms)
		ReleaseScriptingObjects (0ms)
		CreateAndSetChildDomain (44ms)
	RebuildCommonClasses (55ms)
	RebuildNativeTypeToScriptingClass (17ms)
	initialDomainReloadingComplete (45ms)
	LoadAllAssembliesAndSetupDomain (274ms)
		LoadAssemblies (379ms)
		RebuildTransferFunctionScriptingTraits (0ms)
		AnalyzeDomain (16ms)
			TypeCache.Refresh (6ms)
				TypeCache.ScanAssembly (0ms)
			ScanForSourceGeneratedMonoScriptInfo (0ms)
			ResolveRequiredComponents (8ms)
	FinalizeReload (1637ms)
		ReleaseScriptCaches (0ms)
		RebuildScriptCaches (0ms)
		SetupLoadedEditorAssemblies (870ms)
			LogAssemblyErrors (0ms)
			InitializePlatformSupportModulesInManaged (31ms)
			SetLoadedEditorAssemblies (7ms)
			RefreshPlugins (0ms)
			BeforeProcessingInitializeOnLoad (90ms)
			ProcessInitializeOnLoadAttributes (691ms)
			ProcessInitializeOnLoadMethodAttributes (36ms)
			AfterProcessingInitializeOnLoad (15ms)
			EditorAssembliesLoaded (0ms)
		ExecutionOrderSort2 (0ms)
		AwakeInstancesAfterBackupRestoration (8ms)
Refreshing native plugins compatible for Editor in 9.87 ms, found 3 plugins.
Preloading 0 native plugins for Editor in 0.00 ms.
Unloading 3192 Unused Serialized files (Serialized files now loaded: 0)
Unloading 14 unused Assets / (28.5 KB). Loaded Objects now: 3690.
Memory consumption went from 130.4 MB to 130.4 MB.
Total: 6.955400 ms (FindLiveObjects: 0.565400 ms CreateObjectMapping: 0.217100 ms MarkObjects: 6.103800 ms  DeleteObjects: 0.066900 ms)

Prepare: number of updated asset objects reloaded= 0
AssetImportParameters requested are different than current active one (requested -> active):
  custom:container-demuxer-ogg: 62fdf1f143b41e24485cea50d1cbac27 -> 
  custom:video-decoder-ogg-theora: a1e56fd34408186e4bbccfd4996cb3dc -> 
  custom:framework-win-MediaFoundation: 216162199b28c13a410421893ffa2e32 -> 
  custom:CustomObjectIndexerAttribute: 9a22284fe3817be447336de3de66b15e -> 
  custom:container-demuxer-webm: 4f35f7cbe854078d1ac9338744f61a02 -> 
  custom:container-muxer-webm: aa71ff27fc2769a1b78a27578f13a17b -> 
  custom:video-decoder-webm-vp8: 9c59270c3fd7afecdb556c50c9e8de78 -> 
  custom:SearchIndexIgnoredProperties: e643bd26f0fe6173181afceb89e7c659 -> 
  custom:AudioImporter_EditorPlatform: d09bf68614088b80899f8185d706f6e7 -> 
  custom:video-encoder-webm-vp8: eb34c28f22e8b96e1ab97ce403110664 -> 
  custom:audio-decoder-ogg-vorbis: bf7c407c2cedff20999df2af8eb42d56 -> 
  custom:audio-encoder-webm-vorbis: bf7c407c2cedff20999df2af8eb42d56 -> 
========================================================================
Received Prepare
Caller must complete domain reload
Begin MonoManager ReloadAssembly
- Loaded All Assemblies, in  0.598 seconds
Native extension for WindowsStandalone target not found
Native extension for Android target not found
Mono: successfully reloaded assembly
- Finished resetting the current domain, in  1.614 seconds
Domain Reload Profiling: 2207ms
	BeginReloadAssembly (205ms)
		ExecutionOrderSort (0ms)
		DisableScriptedObjects (9ms)
		BackupInstance (0ms)
		ReleaseScriptingObjects (0ms)
		CreateAndSetChildDomain (34ms)
	RebuildCommonClasses (49ms)
	RebuildNativeTypeToScriptingClass (15ms)
	initialDomainReloadingComplete (46ms)
	LoadAllAssembliesAndSetupDomain (278ms)
		LoadAssemblies (383ms)
		RebuildTransferFunctionScriptingTraits (0ms)
		AnalyzeDomain (18ms)
			TypeCache.Refresh (6ms)
				TypeCache.ScanAssembly (0ms)
			ScanForSourceGeneratedMonoScriptInfo (0ms)
			ResolveRequiredComponents (9ms)
	FinalizeReload (1614ms)
		ReleaseScriptCaches (0ms)
		RebuildScriptCaches (0ms)
		SetupLoadedEditorAssemblies (853ms)
			LogAssemblyErrors (0ms)
			InitializePlatformSupportModulesInManaged (27ms)
			SetLoadedEditorAssemblies (6ms)
			RefreshPlugins (0ms)
			BeforeProcessingInitializeOnLoad (99ms)
			ProcessInitializeOnLoadAttributes (677ms)
			ProcessInitializeOnLoadMethodAttributes (30ms)
			AfterProcessingInitializeOnLoad (14ms)
			EditorAssembliesLoaded (0ms)
		ExecutionOrderSort2 (0ms)
		AwakeInstancesAfterBackupRestoration (9ms)
Refreshing native plugins compatible for Editor in 8.10 ms, found 3 plugins.
Preloading 0 native plugins for Editor in 0.00 ms.
Unloading 3192 Unused Serialized files (Serialized files now loaded: 0)
Unloading 14 unused Assets / (28.5 KB). Loaded Objects now: 3693.
Memory consumption went from 130.4 MB to 130.4 MB.
Total: 7.918700 ms (FindLiveObjects: 0.566400 ms CreateObjectMapping: 0.152800 ms MarkObjects: 7.120500 ms  DeleteObjects: 0.076000 ms)

Prepare: number of updated asset objects reloaded= 0
AssetImportParameters requested are different than current active one (requested -> active):
  custom:container-demuxer-ogg: 62fdf1f143b41e24485cea50d1cbac27 -> 
  custom:video-decoder-ogg-theora: a1e56fd34408186e4bbccfd4996cb3dc -> 
  custom:framework-win-MediaFoundation: 216162199b28c13a410421893ffa2e32 -> 
  custom:CustomObjectIndexerAttribute: 9a22284fe3817be447336de3de66b15e -> 
  custom:container-demuxer-webm: 4f35f7cbe854078d1ac9338744f61a02 -> 
  custom:container-muxer-webm: aa71ff27fc2769a1b78a27578f13a17b -> 
  custom:video-decoder-webm-vp8: 9c59270c3fd7afecdb556c50c9e8de78 -> 
  custom:SearchIndexIgnoredProperties: e643bd26f0fe6173181afceb89e7c659 -> 
  custom:AudioImporter_EditorPlatform: d09bf68614088b80899f8185d706f6e7 -> 
  custom:video-encoder-webm-vp8: eb34c28f22e8b96e1ab97ce403110664 -> 
  custom:audio-decoder-ogg-vorbis: bf7c407c2cedff20999df2af8eb42d56 -> 
  custom:audio-encoder-webm-vorbis: bf7c407c2cedff20999df2af8eb42d56 -> 
========================================================================
Received Prepare
Caller must complete domain reload
Begin MonoManager ReloadAssembly
- Loaded All Assemblies, in  0.606 seconds
Native extension for WindowsStandalone target not found
Native extension for Android target not found
Mono: successfully reloaded assembly
- Finished resetting the current domain, in  1.593 seconds
Domain Reload Profiling: 2193ms
	BeginReloadAssembly (197ms)
		ExecutionOrderSort (0ms)
		DisableScriptedObjects (7ms)
		BackupInstance (0ms)
		ReleaseScriptingObjects (0ms)
		CreateAndSetChildDomain (36ms)
	RebuildCommonClasses (47ms)
	RebuildNativeTypeToScriptingClass (15ms)
	initialDomainReloadingComplete (45ms)
	LoadAllAssembliesAndSetupDomain (296ms)
		LoadAssemblies (394ms)
		RebuildTransferFunctionScriptingTraits (0ms)
		AnalyzeDomain (17ms)
			TypeCache.Refresh (7ms)
				TypeCache.ScanAssembly (0ms)
			ScanForSourceGeneratedMonoScriptInfo (0ms)
			ResolveRequiredComponents (8ms)
	FinalizeReload (1594ms)
		ReleaseScriptCaches (0ms)
		RebuildScriptCaches (0ms)
		SetupLoadedEditorAssemblies (814ms)
			LogAssemblyErrors (0ms)
			InitializePlatformSupportModulesInManaged (28ms)
			SetLoadedEditorAssemblies (6ms)
			RefreshPlugins (0ms)
			BeforeProcessingInitializeOnLoad (101ms)
			ProcessInitializeOnLoadAttributes (636ms)
			ProcessInitializeOnLoadMethodAttributes (28ms)
			AfterProcessingInitializeOnLoad (14ms)
			EditorAssembliesLoaded (0ms)
		ExecutionOrderSort2 (0ms)
		AwakeInstancesAfterBackupRestoration (8ms)
Refreshing native plugins compatible for Editor in 7.57 ms, found 3 plugins.
Preloading 0 native plugins for Editor in 0.00 ms.
Unloading 3192 Unused Serialized files (Serialized files now loaded: 0)
Unloading 14 unused Assets / (28.4 KB). Loaded Objects now: 3696.
Memory consumption went from 130.4 MB to 130.4 MB.
Total: 7.001700 ms (FindLiveObjects: 0.471400 ms CreateObjectMapping: 0.190000 ms MarkObjects: 6.247400 ms  DeleteObjects: 0.090500 ms)

Prepare: number of updated asset objects reloaded= 0
AssetImportParameters requested are different than current active one (requested -> active):
  custom:container-demuxer-ogg: 62fdf1f143b41e24485cea50d1cbac27 -> 
  custom:video-decoder-ogg-theora: a1e56fd34408186e4bbccfd4996cb3dc -> 
  custom:framework-win-MediaFoundation: 216162199b28c13a410421893ffa2e32 -> 
  custom:CustomObjectIndexerAttribute: 9a22284fe3817be447336de3de66b15e -> 
  custom:container-demuxer-webm: 4f35f7cbe854078d1ac9338744f61a02 -> 
  custom:container-muxer-webm: aa71ff27fc2769a1b78a27578f13a17b -> 
  custom:video-decoder-webm-vp8: 9c59270c3fd7afecdb556c50c9e8de78 -> 
  custom:SearchIndexIgnoredProperties: e643bd26f0fe6173181afceb89e7c659 -> 
  custom:AudioImporter_EditorPlatform: d09bf68614088b80899f8185d706f6e7 -> 
  custom:video-encoder-webm-vp8: eb34c28f22e8b96e1ab97ce403110664 -> 
  custom:audio-decoder-ogg-vorbis: bf7c407c2cedff20999df2af8eb42d56 -> 
  custom:audio-encoder-webm-vorbis: bf7c407c2cedff20999df2af8eb42d56 -> 
========================================================================
Received Prepare
Caller must complete domain reload
Begin MonoManager ReloadAssembly
- Loaded All Assemblies, in  0.692 seconds
Native extension for WindowsStandalone target not found
Native extension for Android target not found
Mono: successfully reloaded assembly
- Finished resetting the current domain, in  1.775 seconds
Domain Reload Profiling: 2462ms
	BeginReloadAssembly (211ms)
		ExecutionOrderSort (0ms)
		DisableScriptedObjects (8ms)
		BackupInstance (0ms)
		ReleaseScriptingObjects (0ms)
		CreateAndSetChildDomain (36ms)
	RebuildCommonClasses (53ms)
	RebuildNativeTypeToScriptingClass (16ms)
	initialDomainReloadingComplete (48ms)
	LoadAllAssembliesAndSetupDomain (358ms)
		LoadAssemblies (466ms)
		RebuildTransferFunctionScriptingTraits (0ms)
		AnalyzeDomain (17ms)
			TypeCache.Refresh (7ms)
				TypeCache.ScanAssembly (0ms)
			ScanForSourceGeneratedMonoScriptInfo (0ms)
			ResolveRequiredComponents (8ms)
	FinalizeReload (1776ms)
		ReleaseScriptCaches (0ms)
		RebuildScriptCaches (0ms)
		SetupLoadedEditorAssemblies (913ms)
			LogAssemblyErrors (0ms)
			InitializePlatformSupportModulesInManaged (33ms)
			SetLoadedEditorAssemblies (8ms)
			RefreshPlugins (0ms)
			BeforeProcessingInitializeOnLoad (104ms)
			ProcessInitializeOnLoadAttributes (725ms)
			ProcessInitializeOnLoadMethodAttributes (28ms)
			AfterProcessingInitializeOnLoad (15ms)
			EditorAssembliesLoaded (0ms)
		ExecutionOrderSort2 (0ms)
		AwakeInstancesAfterBackupRestoration (9ms)
Refreshing native plugins compatible for Editor in 10.15 ms, found 3 plugins.
Preloading 0 native plugins for Editor in 0.00 ms.
Unloading 3192 Unused Serialized files (Serialized files now loaded: 0)
Unloading 14 unused Assets / (28.4 KB). Loaded Objects now: 3699.
Memory consumption went from 130.4 MB to 130.4 MB.
Total: 13.358100 ms (FindLiveObjects: 1.591200 ms CreateObjectMapping: 0.457000 ms MarkObjects: 11.195600 ms  DeleteObjects: 0.112100 ms)

Prepare: number of updated asset objects reloaded= 0
AssetImportParameters requested are different than current active one (requested -> active):
  custom:container-demuxer-ogg: 62fdf1f143b41e24485cea50d1cbac27 -> 
  custom:video-decoder-ogg-theora: a1e56fd34408186e4bbccfd4996cb3dc -> 
  custom:framework-win-MediaFoundation: 216162199b28c13a410421893ffa2e32 -> 
  custom:CustomObjectIndexerAttribute: 9a22284fe3817be447336de3de66b15e -> 
  custom:container-demuxer-webm: 4f35f7cbe854078d1ac9338744f61a02 -> 
  custom:container-muxer-webm: aa71ff27fc2769a1b78a27578f13a17b -> 
  custom:video-decoder-webm-vp8: 9c59270c3fd7afecdb556c50c9e8de78 -> 
  custom:SearchIndexIgnoredProperties: e643bd26f0fe6173181afceb89e7c659 -> 
  custom:AudioImporter_EditorPlatform: d09bf68614088b80899f8185d706f6e7 -> 
  custom:video-encoder-webm-vp8: eb34c28f22e8b96e1ab97ce403110664 -> 
  custom:audio-decoder-ogg-vorbis: bf7c407c2cedff20999df2af8eb42d56 -> 
  custom:audio-encoder-webm-vorbis: bf7c407c2cedff20999df2af8eb42d56 -> 
========================================================================
Received Prepare
Caller must complete domain reload
Begin MonoManager ReloadAssembly
- Loaded All Assemblies, in  0.626 seconds
Native extension for WindowsStandalone target not found
Native extension for Android target not found
Mono: successfully reloaded assembly
- Finished resetting the current domain, in  1.518 seconds
Domain Reload Profiling: 2138ms
	BeginReloadAssembly (200ms)
		ExecutionOrderSort (0ms)
		DisableScriptedObjects (7ms)
		BackupInstance (0ms)
		ReleaseScriptingObjects (0ms)
		CreateAndSetChildDomain (36ms)
	RebuildCommonClasses (48ms)
	RebuildNativeTypeToScriptingClass (17ms)
	initialDomainReloadingComplete (44ms)
	LoadAllAssembliesAndSetupDomain (311ms)
		LoadAssemblies (395ms)
		RebuildTransferFunctionScriptingTraits (0ms)
		AnalyzeDomain (32ms)
			TypeCache.Refresh (13ms)
				TypeCache.ScanAssembly (2ms)
			ScanForSourceGeneratedMonoScriptInfo (9ms)
			ResolveRequiredComponents (9ms)
	FinalizeReload (1519ms)
		ReleaseScriptCaches (0ms)
		RebuildScriptCaches (0ms)
		SetupLoadedEditorAssemblies (767ms)
			LogAssemblyErrors (0ms)
			InitializePlatformSupportModulesInManaged (31ms)
			SetLoadedEditorAssemblies (5ms)
			RefreshPlugins (0ms)
			BeforeProcessingInitializeOnLoad (91ms)
			ProcessInitializeOnLoadAttributes (598ms)
			ProcessInitializeOnLoadMethodAttributes (28ms)
			AfterProcessingInitializeOnLoad (13ms)
			EditorAssembliesLoaded (0ms)
		ExecutionOrderSort2 (0ms)
		AwakeInstancesAfterBackupRestoration (8ms)
Refreshing native plugins compatible for Editor in 8.24 ms, found 3 plugins.
Preloading 0 native plugins for Editor in 0.00 ms.
Unloading 3192 Unused Serialized files (Serialized files now loaded: 0)
Unloading 14 unused Assets / (28.5 KB). Loaded Objects now: 3702.
Memory consumption went from 130.4 MB to 130.4 MB.
Total: 6.216600 ms (FindLiveObjects: 0.434000 ms CreateObjectMapping: 0.180000 ms MarkObjects: 5.526900 ms  DeleteObjects: 0.074000 ms)

Prepare: number of updated asset objects reloaded= 0
AssetImportParameters requested are different than current active one (requested -> active):
  custom:container-demuxer-ogg: 62fdf1f143b41e24485cea50d1cbac27 -> 
  custom:video-decoder-ogg-theora: a1e56fd34408186e4bbccfd4996cb3dc -> 
  custom:framework-win-MediaFoundation: 216162199b28c13a410421893ffa2e32 -> 
  custom:CustomObjectIndexerAttribute: 9a22284fe3817be447336de3de66b15e -> 
  custom:container-demuxer-webm: 4f35f7cbe854078d1ac9338744f61a02 -> 
  custom:container-muxer-webm: aa71ff27fc2769a1b78a27578f13a17b -> 
  custom:video-decoder-webm-vp8: 9c59270c3fd7afecdb556c50c9e8de78 -> 
  custom:SearchIndexIgnoredProperties: e643bd26f0fe6173181afceb89e7c659 -> 
  custom:AudioImporter_EditorPlatform: d09bf68614088b80899f8185d706f6e7 -> 
  custom:video-encoder-webm-vp8: eb34c28f22e8b96e1ab97ce403110664 -> 
  custom:audio-decoder-ogg-vorbis: bf7c407c2cedff20999df2af8eb42d56 -> 
  custom:audio-encoder-webm-vorbis: bf7c407c2cedff20999df2af8eb42d56 -> 
========================================================================
Received Prepare
Caller must complete domain reload
Begin MonoManager ReloadAssembly
- Loaded All Assemblies, in  0.621 seconds
Native extension for WindowsStandalone target not found
Native extension for Android target not found
Mono: successfully reloaded assembly
- Finished resetting the current domain, in  1.645 seconds
Domain Reload Profiling: 2260ms
	BeginReloadAssembly (211ms)
		ExecutionOrderSort (0ms)
		DisableScriptedObjects (11ms)
		BackupInstance (0ms)
		ReleaseScriptingObjects (0ms)
		CreateAndSetChildDomain (36ms)
	RebuildCommonClasses (52ms)
	RebuildNativeTypeToScriptingClass (15ms)
	initialDomainReloadingComplete (43ms)
	LoadAllAssembliesAndSetupDomain (293ms)
		LoadAssemblies (397ms)
		RebuildTransferFunctionScriptingTraits (0ms)
		AnalyzeDomain (18ms)
			TypeCache.Refresh (6ms)
				TypeCache.ScanAssembly (0ms)
			ScanForSourceGeneratedMonoScriptInfo (0ms)
			ResolveRequiredComponents (9ms)
	FinalizeReload (1645ms)
		ReleaseScriptCaches (0ms)
		RebuildScriptCaches (0ms)
		SetupLoadedEditorAssemblies (849ms)
			LogAssemblyErrors (0ms)
			InitializePlatformSupportModulesInManaged (30ms)
			SetLoadedEditorAssemblies (6ms)
			RefreshPlugins (0ms)
			BeforeProcessingInitializeOnLoad (96ms)
			ProcessInitializeOnLoadAttributes (674ms)
			ProcessInitializeOnLoadMethodAttributes (28ms)
			AfterProcessingInitializeOnLoad (16ms)
			EditorAssembliesLoaded (0ms)
		ExecutionOrderSort2 (0ms)
		AwakeInstancesAfterBackupRestoration (8ms)
Refreshing native plugins compatible for Editor in 10.59 ms, found 3 plugins.
Preloading 0 native plugins for Editor in 0.00 ms.
Unloading 3192 Unused Serialized files (Serialized files now loaded: 0)
Unloading 14 unused Assets / (28.5 KB). Loaded Objects now: 3705.
Memory consumption went from 130.4 MB to 130.4 MB.
Total: 6.501400 ms (FindLiveObjects: 0.460700 ms CreateObjectMapping: 0.172500 ms MarkObjects: 5.787700 ms  DeleteObjects: 0.078100 ms)

Prepare: number of updated asset objects reloaded= 0
AssetImportParameters requested are different than current active one (requested -> active):
  custom:container-demuxer-ogg: 62fdf1f143b41e24485cea50d1cbac27 -> 
  custom:video-decoder-ogg-theora: a1e56fd34408186e4bbccfd4996cb3dc -> 
  custom:framework-win-MediaFoundation: 216162199b28c13a410421893ffa2e32 -> 
  custom:CustomObjectIndexerAttribute: 9a22284fe3817be447336de3de66b15e -> 
  custom:container-demuxer-webm: 4f35f7cbe854078d1ac9338744f61a02 -> 
  custom:container-muxer-webm: aa71ff27fc2769a1b78a27578f13a17b -> 
  custom:video-decoder-webm-vp8: 9c59270c3fd7afecdb556c50c9e8de78 -> 
  custom:SearchIndexIgnoredProperties: e643bd26f0fe6173181afceb89e7c659 -> 
  custom:AudioImporter_EditorPlatform: d09bf68614088b80899f8185d706f6e7 -> 
  custom:video-encoder-webm-vp8: eb34c28f22e8b96e1ab97ce403110664 -> 
  custom:audio-decoder-ogg-vorbis: bf7c407c2cedff20999df2af8eb42d56 -> 
  custom:audio-encoder-webm-vorbis: bf7c407c2cedff20999df2af8eb42d56 -> 
========================================================================
Received Import Request.
  Time since last request: 1144255.781230 seconds.
  path: Assets/Selcuk Gerceker/Toon Environments - World Creator Pack Lite/Materials/Candyland_Asphalt.mat
  artifactKey: Guid(1c802a906d69bf74aa77329fd96d59af) Importer(815301076,1909f56bfc062723c751e8b465ee728b)
Start importing Assets/Selcuk Gerceker/Toon Environments - World Creator Pack Lite/Materials/Candyland_Asphalt.mat using Guid(1c802a906d69bf74aa77329fd96d59af) Importer(815301076,1909f56bfc062723c751e8b465ee728b) [PhysX] Initialized MultithreadedTaskDispatcher with 16 workers.
[PhysX] Initialized MultithreadedTaskDispatcher with 16 workers.
 -> (artifact id: 'a329c335df0e1a6c75d0c78745077bba') in 0.198534 seconds
Number of updated asset objects reloaded before import = 0
Number of asset objects unloaded after import = 2
========================================================================
Received Import Request.
  Time since last request: 0.000045 seconds.
  path: Assets/Selcuk Gerceker/Toon Environments - World Creator Pack Lite/Materials/Spring.mat
  artifactKey: Guid(a44d3cec97d015340944a26efb1f7971) Importer(815301076,1909f56bfc062723c751e8b465ee728b)
Start importing Assets/Selcuk Gerceker/Toon Environments - World Creator Pack Lite/Materials/Spring.mat using Guid(a44d3cec97d015340944a26efb1f7971) Importer(815301076,1909f56bfc062723c751e8b465ee728b) [PhysX] Initialized MultithreadedTaskDispatcher with 16 workers.
[PhysX] Initialized MultithreadedTaskDispatcher with 16 workers.
 -> (artifact id: '11b0d4a3b2c4e57a65e6439493ac768f') in 0.027132 seconds
Number of updated asset objects reloaded before import = 0
Number of asset objects unloaded after import = 2
========================================================================
Received Import Request.
  Time since last request: 0.000045 seconds.
  path: Assets/Selcuk Gerceker/Toon Environments - World Creator Pack Lite/Materials/Winter.mat
  artifactKey: Guid(371caa249f4c6d4418ab241f4b60688b) Importer(815301076,1909f56bfc062723c751e8b465ee728b)
Start importing Assets/Selcuk Gerceker/Toon Environments - World Creator Pack Lite/Materials/Winter.mat using Guid(371caa249f4c6d4418ab241f4b60688b) Importer(815301076,1909f56bfc062723c751e8b465ee728b) [PhysX] Initialized MultithreadedTaskDispatcher with 16 workers.
[PhysX] Initialized MultithreadedTaskDispatcher with 16 workers.
 -> (artifact id: '12d8bd74bff6cf87354d25adeb367bbf') in 0.021905 seconds
Number of updated asset objects reloaded before import = 0
Number of asset objects unloaded after import = 2
========================================================================
Received Import Request.
  Time since last request: 0.000032 seconds.
  path: Assets/Selcuk Gerceker/Toon Environments - World Creator Pack Lite/Materials/Summer_Asphalt.mat
  artifactKey: Guid(ce3fefe1a44f6b64ba30c092b520a17f) Importer(815301076,1909f56bfc062723c751e8b465ee728b)
Start importing Assets/Selcuk Gerceker/Toon Environments - World Creator Pack Lite/Materials/Summer_Asphalt.mat using Guid(ce3fefe1a44f6b64ba30c092b520a17f) Importer(815301076,1909f56bfc062723c751e8b465ee728b) [PhysX] Initialized MultithreadedTaskDispatcher with 16 workers.
[PhysX] Initialized MultithreadedTaskDispatcher with 16 workers.
 -> (artifact id: '95df79099ea92a2676dbfbae0cc8b3ed') in 0.028795 seconds
Number of updated asset objects reloaded before import = 0
Number of asset objects unloaded after import = 2
========================================================================
Received Import Request.
  Time since last request: 2.220398 seconds.
  path: Assets/Selcuk Gerceker/Toon Environments - World Creator Pack Lite/Prefabs/Props/Cloud_Box.prefab
  artifactKey: Guid(fd17ad5ea576fbc40b657cd1a5652e9a) Importer(815301076,1909f56bfc062723c751e8b465ee728b)
Start importing Assets/Selcuk Gerceker/Toon Environments - World Creator Pack Lite/Prefabs/Props/Cloud_Box.prefab using Guid(fd17ad5ea576fbc40b657cd1a5652e9a) Importer(815301076,1909f56bfc062723c751e8b465ee728b) [PhysX] Initialized MultithreadedTaskDispatcher with 16 workers.
[PhysX] Initialized MultithreadedTaskDispatcher with 16 workers.
 -> (artifact id: 'e2d044bd0f4ff0a42da23530f61116ab') in 0.043145 seconds
Number of updated asset objects reloaded before import = 0
Number of asset objects unloaded after import = 9
========================================================================
Received Import Request.
  Time since last request: 0.000028 seconds.
  path: Assets/Selcuk Gerceker/Toon Environments - World Creator Pack Lite/Prefabs/Props/Cloud_Long.prefab
  artifactKey: Guid(863c6849085215d4cbb94fcbeefa96c6) Importer(815301076,1909f56bfc062723c751e8b465ee728b)
Start importing Assets/Selcuk Gerceker/Toon Environments - World Creator Pack Lite/Prefabs/Props/Cloud_Long.prefab using Guid(863c6849085215d4cbb94fcbeefa96c6) Importer(815301076,1909f56bfc062723c751e8b465ee728b) [PhysX] Initialized MultithreadedTaskDispatcher with 16 workers.
[PhysX] Initialized MultithreadedTaskDispatcher with 16 workers.
 -> (artifact id: '510430b006554cd1039cade05d146d0a') in 0.024957 seconds
Number of updated asset objects reloaded before import = 0
Number of asset objects unloaded after import = 9
========================================================================
Received Import Request.
  Time since last request: 0.000030 seconds.
  path: Assets/Selcuk Gerceker/Toon Environments - World Creator Pack Lite/Prefabs/Props/Rock4.prefab
  artifactKey: Guid(bc78c7ec5924f9849a1ac512e4181b9f) Importer(815301076,1909f56bfc062723c751e8b465ee728b)
Start importing Assets/Selcuk Gerceker/Toon Environments - World Creator Pack Lite/Prefabs/Props/Rock4.prefab using Guid(bc78c7ec5924f9849a1ac512e4181b9f) Importer(815301076,1909f56bfc062723c751e8b465ee728b) [PhysX] Initialized MultithreadedTaskDispatcher with 16 workers.
[PhysX] Initialized MultithreadedTaskDispatcher with 16 workers.
 -> (artifact id: '5efb704b56d6f956a6b40c016a15fe43') in 0.022457 seconds
Number of updated asset objects reloaded before import = 0
Number of asset objects unloaded after import = 9
========================================================================
Received Import Request.
  Time since last request: 0.000033 seconds.
  path: Assets/Selcuk Gerceker/Toon Environments - World Creator Pack Lite/Prefabs/Props/Tree.prefab
  artifactKey: Guid(9d9016a93e2afb14993f9ab42254fc2b) Importer(815301076,1909f56bfc062723c751e8b465ee728b)
Start importing Assets/Selcuk Gerceker/Toon Environments - World Creator Pack Lite/Prefabs/Props/Tree.prefab using Guid(9d9016a93e2afb14993f9ab42254fc2b) Importer(815301076,1909f56bfc062723c751e8b465ee728b) [PhysX] Initialized MultithreadedTaskDispatcher with 16 workers.
[PhysX] Initialized MultithreadedTaskDispatcher with 16 workers.
 -> (artifact id: '700104514d1eebffca6096401bb311bf') in 0.025110 seconds
Number of updated asset objects reloaded before import = 0
Number of asset objects unloaded after import = 16
========================================================================
Received Import Request.
  Time since last request: 0.000030 seconds.
  path: Assets/Selcuk Gerceker/Toon Environments - World Creator Pack Lite/Prefabs/Props/Nature_Detail_Edge.prefab
  artifactKey: Guid(e519c410b01abf0478e3344b27e06822) Importer(815301076,1909f56bfc062723c751e8b465ee728b)
Start importing Assets/Selcuk Gerceker/Toon Environments - World Creator Pack Lite/Prefabs/Props/Nature_Detail_Edge.prefab using Guid(e519c410b01abf0478e3344b27e06822) Importer(815301076,1909f56bfc062723c751e8b465ee728b) [PhysX] Initialized MultithreadedTaskDispatcher with 16 workers.
[PhysX] Initialized MultithreadedTaskDispatcher with 16 workers.
 -> (artifact id: '8d8219590c18269dd4c0a98700f5008f') in 0.022945 seconds
Number of updated asset objects reloaded before import = 0
Number of asset objects unloaded after import = 9
========================================================================
Received Import Request.
  Time since last request: 0.000032 seconds.
  path: Assets/Selcuk Gerceker/Toon Environments - World Creator Pack Lite/Prefabs/Props/Stone1.prefab
  artifactKey: Guid(c1cf8fa54561844478058d78b4e3a22a) Importer(815301076,1909f56bfc062723c751e8b465ee728b)
Start importing Assets/Selcuk Gerceker/Toon Environments - World Creator Pack Lite/Prefabs/Props/Stone1.prefab using Guid(c1cf8fa54561844478058d78b4e3a22a) Importer(815301076,1909f56bfc062723c751e8b465ee728b) [PhysX] Initialized MultithreadedTaskDispatcher with 16 workers.
[PhysX] Initialized MultithreadedTaskDispatcher with 16 workers.
 -> (artifact id: '393a4f2e6c33da45b497fcff4f53b231') in 0.023054 seconds
Number of updated asset objects reloaded before import = 0
Number of asset objects unloaded after import = 9
========================================================================
Received Import Request.
  Time since last request: 1.941096 seconds.
  path: Assets/Selcuk Gerceker/Toon Environments - World Creator Pack Lite/Prefabs/Tiles/Tile_Center_Foundation.prefab
  artifactKey: Guid(b924dce73e13fbd46b06d493f10d4ad7) Importer(815301076,1909f56bfc062723c751e8b465ee728b)
Start importing Assets/Selcuk Gerceker/Toon Environments - World Creator Pack Lite/Prefabs/Tiles/Tile_Center_Foundation.prefab using Guid(b924dce73e13fbd46b06d493f10d4ad7) Importer(815301076,1909f56bfc062723c751e8b465ee728b) [PhysX] Initialized MultithreadedTaskDispatcher with 16 workers.
[PhysX] Initialized MultithreadedTaskDispatcher with 16 workers.
 -> (artifact id: '9aca53bfe4061c1db54f1de5c868a65f') in 0.028224 seconds
Number of updated asset objects reloaded before import = 0
Number of asset objects unloaded after import = 9
========================================================================
Received Import Request.
  Time since last request: 0.000039 seconds.
  path: Assets/Selcuk Gerceker/Toon Environments - World Creator Pack Lite/Prefabs/Tiles/Tile_Corner_Foundation.prefab
  artifactKey: Guid(4d8d3aeb7b37cce489edce3815314b3b) Importer(815301076,1909f56bfc062723c751e8b465ee728b)
Start importing Assets/Selcuk Gerceker/Toon Environments - World Creator Pack Lite/Prefabs/Tiles/Tile_Corner_Foundation.prefab using Guid(4d8d3aeb7b37cce489edce3815314b3b) Importer(815301076,1909f56bfc062723c751e8b465ee728b) [PhysX] Initialized MultithreadedTaskDispatcher with 16 workers.
[PhysX] Initialized MultithreadedTaskDispatcher with 16 workers.
 -> (artifact id: '8de39e7088672c5efb409e4254edddca') in 0.024360 seconds
Number of updated asset objects reloaded before import = 0
Number of asset objects unloaded after import = 9
========================================================================
Received Import Request.
  Time since last request: 0.000025 seconds.
  path: Assets/Selcuk Gerceker/Toon Environments - World Creator Pack Lite/Prefabs/Tiles/Tile_Corner.prefab
  artifactKey: Guid(989cb3a038b5e8a418f4c15ab40e8e08) Importer(815301076,1909f56bfc062723c751e8b465ee728b)
Start importing Assets/Selcuk Gerceker/Toon Environments - World Creator Pack Lite/Prefabs/Tiles/Tile_Corner.prefab using Guid(989cb3a038b5e8a418f4c15ab40e8e08) Importer(815301076,1909f56bfc062723c751e8b465ee728b) [PhysX] Initialized MultithreadedTaskDispatcher with 16 workers.
[PhysX] Initialized MultithreadedTaskDispatcher with 16 workers.
 -> (artifact id: '3786c312f55e317906944b57db32e9d1') in 0.025330 seconds
Number of updated asset objects reloaded before import = 0
Number of asset objects unloaded after import = 9
========================================================================
Received Import Request.
  Time since last request: 0.000025 seconds.
  path: Assets/Selcuk Gerceker/Toon Environments - World Creator Pack Lite/Prefabs/Tiles/Tile_Edge.prefab
  artifactKey: Guid(7459861c1d37ea34b87a556f5a00d8b2) Importer(815301076,1909f56bfc062723c751e8b465ee728b)
Start importing Assets/Selcuk Gerceker/Toon Environments - World Creator Pack Lite/Prefabs/Tiles/Tile_Edge.prefab using Guid(7459861c1d37ea34b87a556f5a00d8b2) Importer(815301076,1909f56bfc062723c751e8b465ee728b) [PhysX] Initialized MultithreadedTaskDispatcher with 16 workers.
[PhysX] Initialized MultithreadedTaskDispatcher with 16 workers.
 -> (artifact id: 'cf95b881c2ae7dcb07b46ca250755549') in 0.031162 seconds
Number of updated asset objects reloaded before import = 0
Number of asset objects unloaded after import = 9
========================================================================
Received Import Request.
  Time since last request: 0.000032 seconds.
  path: Assets/Selcuk Gerceker/Toon Environments - World Creator Pack Lite/Prefabs/Tiles/Tile_Road_Solo.prefab
  artifactKey: Guid(341e51ffcacc4a3419e517763508953d) Importer(815301076,1909f56bfc062723c751e8b465ee728b)
Start importing Assets/Selcuk Gerceker/Toon Environments - World Creator Pack Lite/Prefabs/Tiles/Tile_Road_Solo.prefab using Guid(341e51ffcacc4a3419e517763508953d) Importer(815301076,1909f56bfc062723c751e8b465ee728b) [PhysX] Initialized MultithreadedTaskDispatcher with 16 workers.
[PhysX] Initialized MultithreadedTaskDispatcher with 16 workers.
 -> (artifact id: '65730803a8c25af80d066927fbb7bc1c') in 0.033906 seconds
Number of updated asset objects reloaded before import = 0
Number of asset objects unloaded after import = 9
========================================================================
Received Import Request.
  Time since last request: 0.000039 seconds.
  path: Assets/Selcuk Gerceker/Toon Environments - World Creator Pack Lite/Prefabs/Tiles/Tile_Road_End_Edge.prefab
  artifactKey: Guid(32d4f34d7a0cfea47925ec8391fa3b63) Importer(815301076,1909f56bfc062723c751e8b465ee728b)
Start importing Assets/Selcuk Gerceker/Toon Environments - World Creator Pack Lite/Prefabs/Tiles/Tile_Road_End_Edge.prefab using Guid(32d4f34d7a0cfea47925ec8391fa3b63) Importer(815301076,1909f56bfc062723c751e8b465ee728b) [PhysX] Initialized MultithreadedTaskDispatcher with 16 workers.
[PhysX] Initialized MultithreadedTaskDispatcher with 16 workers.
 -> (artifact id: 'd1499457d765ac8170227ccaaa54883e') in 0.035349 seconds
Number of updated asset objects reloaded before import = 0
Number of asset objects unloaded after import = 9
========================================================================
Received Import Request.
  Time since last request: 0.000034 seconds.
  path: Assets/Selcuk Gerceker/Toon Environments - World Creator Pack Lite/Prefabs/Tiles/Tile_Road_Solo_Corner.prefab
  artifactKey: Guid(040d94d054ec7e24ab107208a252541c) Importer(815301076,1909f56bfc062723c751e8b465ee728b)
Start importing Assets/Selcuk Gerceker/Toon Environments - World Creator Pack Lite/Prefabs/Tiles/Tile_Road_Solo_Corner.prefab using Guid(040d94d054ec7e24ab107208a252541c) Importer(815301076,1909f56bfc062723c751e8b465ee728b) [PhysX] Initialized MultithreadedTaskDispatcher with 16 workers.
[PhysX] Initialized MultithreadedTaskDispatcher with 16 workers.
 -> (artifact id: '34600c43ab7f28efef119a5fb6d878d1') in 0.023013 seconds
Number of updated asset objects reloaded before import = 0
Number of asset objects unloaded after import = 9
========================================================================
Received Prepare
Caller must complete domain reload
Begin MonoManager ReloadAssembly
- Loaded All Assemblies, in  0.662 seconds
Native extension for WindowsStandalone target not found
Native extension for Android target not found
Mono: successfully reloaded assembly
- Finished resetting the current domain, in  1.596 seconds
Domain Reload Profiling: 2254ms
	BeginReloadAssembly (217ms)
		ExecutionOrderSort (0ms)
		DisableScriptedObjects (6ms)
		BackupInstance (0ms)
		ReleaseScriptingObjects (0ms)
		CreateAndSetChildDomain (39ms)
	RebuildCommonClasses (54ms)
	RebuildNativeTypeToScriptingClass (19ms)
	initialDomainReloadingComplete (47ms)
	LoadAllAssembliesAndSetupDomain (321ms)
		LoadAssemblies (414ms)
		RebuildTransferFunctionScriptingTraits (0ms)
		AnalyzeDomain (40ms)
			TypeCache.Refresh (17ms)
				TypeCache.ScanAssembly (8ms)
			ScanForSourceGeneratedMonoScriptInfo (11ms)
			ResolveRequiredComponents (9ms)
	FinalizeReload (1597ms)
		ReleaseScriptCaches (0ms)
		RebuildScriptCaches (0ms)
		SetupLoadedEditorAssemblies (776ms)
			LogAssemblyErrors (0ms)
			InitializePlatformSupportModulesInManaged (31ms)
			SetLoadedEditorAssemblies (5ms)
			RefreshPlugins (0ms)
			BeforeProcessingInitializeOnLoad (86ms)
			ProcessInitializeOnLoadAttributes (598ms)
			ProcessInitializeOnLoadMethodAttributes (41ms)
			AfterProcessingInitializeOnLoad (15ms)
			EditorAssembliesLoaded (0ms)
		ExecutionOrderSort2 (0ms)
		AwakeInstancesAfterBackupRestoration (8ms)
Refreshing native plugins compatible for Editor in 7.71 ms, found 3 plugins.
Preloading 0 native plugins for Editor in 0.00 ms.
Unloading 3277 Unused Serialized files (Serialized files now loaded: 0)
Unloading 14 unused Assets / (28.5 KB). Loaded Objects now: 3839.
Memory consumption went from 136.5 MB to 136.5 MB.
Total: 7.290400 ms (FindLiveObjects: 0.457600 ms CreateObjectMapping: 0.248200 ms MarkObjects: 6.504900 ms  DeleteObjects: 0.078000 ms)

Prepare: number of updated asset objects reloaded= 0
AssetImportParameters requested are different than current active one (requested -> active):
  custom:scripting/monoscript/fileName/GridSelectionEditor.cs: b0830b2bf3f4ec3f6b4728180aba6475 -> 
  custom:scripting/monoscript/fileName/GridSelectionMoveTool.cs: 045959d7a1acd1d565cd175dc65f7851 -> 
  custom:container-demuxer-ogg: 62fdf1f143b41e24485cea50d1cbac27 -> 
  custom:scripting/monoscript/fileName/TilePaletteBrushesDropdownMenu.cs: 83cccb1cc3875d5c0f94901c5a82ccab -> 
  custom:scripting/monoscript/fileName/TilePaletteDragHandler.cs: 33cd7bc1b72f7f8ce9b6c5eb96821cb4 -> 
  custom:scripting/monoscript/fileName/CreateTileFromPaletteAttribute.cs: 49ba01e4cbae8c43831d8f68d552a9ea -> 
  custom:scripting/monoscript/fileName/EraseTool.cs: b2930b433d7a76d09c5103fd6fa9815b -> 
  custom:scripting/monoscript/fileName/GridPaletteBrushes.cs: f682962b899ca3732c6892c2e8583713 -> 
  custom:scripting/monoscript/fileName/GameObjectCreation.cs: 51d13e20836ef3a10ad0ebed59bdbde4 -> 
  custom:scripting/monoscript/fileName/BoxTool.cs: 99a18cad4f2fa1ae8d04c0625e0f7a94 -> 
  custom:scripting/monoscript/fileName/GridBrushesDropdown.cs: c2b0d8f0bca0a3921a0149a2aaafe361 -> 
  custom:video-decoder-ogg-theora: a1e56fd34408186e4bbccfd4996cb3dc -> 
  custom:scripting/monoscript/fileName/TilemapPrefabStageHelper.cs: 44f1fd774e027e09010c4cea43a89765 -> 
  custom:scripting/monoscript/fileName/GridEditorUtility.cs: 79caab27569f1aaf1370483b77a0eed6 -> 
  custom:scripting/monoscript/fileName/TilePaletteBrushesPopup.cs: b117489b8fd3a726762a29aaae057971 -> 
  custom:framework-win-MediaFoundation: 216162199b28c13a410421893ffa2e32 -> 
  custom:scripting/monoscript/fileName/GridSelectionScaleTool.cs: ab389a9feae3d29ad2e9ca76435ec24d -> 
  custom:scripting/monoscript/fileName/TilemapEditorTool.cs: 4a91b937c12531cdbbbbc26ac425cbca -> 
  custom:scripting/monoscript/fileName/TilePaletteOverlayUtility.cs: dc8cc580b44070af00f5c1a8a3e30146 -> 
  custom:scripting/monoscript/fileName/GridPalettes.cs: 05ebfa19bce5556c38d8243821b95e4f -> 
  custom:scripting/monoscript/fileName/TilePaletteBrushesButton.cs: f63fefeba5246c46efe3054fe7e8ff1e -> 
  custom:scripting/monoscript/fileName/SceneViewGridManager.cs: 95fee1927d423310ba7aac18e1743e68 -> 
  custom:scripting/monoscript/fileName/TilePaletteActiveTargetsProperties.cs: 3c61ac15c80e0acfb6b6f6a93b9c2f7c -> 
  custom:scripting/monoscript/fileName/GridSelectionToolEditor.cs: cf616a74bb2f9276d21997cd9c2c33e2 -> 
  custom:scripting/monoscript/fileName/TilemapFocusModeUtility.cs: 56848ecd8aaf6704fc633228e67df6a2 -> 
  custom:scripting/monoscript/fileName/TilePaletteActiveTargetsButton.cs: e78565d1f8fb504d1e27cd33aee954a6 -> 
  custom:CustomObjectIndexerAttribute: 9a22284fe3817be447336de3de66b15e -> 
  custom:scripting/monoscript/fileName/SceneViewOpenTilePaletteHelper.cs: 3fa016a943052bc6aa2e17496be83d99 -> 
  custom:scripting/monoscript/fileName/GridPalettesDropdown.cs: c3eee8db1c244df7a8abb5dd90d1cd39 -> 
  custom:scripting/monoscript/fileName/BrushToolsAttribute.cs: 07c3ce23d7664c866d082c14955fc570 -> 
  custom:scripting/monoscript/fileName/TilePaletteClipboardButton.cs: 12e65d1181e6c35cbf046b81b301a908 -> 
  custom:container-demuxer-webm: 4f35f7cbe854078d1ac9338744f61a02 -> 
  custom:scripting/monoscript/fileName/TilemapEditorToolbarStrip.cs: 3b09bb7c9508f28705fc70ed3a82a917 -> 
  custom:scripting/monoscript/fileName/GridBrushEditor.cs: afd10d6c25e4dee28d1dd55bdbbf1155 -> 
  custom:scripting/monoscript/fileName/GridPaintPaletteWindowSplitView.cs: 3055e63c32343a994785f777fb8a04eb -> 
  custom:scripting/monoscript/fileName/GridPaletteAddPopup.cs: 4117721b3ecbb12bd0cf4e10caeebdad -> 
  custom:scripting/monoscript/fileName/TileDragAndDrop.cs: b35ab1f4232799adb75b33a260fe44f2 -> 
  custom:scripting/monoscript/fileName/TileUtility.cs: f1465daed90b124a361d1b7354e9b99a -> 
  custom:scripting/precompiled-assembly-types:Unity.2D.Tilemap.Editor: fa4ad37e7074ee4a4f87ffa5759d6263 -> 
  custom:scripting/monoscript/fileName/TilePaletteBrushInspectorElement.cs: a9e9b82fa2a5bb9267ca4498f3dd157f -> 
  custom:container-muxer-webm: aa71ff27fc2769a1b78a27578f13a17b -> 
  custom:scripting/monoscript/fileName/GridPaintPaletteClipboard.cs: 7cd44e8a0b877591749257e5bc06900b -> 
  custom:scripting/monoscript/fileName/TilePaletteClipboardElement.cs: 9f42d126d3040ca37a531f760f418560 -> 
  custom:scripting/monoscript/fileName/TilePaletteBrushInspector.cs: dabf99b6cb469f7e1a014ed2d8b57854 -> 
  custom:scripting/monoscript/fileName/GridSelection.cs: d0dea8ce5af83014aa5391e8d6adf81c -> 
  custom:video-decoder-webm-vp8: 9c59270c3fd7afecdb556c50c9e8de78 -> 
  custom:scripting/monoscript/fileName/GridPaintSortingAttribute.cs: 682e3d84c0bb9409c8038dde6cc6eaaa -> 
  custom:scripting/monoscript/fileName/TilePaletteBrushesLabel.cs: 50d6652b738f203c7a782d3c9e81384d -> 
  custom:SearchIndexIgnoredProperties: e643bd26f0fe6173181afceb89e7c659 -> 
  custom:scripting/monoscript/fileName/FillTool.cs: 31d1f393d06835eb58df2ad8c9b0407d -> 
  custom:AudioImporter_EditorPlatform: d09bf68614088b80899f8185d706f6e7 -> 
  custom:scripting/monoscript/fileName/SceneViewOpenTilePaletteOverlay.cs: 9e154d415d7ab024c8551aae194f4532 -> 
  custom:scripting/monoscript/fileName/SceneViewTilemapFocusOverlay.cs: 409b7579c9eddabad834478b2a2731cf -> 
  custom:scripting/monoscript/fileName/GridBrush.cs: 0271bb4294dfd9c52b85d2ef18c21adf -> 
  custom:scripting/monoscript/fileName/TilePaletteContextMenuHandler.cs: 11689ac7a1e231b785fe9ee59440e8df -> 
  custom:scripting/monoscript/fileName/GridBrushEditorBase.cs: 8dc6b8dd5b5c3920622a5c826cdb9a3e -> 
  custom:scripting/monoscript/fileName/TilemapEditorToolPreferences.cs: d34ae7afe7e42324c1a8dc1ee5c53101 -> 
  custom:scripting/monoscript/fileName/PaintableGrid.cs: c538d5369d23cf604300c6f8a077b5d0 -> 
  custom:scripting/monoscript/fileName/DefaultAssetCreation.cs: c2d4009190ffa48d1a68c12ac7902a37 -> 
  custom:scripting/monoscript/fileName/TilemapEditorToolButton.cs: 452256babee1fc6246907201b775c9ca -> 
  custom:scripting/monoscript/fileName/GridPaintPaletteWindowPreferences.cs: 506574d5ebc55d1c3ac5809521be171c -> 
  custom:scripting/monoscript/fileName/RotateTool.cs: a45c53b4cde318c91ea55e570037bddd -> 
  custom:scripting/monoscript/fileName/GridSelectionTransformTool.cs: 0102964ac3ceb594b7800c6267f18cf7 -> 
  custom:scripting/monoscript/fileName/TilePaletteActivePalettePopup.cs: d8ea341556e28c44f8ce8bb6cb513430 -> 
  custom:scripting/monoscript/fileName/PaintTool.cs: b088555e5c7bac451566d0ed1b585c0f -> 
  custom:scripting/monoscript/fileName/GridPaintingState.cs: 5b65b03e1c11595f69bba16eea8cd664 -> 
  custom:scripting/monoscript/fileName/GridPaintPaletteWindowActiveTargets.cs: a9f6bc687e35dc605b0de621410da416 -> 
  custom:scripting/monoscript/fileName/TilePaletteClipboardPanelPopup.cs: 481659589c6d2cf5d49bb3c51e9e2785 -> 
  custom:scripting/monoscript/fileName/GridPaletteUtility.cs: a64eece78a61bcc19caeb2b2a114ba40 -> 
  custom:scripting/monoscript/fileName/PaintableSceneViewGrid.cs: 668faf831cc940b1ebbed80737459bca -> 
  custom:scripting/monoscript/fileName/TilemapEditorToolPreferencesAsset.cs: 42733c664a418dc96e6676ab6a569041 -> 
  custom:scripting/monoscript/fileName/TileDragAndDropHoverData.cs: 7ec3eb6fae482fe5e6eca733189b11c1 -> 
  custom:scripting/monoscript/fileName/PickingTool.cs: ad2b06cfab7c0bf6799fc818866d02f2 -> 
  custom:scripting/monoscript/fileName/TilePaletteSaveUtility.cs: 9b7daaeade8b211f6fee80816fcd7e41 -> 
  custom:video-encoder-webm-vp8: eb34c28f22e8b96e1ab97ce403110664 -> 
  custom:scripting/monoscript/fileName/GridSelectionRotationTool.cs: 034710c503c59a634a73a03fd24dd739 -> 
  custom:scripting/monoscript/fileName/BoolFieldOverlayPopupWindow.cs: 25281e84d45ea134dccf87aa853796bf -> 
  custom:audio-decoder-ogg-vorbis: bf7c407c2cedff20999df2af8eb42d56 -> 
  custom:scripting/monoscript/fileName/GridPaintPaletteWindow.cs: 1d497ecc185c46bb1043a6ede8ff1c0f -> 
  custom:scripting/monoscript/fileName/TilePaletteElement.cs: 821f71de4b61685d39463a4a06a9c842 -> 
  custom:scripting/monoscript/fileName/TileDragAndDropManager.cs: a1e23a7638297e1dda515dc0e84bf55a -> 
  custom:scripting/monoscript/fileName/MoveTool.cs: 3e41e228f8fb535351f8fd508c5d7aa6 -> 
  custom:scripting/monoscript/fileName/SelectTool.cs: 51558befbff43680f5a337c7469e3a7b -> 
  custom:scripting/monoscript/fileName/TilePalettePrefabUtility.cs: 81c112f431eead6c17358b4dc7196dd1 -> 
  custom:scripting/monoscript/fileName/TilePaletteActivePaletteDropdownMenu.cs: a47d79fd3aaf47be319da9214e3a9bb3 -> 
  custom:scripting/monoscript/fileName/TilePaletteActiveTargetsPopup.cs: c19a5ac974961902d5fcecf1d440b17a -> 
  custom:scripting/monoscript/fileName/GridPaletteEditor.cs: 9ca70426b6bdbb830263d2f1b512a658 -> 
  custom:scripting/monoscript/fileName/TilePaletteBrushPanelButton.cs: 2a4d4194710daaf7059f8f324842178b -> 
  custom:scripting/monoscript/fileName/TilePaletteBrushInspectorPopup.cs: bae9f2c04afcee02fd74cc185afc7936 -> 
  custom:scripting/monoscript/fileName/TilePaletteBrushesDropdownToggle.cs: c496745875bd2dedf400d11fa8d2a39c -> 
  custom:scripting/monoscript/fileName/FlipTool.cs: 57a6cd18545afdc27969bc68fde89cb1 -> 
  custom:scripting/monoscript/fileName/TilePaletteMouseCursorUtility.cs: 684f600f1129c3cb4df290f4bc53b930 -> 
  custom:scripting/monoscript/fileName/GridPaintingToolbar.cs: 71eec3aa936c54c332bdeff43f265da8 -> 
  custom:audio-encoder-webm-vorbis: bf7c407c2cedff20999df2af8eb42d56 -> 
  custom:scripting/monoscript/fileName/GridSelectionTool.cs: e3b447b578d18e550e3fd09eb4616407 -> 
  custom:scripting/monoscript/fileName/TilePaletteActiveTargetsDropdownMenu.cs: 4c73999c1bc87ae86dc4336104c225a9 -> 
  custom:scripting/monoscript/fileName/GridPaintTargetsDropdown.cs: 1a02fee05143bec519533f49a8d1bebc -> 
========================================================================
Received Prepare
Caller must complete domain reload
Begin MonoManager ReloadAssembly
- Loaded All Assemblies, in  0.695 seconds
Native extension for WindowsStandalone target not found
Native extension for Android target not found
Mono: successfully reloaded assembly
- Finished resetting the current domain, in  1.621 seconds
Domain Reload Profiling: 2310ms
	BeginReloadAssembly (238ms)
		ExecutionOrderSort (0ms)
		DisableScriptedObjects (10ms)
		BackupInstance (0ms)
		ReleaseScriptingObjects (0ms)
		CreateAndSetChildDomain (46ms)
	RebuildCommonClasses (55ms)
	RebuildNativeTypeToScriptingClass (18ms)
	initialDomainReloadingComplete (46ms)
	LoadAllAssembliesAndSetupDomain (331ms)
		LoadAssemblies (439ms)
		RebuildTransferFunctionScriptingTraits (0ms)
		AnalyzeDomain (36ms)
			TypeCache.Refresh (13ms)
				TypeCache.ScanAssembly (3ms)
			ScanForSourceGeneratedMonoScriptInfo (11ms)
			ResolveRequiredComponents (9ms)
	FinalizeReload (1621ms)
		ReleaseScriptCaches (0ms)
		RebuildScriptCaches (0ms)
		SetupLoadedEditorAssemblies (774ms)
			LogAssemblyErrors (0ms)
			InitializePlatformSupportModulesInManaged (26ms)
			SetLoadedEditorAssemblies (5ms)
			RefreshPlugins (0ms)
			BeforeProcessingInitializeOnLoad (87ms)
			ProcessInitializeOnLoadAttributes (606ms)
			ProcessInitializeOnLoadMethodAttributes (35ms)
			AfterProcessingInitializeOnLoad (13ms)
			EditorAssembliesLoaded (0ms)
		ExecutionOrderSort2 (0ms)
		AwakeInstancesAfterBackupRestoration (8ms)
Refreshing native plugins compatible for Editor in 9.15 ms, found 3 plugins.
Preloading 0 native plugins for Editor in 0.00 ms.
Unloading 3299 Unused Serialized files (Serialized files now loaded: 0)
Unloading 14 unused Assets / (28.5 KB). Loaded Objects now: 3863.
Memory consumption went from 137.3 MB to 137.3 MB.
Total: 6.696900 ms (FindLiveObjects: 0.484600 ms CreateObjectMapping: 0.153800 ms MarkObjects: 5.984400 ms  DeleteObjects: 0.071900 ms)

Prepare: number of updated asset objects reloaded= 0
AssetImportParameters requested are different than current active one (requested -> active):
  custom:scripting/monoscript/fileName/GridSelectionEditor.cs: b0830b2bf3f4ec3f6b4728180aba6475 -> 
  custom:scripting/monoscript/fileName/GridSelectionMoveTool.cs: 045959d7a1acd1d565cd175dc65f7851 -> 
  custom:scripting/monoscript/fileName/RuleTileEditor.cs: 79f13bbbfb485ee67c9a14570e36e085 -> 
  custom:container-demuxer-ogg: 62fdf1f143b41e24485cea50d1cbac27 -> 
  custom:scripting/monoscript/fileName/TilePaletteBrushesDropdownMenu.cs: 83cccb1cc3875d5c0f94901c5a82ccab -> 
  custom:scripting/monoscript/fileName/RuleOverrideTileEditor.cs: 54ccbabc2015b49c6431a6b2023ec05b -> 
  custom:scripting/monoscript/fileName/TilePaletteDragHandler.cs: 33cd7bc1b72f7f8ce9b6c5eb96821cb4 -> 
  custom:scripting/monoscript/fileName/CreateTileFromPaletteAttribute.cs: 49ba01e4cbae8c43831d8f68d552a9ea -> 
  custom:scripting/monoscript/fileName/EraseTool.cs: b2930b433d7a76d09c5103fd6fa9815b -> 
  custom:scripting/monoscript/fileName/GridPaletteBrushes.cs: f682962b899ca3732c6892c2e8583713 -> 
  custom:scripting/monoscript/fileName/GameObjectCreation.cs: 51d13e20836ef3a10ad0ebed59bdbde4 -> 
  custom:scripting/monoscript/fileName/BoxTool.cs: 99a18cad4f2fa1ae8d04c0625e0f7a94 -> 
  custom:scripting/monoscript/fileName/GridBrushesDropdown.cs: c2b0d8f0bca0a3921a0149a2aaafe361 -> 
  custom:video-decoder-ogg-theora: a1e56fd34408186e4bbccfd4996cb3dc -> 
  custom:scripting/monoscript/fileName/TilemapPrefabStageHelper.cs: 44f1fd774e027e09010c4cea43a89765 -> 
  custom:scripting/monoscript/fileName/GridEditorUtility.cs: 79caab27569f1aaf1370483b77a0eed6 -> 
  custom:scripting/monoscript/fileName/TilePaletteBrushesPopup.cs: b117489b8fd3a726762a29aaae057971 -> 
  custom:framework-win-MediaFoundation: 216162199b28c13a410421893ffa2e32 -> 
  custom:scripting/monoscript/fileName/GridSelectionScaleTool.cs: ab389a9feae3d29ad2e9ca76435ec24d -> 
  custom:scripting/monoscript/fileName/TilemapEditorTool.cs: 4a91b937c12531cdbbbbc26ac425cbca -> 
  custom:scripting/precompiled-assembly-types:Unity.2D.Tilemap.Extras: 9722aa6e48a25d628be73e787a5a1bb9 -> 
  custom:scripting/monoscript/fileName/HexagonalRuleTileEditor.cs: db810e58b09c64e4891f0d0900bac7f9 -> 
  custom:scripting/monoscript/fileName/TilePaletteOverlayUtility.cs: dc8cc580b44070af00f5c1a8a3e30146 -> 
  custom:scripting/monoscript/fileName/GridPalettes.cs: 05ebfa19bce5556c38d8243821b95e4f -> 
  custom:scripting/monoscript/fileName/TilePaletteBrushesButton.cs: f63fefeba5246c46efe3054fe7e8ff1e -> 
  custom:scripting/monoscript/fileName/IsometricRuleTile.cs: 226477e0fda8299a797033f4381d7b8f -> 
  custom:scripting/monoscript/fileName/SceneViewGridManager.cs: 95fee1927d423310ba7aac18e1743e68 -> 
  custom:scripting/monoscript/fileName/TilePaletteActiveTargetsProperties.cs: 3c61ac15c80e0acfb6b6f6a93b9c2f7c -> 
  custom:scripting/monoscript/fileName/GridSelectionToolEditor.cs: cf616a74bb2f9276d21997cd9c2c33e2 -> 
  custom:scripting/monoscript/fileName/TilemapFocusModeUtility.cs: 56848ecd8aaf6704fc633228e67df6a2 -> 
  custom:scripting/monoscript/fileName/AnimatedTile.cs: b22e1be758aa3632efe2ad109fb97030 -> 
  custom:scripting/monoscript/fileName/TilePaletteActiveTargetsButton.cs: e78565d1f8fb504d1e27cd33aee954a6 -> 
  custom:CustomObjectIndexerAttribute: 9a22284fe3817be447336de3de66b15e -> 
  custom:scripting/monoscript/fileName/SceneViewOpenTilePaletteHelper.cs: 3fa016a943052bc6aa2e17496be83d99 -> 
  custom:scripting/monoscript/fileName/MenuItemOrder.cs: 0c2a8b61e17835b8f2084ff2294259d0 -> 
  custom:scripting/monoscript/fileName/GridPalettesDropdown.cs: c3eee8db1c244df7a8abb5dd90d1cd39 -> 
  custom:scripting/monoscript/fileName/BrushToolsAttribute.cs: 07c3ce23d7664c866d082c14955fc570 -> 
  custom:scripting/monoscript/fileName/TilePaletteClipboardButton.cs: 12e65d1181e6c35cbf046b81b301a908 -> 
  custom:container-demuxer-webm: 4f35f7cbe854078d1ac9338744f61a02 -> 
  custom:scripting/monoscript/fileName/CustomRuleTileMenu.cs: 44fb1e06a86558bd44bae993c9daf6c0 -> 
  custom:scripting/monoscript/fileName/TilemapEditorToolbarStrip.cs: 3b09bb7c9508f28705fc70ed3a82a917 -> 
  custom:scripting/monoscript/fileName/GridBrushEditor.cs: afd10d6c25e4dee28d1dd55bdbbf1155 -> 
  custom:scripting/monoscript/fileName/GridPaintPaletteWindowSplitView.cs: 3055e63c32343a994785f777fb8a04eb -> 
  custom:scripting/monoscript/fileName/GridPaletteAddPopup.cs: 4117721b3ecbb12bd0cf4e10caeebdad -> 
  custom:scripting/monoscript/fileName/TileDragAndDrop.cs: b35ab1f4232799adb75b33a260fe44f2 -> 
  custom:scripting/monoscript/fileName/TileUtility.cs: f1465daed90b124a361d1b7354e9b99a -> 
  custom:scripting/monoscript/fileName/PopulateRuleOverrideTileWizard.cs: e9938d8d26487451054d1df1a65708f7 -> 
  custom:scripting/precompiled-assembly-types:Unity.2D.Tilemap.Editor: fa4ad37e7074ee4a4f87ffa5759d6263 -> 
  custom:scripting/monoscript/fileName/TilePaletteBrushInspectorElement.cs: a9e9b82fa2a5bb9267ca4498f3dd157f -> 
  custom:container-muxer-webm: aa71ff27fc2769a1b78a27578f13a17b -> 
  custom:scripting/monoscript/fileName/GridPaintPaletteClipboard.cs: 7cd44e8a0b877591749257e5bc06900b -> 
  custom:scripting/monoscript/fileName/TilePaletteClipboardElement.cs: 9f42d126d3040ca37a531f760f418560 -> 
  custom:scripting/monoscript/fileName/TilePaletteBrushInspector.cs: dabf99b6cb469f7e1a014ed2d8b57854 -> 
  custom:scripting/monoscript/fileName/LineBrush.cs: 8db0af8b46a7fc8f13e7177ede2caeba -> 
  custom:scripting/monoscript/fileName/GridSelection.cs: d0dea8ce5af83014aa5391e8d6adf81c -> 
  custom:video-decoder-webm-vp8: 9c59270c3fd7afecdb556c50c9e8de78 -> 
  custom:scripting/monoscript/fileName/GridPaintSortingAttribute.cs: 682e3d84c0bb9409c8038dde6cc6eaaa -> 
  custom:scripting/monoscript/fileName/TilePaletteBrushesLabel.cs: 50d6652b738f203c7a782d3c9e81384d -> 
  custom:SearchIndexIgnoredProperties: e643bd26f0fe6173181afceb89e7c659 -> 
  custom:scripting/monoscript/fileName/FillTool.cs: 31d1f393d06835eb58df2ad8c9b0407d -> 
  custom:AudioImporter_EditorPlatform: d09bf68614088b80899f8185d706f6e7 -> 
  custom:scripting/monoscript/fileName/SceneViewOpenTilePaletteOverlay.cs: 9e154d415d7ab024c8551aae194f4532 -> 
  custom:scripting/monoscript/fileName/SceneViewTilemapFocusOverlay.cs: 409b7579c9eddabad834478b2a2731cf -> 
  custom:scripting/monoscript/fileName/GridBrush.cs: 0271bb4294dfd9c52b85d2ef18c21adf -> 
  custom:scripting/monoscript/fileName/RuleTile.cs: f5f493643c39cafead8f05df075b38cf -> 
  custom:scripting/monoscript/fileName/GameObjectBrush.cs: 87ba7a109062396c16824845dba02c1a -> 
  custom:scripting/monoscript/fileName/TilePaletteContextMenuHandler.cs: 11689ac7a1e231b785fe9ee59440e8df -> 
  custom:scripting/monoscript/fileName/GridBrushEditorBase.cs: 8dc6b8dd5b5c3920622a5c826cdb9a3e -> 
  custom:scripting/monoscript/fileName/TilemapEditorToolPreferences.cs: d34ae7afe7e42324c1a8dc1ee5c53101 -> 
  custom:scripting/monoscript/fileName/PaintableGrid.cs: c538d5369d23cf604300c6f8a077b5d0 -> 
  custom:scripting/monoscript/fileName/DefaultAssetCreation.cs: c2d4009190ffa48d1a68c12ac7902a37 -> 
  custom:scripting/precompiled-assembly-types:Unity.2D.Tilemap.Extras.Editor: 5ad91861b07fefd995e74ac55c89582d -> 
  custom:scripting/monoscript/fileName/TilemapEditorToolButton.cs: 452256babee1fc6246907201b775c9ca -> 
  custom:scripting/monoscript/fileName/GridPaintPaletteWindowPreferences.cs: 506574d5ebc55d1c3ac5809521be171c -> 
  custom:scripting/monoscript/fileName/RotateTool.cs: a45c53b4cde318c91ea55e570037bddd -> 
  custom:scripting/monoscript/fileName/GridSelectionTransformTool.cs: 0102964ac3ceb594b7800c6267f18cf7 -> 
  custom:scripting/monoscript/fileName/TilePaletteActivePalettePopup.cs: d8ea341556e28c44f8ce8bb6cb513430 -> 
  custom:scripting/monoscript/fileName/PaintTool.cs: b088555e5c7bac451566d0ed1b585c0f -> 
  custom:scripting/monoscript/fileName/GridPaintingState.cs: 5b65b03e1c11595f69bba16eea8cd664 -> 
  custom:scripting/monoscript/fileName/GridPaintPaletteWindowActiveTargets.cs: a9f6bc687e35dc605b0de621410da416 -> 
  custom:scripting/monoscript/fileName/TilePaletteClipboardPanelPopup.cs: 481659589c6d2cf5d49bb3c51e9e2785 -> 
  custom:scripting/monoscript/fileName/GridPaletteUtility.cs: a64eece78a61bcc19caeb2b2a114ba40 -> 
  custom:scripting/monoscript/fileName/PaintableSceneViewGrid.cs: 668faf831cc940b1ebbed80737459bca -> 
  custom:scripting/monoscript/fileName/TilemapEditorToolPreferencesAsset.cs: 42733c664a418dc96e6676ab6a569041 -> 
  custom:scripting/monoscript/fileName/TileDragAndDropHoverData.cs: 7ec3eb6fae482fe5e6eca733189b11c1 -> 
  custom:scripting/monoscript/fileName/PickingTool.cs: ad2b06cfab7c0bf6799fc818866d02f2 -> 
  custom:scripting/monoscript/fileName/TilePaletteSaveUtility.cs: 9b7daaeade8b211f6fee80816fcd7e41 -> 
  custom:video-encoder-webm-vp8: eb34c28f22e8b96e1ab97ce403110664 -> 
  custom:scripting/monoscript/fileName/RandomBrush.cs: 060c140be746a8829fe39acd3b5de27b -> 
  custom:scripting/monoscript/fileName/GridInformation.cs: 8abdd979e31f8615c6f0260032387547 -> 
  custom:scripting/monoscript/fileName/GridSelectionRotationTool.cs: 034710c503c59a634a73a03fd24dd739 -> 
  custom:scripting/monoscript/fileName/BoolFieldOverlayPopupWindow.cs: 25281e84d45ea134dccf87aa853796bf -> 
  custom:audio-decoder-ogg-vorbis: bf7c407c2cedff20999df2af8eb42d56 -> 
  custom:scripting/monoscript/fileName/GridPaintPaletteWindow.cs: 1d497ecc185c46bb1043a6ede8ff1c0f -> 
  custom:scripting/monoscript/fileName/AdvancedRuleOverrideTile.cs: 1fddf97303287ca0ab3797af3c741b42 -> 
  custom:scripting/monoscript/fileName/TilePaletteElement.cs: 821f71de4b61685d39463a4a06a9c842 -> 
  custom:scripting/monoscript/fileName/TileDragAndDropManager.cs: a1e23a7638297e1dda515dc0e84bf55a -> 
  custom:scripting/monoscript/fileName/MoveTool.cs: 3e41e228f8fb535351f8fd508c5d7aa6 -> 
  custom:scripting/monoscript/fileName/SelectTool.cs: 51558befbff43680f5a337c7469e3a7b -> 
  custom:scripting/monoscript/fileName/TilePalettePrefabUtility.cs: 81c112f431eead6c17358b4dc7196dd1 -> 
  custom:scripting/monoscript/fileName/TilePaletteActivePaletteDropdownMenu.cs: a47d79fd3aaf47be319da9214e3a9bb3 -> 
  custom:scripting/monoscript/fileName/AnimatedTileEditor.cs: 41202be2ca5b787f20f8458252d021bc -> 
  custom:scripting/monoscript/fileName/TilePaletteActiveTargetsPopup.cs: c19a5ac974961902d5fcecf1d440b17a -> 
  custom:scripting/monoscript/fileName/GridPaletteEditor.cs: 9ca70426b6bdbb830263d2f1b512a658 -> 
  custom:scripting/monoscript/fileName/TilePaletteBrushPanelButton.cs: 2a4d4194710daaf7059f8f324842178b -> 
  custom:scripting/monoscript/fileName/TilePaletteBrushInspectorPopup.cs: bae9f2c04afcee02fd74cc185afc7936 -> 
  custom:scripting/monoscript/fileName/TilePaletteBrushesDropdownToggle.cs: c496745875bd2dedf400d11fa8d2a39c -> 
  custom:scripting/monoscript/fileName/FlipTool.cs: 57a6cd18545afdc27969bc68fde89cb1 -> 
  custom:scripting/monoscript/fileName/TilePaletteMouseCursorUtility.cs: 684f600f1129c3cb4df290f4bc53b930 -> 
  custom:scripting/monoscript/fileName/GridPaintingToolbar.cs: 71eec3aa936c54c332bdeff43f265da8 -> 
  custom:scripting/monoscript/fileName/HexagonalRuleTile.cs: 06dd7fca2700fb4aaa03a7cd13f58833 -> 
  custom:scripting/monoscript/fileName/IsometricRuleTileEditor.cs: 4cf007e646aa016389fb16663382c73c -> 
  custom:audio-encoder-webm-vorbis: bf7c407c2cedff20999df2af8eb42d56 -> 
  custom:scripting/monoscript/fileName/GridSelectionTool.cs: e3b447b578d18e550e3fd09eb4616407 -> 
  custom:scripting/monoscript/fileName/TilePaletteActiveTargetsDropdownMenu.cs: 4c73999c1bc87ae86dc4336104c225a9 -> 
  custom:scripting/monoscript/fileName/GridPaintTargetsDropdown.cs: 1a02fee05143bec519533f49a8d1bebc -> 
  custom:scripting/monoscript/fileName/GroupBrush.cs: b4c96b6e07e535d84dea8fa33a1ee653 -> 
  custom:scripting/monoscript/fileName/AdvancedRuleOverrideTileEditor.cs: f5f3e25e9690be1c73bbc0525b4d0b70 -> 
  custom:scripting/monoscript/fileName/RuleOverrideTile.cs: 27a3183bf22a5a9447c8b9239d8f3655 -> 
========================================================================
Received Import Request.
  Time since last request: 792.425700 seconds.
  path: Assets/Collectables Sound Pack/Collectables Sound Effects Pack/Samples/Sound_3/Notes/Low/C.wav
  artifactKey: Guid(38b50ef15b0d2461b9d244628058e43b) Importer(815301076,1909f56bfc062723c751e8b465ee728b)
Start importing Assets/Collectables Sound Pack/Collectables Sound Effects Pack/Samples/Sound_3/Notes/Low/C.wav using Guid(38b50ef15b0d2461b9d244628058e43b) Importer(815301076,1909f56bfc062723c751e8b465ee728b) [PhysX] Initialized MultithreadedTaskDispatcher with 16 workers.
[PhysX] Initialized MultithreadedTaskDispatcher with 16 workers.
 -> (artifact id: '4f1fabeb7a89b6556276a45501aa6539') in 0.103153 seconds
Number of updated asset objects reloaded before import = 0
Number of asset objects unloaded after import = 2
========================================================================
Received Import Request.
  Time since last request: 0.000051 seconds.
  path: Assets/Selcuk Gerceker/Toon Environments - World Creator Pack Lite/Textures/Candyland_Asphalt.png
  artifactKey: Guid(9ef261e82396b56498a9f4cb8b228bc6) Importer(815301076,1909f56bfc062723c751e8b465ee728b)
Start importing Assets/Selcuk Gerceker/Toon Environments - World Creator Pack Lite/Textures/Candyland_Asphalt.png using Guid(9ef261e82396b56498a9f4cb8b228bc6) Importer(815301076,1909f56bfc062723c751e8b465ee728b) [PhysX] Initialized MultithreadedTaskDispatcher with 16 workers.
[PhysX] Initialized MultithreadedTaskDispatcher with 16 workers.
 -> (artifact id: '4f4f2cfbc2c340e1396d209b8c701983') in 0.047374 seconds
Number of updated asset objects reloaded before import = 0
Number of asset objects unloaded after import = 2
========================================================================
Received Import Request.
  Time since last request: 0.028609 seconds.
  path: Assets/Selcuk Gerceker/Toon Environments - World Creator Pack Lite/Models/Props/Cloud_Box.fbx
  artifactKey: Guid(28b3b7ae3b07b824b8fb499e0bca25d8) Importer(815301076,1909f56bfc062723c751e8b465ee728b)
Start importing Assets/Selcuk Gerceker/Toon Environments - World Creator Pack Lite/Models/Props/Cloud_Box.fbx using Guid(28b3b7ae3b07b824b8fb499e0bca25d8) Importer(815301076,1909f56bfc062723c751e8b465ee728b) [PhysX] Initialized MultithreadedTaskDispatcher with 16 workers.
[PhysX] Initialized MultithreadedTaskDispatcher with 16 workers.
[PhysX] Initialized MultithreadedTaskDispatcher with 16 workers.
 -> (artifact id: '5aaec45b20c26a8017bf0f515dc1e969') in 0.070163 seconds
Number of updated asset objects reloaded before import = 0
Number of asset objects unloaded after import = 7
========================================================================
Received Import Request.
  Time since last request: 59.505302 seconds.
  path: Assets/Selcuk Gerceker/Toon Environments - World Creator Pack Lite/Models/Tiles/Tile_Center_Foundation.fbx
  artifactKey: Guid(f47c08ee0d8c52d40bf295cd48a04da7) Importer(815301076,1909f56bfc062723c751e8b465ee728b)
Start importing Assets/Selcuk Gerceker/Toon Environments - World Creator Pack Lite/Models/Tiles/Tile_Center_Foundation.fbx using Guid(f47c08ee0d8c52d40bf295cd48a04da7) Importer(815301076,1909f56bfc062723c751e8b465ee728b) [PhysX] Initialized MultithreadedTaskDispatcher with 16 workers.
[PhysX] Initialized MultithreadedTaskDispatcher with 16 workers.
[PhysX] Initialized MultithreadedTaskDispatcher with 16 workers.
 -> (artifact id: '33cbbd1bc29646cfa1403e9e6409ac0d') in 0.029071 seconds
Number of updated asset objects reloaded before import = 0
Number of asset objects unloaded after import = 7
========================================================================
Received Import Request.
  Time since last request: 0.000026 seconds.
  path: Assets/KinematicCharacterController/Examples/Materials/tile_green.mat
  artifactKey: Guid(23e3b7ca47e071348bb2ec2a2bbabe75) Importer(815301076,1909f56bfc062723c751e8b465ee728b)
Start importing Assets/KinematicCharacterController/Examples/Materials/tile_green.mat using Guid(23e3b7ca47e071348bb2ec2a2bbabe75) Importer(815301076,1909f56bfc062723c751e8b465ee728b) [PhysX] Initialized MultithreadedTaskDispatcher with 16 workers.
[PhysX] Initialized MultithreadedTaskDispatcher with 16 workers.
 -> (artifact id: 'b114c0ea9e762439777d64d62c640b65') in 0.047557 seconds
Number of updated asset objects reloaded before import = 0
Number of asset objects unloaded after import = 2
========================================================================
Received Import Request.
  Time since last request: 0.000022 seconds.
  path: Assets/Selcuk Gerceker/Toon Environments - World Creator Pack Lite/Models/Tiles/Tile_Edge.fbx
  artifactKey: Guid(06922b963b921e44cbadd739dab73ab0) Importer(815301076,1909f56bfc062723c751e8b465ee728b)
Start importing Assets/Selcuk Gerceker/Toon Environments - World Creator Pack Lite/Models/Tiles/Tile_Edge.fbx using Guid(06922b963b921e44cbadd739dab73ab0) Importer(815301076,1909f56bfc062723c751e8b465ee728b) [PhysX] Initialized MultithreadedTaskDispatcher with 16 workers.
[PhysX] Initialized MultithreadedTaskDispatcher with 16 workers.
[PhysX] Initialized MultithreadedTaskDispatcher with 16 workers.
 -> (artifact id: '66ccded38a0e4e0175eee03f84b6a84b') in 0.044846 seconds
Number of updated asset objects reloaded before import = 0
Number of asset objects unloaded after import = 7
========================================================================
Received Import Request.
  Time since last request: 0.000026 seconds.
  path: Assets/Selcuk Gerceker/Toon Environments - World Creator Pack Lite/Models/Tiles/Tile_Water.fbx
  artifactKey: Guid(ef7372b852139454b8268e6dab6fad01) Importer(815301076,1909f56bfc062723c751e8b465ee728b)
Start importing Assets/Selcuk Gerceker/Toon Environments - World Creator Pack Lite/Models/Tiles/Tile_Water.fbx using Guid(ef7372b852139454b8268e6dab6fad01) Importer(815301076,1909f56bfc062723c751e8b465ee728b) [PhysX] Initialized MultithreadedTaskDispatcher with 16 workers.
[PhysX] Initialized MultithreadedTaskDispatcher with 16 workers.
[PhysX] Initialized MultithreadedTaskDispatcher with 16 workers.
 -> (artifact id: 'ae791b7bf9b86ca998d4088bd25a2f90') in 0.037267 seconds
Number of updated asset objects reloaded before import = 0
Number of asset objects unloaded after import = 7
========================================================================
Received Import Request.
  Time since last request: 0.000034 seconds.
  path: Assets/Selcuk Gerceker/Toon Environments - World Creator Pack Lite/Models/Tiles/Tile_Road_End.fbx
  artifactKey: Guid(e438b90a2fa14304cb1056a4bf05b52d) Importer(815301076,1909f56bfc062723c751e8b465ee728b)
Start importing Assets/Selcuk Gerceker/Toon Environments - World Creator Pack Lite/Models/Tiles/Tile_Road_End.fbx using Guid(e438b90a2fa14304cb1056a4bf05b52d) Importer(815301076,1909f56bfc062723c751e8b465ee728b) [PhysX] Initialized MultithreadedTaskDispatcher with 16 workers.
[PhysX] Initialized MultithreadedTaskDispatcher with 16 workers.
[PhysX] Initialized MultithreadedTaskDispatcher with 16 workers.
 -> (artifact id: '37404a465dc5ad6d2e8dcfab81754876') in 0.028141 seconds
Number of updated asset objects reloaded before import = 0
Number of asset objects unloaded after import = 7
========================================================================
Received Import Request.
  Time since last request: 0.000030 seconds.
  path: Assets/Selcuk Gerceker/Toon Environments - World Creator Pack Lite/Models/Tiles/Tile_Solo_Island.fbx
  artifactKey: Guid(6a8df4b09a45ec14db83a93030c3bb06) Importer(815301076,1909f56bfc062723c751e8b465ee728b)
Start importing Assets/Selcuk Gerceker/Toon Environments - World Creator Pack Lite/Models/Tiles/Tile_Solo_Island.fbx using Guid(6a8df4b09a45ec14db83a93030c3bb06) Importer(815301076,1909f56bfc062723c751e8b465ee728b) [PhysX] Initialized MultithreadedTaskDispatcher with 16 workers.
[PhysX] Initialized MultithreadedTaskDispatcher with 16 workers.
[PhysX] Initialized MultithreadedTaskDispatcher with 16 workers.
 -> (artifact id: '00e87b28c4b471e79b6a8d7a813b9570') in 0.031738 seconds
Number of updated asset objects reloaded before import = 0
Number of asset objects unloaded after import = 7
========================================================================
Received Import Request.
  Time since last request: 0.000036 seconds.
  path: Assets/KinematicCharacterController/Examples/Textures/tile_green.png
  artifactKey: Guid(36b5b147a1e526747bad753e77aa33c1) Importer(815301076,1909f56bfc062723c751e8b465ee728b)
Start importing Assets/KinematicCharacterController/Examples/Textures/tile_green.png using Guid(36b5b147a1e526747bad753e77aa33c1) Importer(815301076,1909f56bfc062723c751e8b465ee728b) [PhysX] Initialized MultithreadedTaskDispatcher with 16 workers.
[PhysX] Initialized MultithreadedTaskDispatcher with 16 workers.
 -> (artifact id: 'facff51376c577fe4419ad598761cd09') in 0.026631 seconds
Number of updated asset objects reloaded before import = 0
Number of asset objects unloaded after import = 2
========================================================================
Received Import Request.
  Time since last request: 0.000029 seconds.
  path: Assets/Selcuk Gerceker/Toon Environments - World Creator Pack Lite/Models/Tiles/Tile_Corner.fbx
  artifactKey: Guid(d5c408595be50514dabb69674e810394) Importer(815301076,1909f56bfc062723c751e8b465ee728b)
Start importing Assets/Selcuk Gerceker/Toon Environments - World Creator Pack Lite/Models/Tiles/Tile_Corner.fbx using Guid(d5c408595be50514dabb69674e810394) Importer(815301076,1909f56bfc062723c751e8b465ee728b) [PhysX] Initialized MultithreadedTaskDispatcher with 16 workers.
[PhysX] Initialized MultithreadedTaskDispatcher with 16 workers.
[PhysX] Initialized MultithreadedTaskDispatcher with 16 workers.
 -> (artifact id: '228e322eab3bd589eafb09e5ebce9bcf') in 0.028203 seconds
Number of updated asset objects reloaded before import = 0
Number of asset objects unloaded after import = 7
Editor requested this worker to shutdown with reason: Scaling down because of idle timeout
TcpMessagingSession - receive error: operation aborted. errorcode: 995, details: The I/O operation has been aborted because of either a thread exit or an application request.
AssetImportWorker is now disconnected from the server
Process exiting
Exiting without the bug reporter. Application will terminate with return code 0