Using pre-set license
Built from '2022.3/staging' branch; Version is '2022.3.62f1 (4af31df58517) revision 4911901'; Using compiler version '192829333'; Build Type 'Release'
OS: 'Windows 10  (10.0.19045) 64bit Professional' Language: 'en' Physical Memory: 32694 MB
BatchMode: 1, IsHumanControllingUs: 0, StartBugReporterOnCrash: 0, Is64bit: 1, IsPro: 1

COMMAND LINE ARGUMENTS:
C:\Program Files\Unity\Hub\Editor\2022.3.62f1\Editor\Unity.exe
-adb2
-batchMode
-noUpm
-name
AssetImportWorker2
-projectPath
C:/Users/domin/Documents/Carone STEM Academy/VGDC/Project Templates/PlatformerTemplate
-logFile
Logs/AssetImportWorker2.log
-srvPort
61007
Successfully changed project path to: C:/Users/domin/Documents/Carone STEM Academy/VGDC/Project Templates/PlatformerTemplate
C:/Users/domin/Documents/Carone STEM Academy/VGDC/Project Templates/PlatformerTemplate
[UnityMemory] Configuration Parameters - Can be set up in boot.config
    "memorysetup-bucket-allocator-granularity=16"
    "memorysetup-bucket-allocator-bucket-count=8"
    "memorysetup-bucket-allocator-block-size=33554432"
    "memorysetup-bucket-allocator-block-count=8"
    "memorysetup-main-allocator-block-size=16777216"
    "memorysetup-thread-allocator-block-size=16777216"
    "memorysetup-gfx-main-allocator-block-size=16777216"
    "memorysetup-gfx-thread-allocator-block-size=16777216"
    "memorysetup-cache-allocator-block-size=4194304"
    "memorysetup-typetree-allocator-block-size=2097152"
    "memorysetup-profiler-bucket-allocator-granularity=16"
    "memorysetup-profiler-bucket-allocator-bucket-count=8"
    "memorysetup-profiler-bucket-allocator-block-size=33554432"
    "memorysetup-profiler-bucket-allocator-block-count=8"
    "memorysetup-profiler-allocator-block-size=16777216"
    "memorysetup-profiler-editor-allocator-block-size=1048576"
    "memorysetup-temp-allocator-size-main=16777216"
    "memorysetup-job-temp-allocator-block-size=2097152"
    "memorysetup-job-temp-allocator-block-size-background=1048576"
    "memorysetup-job-temp-allocator-reduction-small-platforms=262144"
    "memorysetup-allocator-temp-initial-block-size-main=262144"
    "memorysetup-allocator-temp-initial-block-size-worker=262144"
    "memorysetup-temp-allocator-size-background-worker=32768"
    "memorysetup-temp-allocator-size-job-worker=262144"
    "memorysetup-temp-allocator-size-preload-manager=33554432"
    "memorysetup-temp-allocator-size-nav-mesh-worker=65536"
    "memorysetup-temp-allocator-size-audio-worker=65536"
    "memorysetup-temp-allocator-size-cloud-worker=32768"
    "memorysetup-temp-allocator-size-gi-baking-worker=262144"
    "memorysetup-temp-allocator-size-gfx=262144"
Player connection [42108]  Target information:

Player connection [42108]  * "[IP] 192.168.0.128 [Port] 0 [Flags] 2 [Guid] 2443690175 [EditorId] 2443690175 [Version] 1048832 [Id] WindowsEditor(7,DESKTOP-ANNLT1Q) [Debug] 1 [PackageName] WindowsEditor [ProjectName] Editor" 

Player connection [42108] Host joined multi-casting on [225.0.0.222:54997]...
Player connection [42108] Host joined alternative multi-casting on [225.0.0.222:34997]...
Input System module state changed to: Initialized.
[PhysX] Initialized MultithreadedTaskDispatcher with 16 workers.
Refreshing native plugins compatible for Editor in 17.88 ms, found 3 plugins.
Preloading 0 native plugins for Editor in 0.00 ms.
Initialize engine version: 2022.3.62f1 (4af31df58517)
[Subsystems] Discovering subsystems at path C:/Program Files/Unity/Hub/Editor/2022.3.62f1/Editor/Data/Resources/UnitySubsystems
[Subsystems] Discovering subsystems at path C:/Users/domin/Documents/Carone STEM Academy/VGDC/Project Templates/PlatformerTemplate/Assets
GfxDevice: creating device client; threaded=0; jobified=0
Direct3D:
    Version:  Direct3D 11.0 [level 11.1]
    Renderer: NVIDIA GeForce RTX 2060 (ID=0x1e89)
    Vendor:   NVIDIA
    VRAM:     5945 MB
    Driver:   32.0.15.7680
Initialize mono
Mono path[0] = 'C:/Program Files/Unity/Hub/Editor/2022.3.62f1/Editor/Data/Managed'
Mono path[1] = 'C:/Program Files/Unity/Hub/Editor/2022.3.62f1/Editor/Data/MonoBleedingEdge/lib/mono/unityjit-win32'
Mono config path = 'C:/Program Files/Unity/Hub/Editor/2022.3.62f1/Editor/Data/MonoBleedingEdge/etc'
Using monoOptions --debugger-agent=transport=dt_socket,embedding=1,server=y,suspend=n,address=127.0.0.1:56092
Begin MonoManager ReloadAssembly
Registering precompiled unity dll's ...
Register platform support module: C:/Program Files/Unity/Hub/Editor/2022.3.62f1/Editor/Data/PlaybackEngines/AndroidPlayer/UnityEditor.Android.Extensions.dll
Register platform support module: C:/Program Files/Unity/Hub/Editor/2022.3.62f1/Editor/Data/PlaybackEngines/WindowsStandaloneSupport/UnityEditor.WindowsStandalone.Extensions.dll
Registered in 0.016308 seconds.
- Loaded All Assemblies, in  0.491 seconds
Native extension for WindowsStandalone target not found
Native extension for Android target not found
Mono: successfully reloaded assembly
- Finished resetting the current domain, in  0.393 seconds
Domain Reload Profiling: 881ms
	BeginReloadAssembly (148ms)
		ExecutionOrderSort (0ms)
		DisableScriptedObjects (0ms)
		BackupInstance (0ms)
		ReleaseScriptingObjects (0ms)
		CreateAndSetChildDomain (1ms)
	RebuildCommonClasses (48ms)
	RebuildNativeTypeToScriptingClass (14ms)
	initialDomainReloadingComplete (87ms)
	LoadAllAssembliesAndSetupDomain (191ms)
		LoadAssemblies (145ms)
		RebuildTransferFunctionScriptingTraits (0ms)
		AnalyzeDomain (188ms)
			TypeCache.Refresh (186ms)
				TypeCache.ScanAssembly (170ms)
			ScanForSourceGeneratedMonoScriptInfo (0ms)
			ResolveRequiredComponents (1ms)
	FinalizeReload (393ms)
		ReleaseScriptCaches (0ms)
		RebuildScriptCaches (0ms)
		SetupLoadedEditorAssemblies (335ms)
			LogAssemblyErrors (0ms)
			InitializePlatformSupportModulesInManaged (107ms)
			SetLoadedEditorAssemblies (5ms)
			RefreshPlugins (0ms)
			BeforeProcessingInitializeOnLoad (3ms)
			ProcessInitializeOnLoadAttributes (159ms)
			ProcessInitializeOnLoadMethodAttributes (62ms)
			AfterProcessingInitializeOnLoad (0ms)
			EditorAssembliesLoaded (0ms)
		ExecutionOrderSort2 (0ms)
		AwakeInstancesAfterBackupRestoration (0ms)
========================================================================
Worker process is ready to serve import requests
Caller must complete domain reload
Begin MonoManager ReloadAssembly
- Loaded All Assemblies, in  0.992 seconds
Native extension for WindowsStandalone target not found
Native extension for Android target not found
Mono: successfully reloaded assembly
- Finished resetting the current domain, in  1.081 seconds
Domain Reload Profiling: 2067ms
	BeginReloadAssembly (191ms)
		ExecutionOrderSort (0ms)
		DisableScriptedObjects (8ms)
		BackupInstance (0ms)
		ReleaseScriptingObjects (0ms)
		CreateAndSetChildDomain (25ms)
	RebuildCommonClasses (46ms)
	RebuildNativeTypeToScriptingClass (14ms)
	initialDomainReloadingComplete (61ms)
	LoadAllAssembliesAndSetupDomain (673ms)
		LoadAssemblies (466ms)
		RebuildTransferFunctionScriptingTraits (0ms)
		AnalyzeDomain (322ms)
			TypeCache.Refresh (274ms)
				TypeCache.ScanAssembly (253ms)
			ScanForSourceGeneratedMonoScriptInfo (32ms)
			ResolveRequiredComponents (14ms)
	FinalizeReload (1082ms)
		ReleaseScriptCaches (0ms)
		RebuildScriptCaches (0ms)
		SetupLoadedEditorAssemblies (862ms)
			LogAssemblyErrors (0ms)
			InitializePlatformSupportModulesInManaged (26ms)
			SetLoadedEditorAssemblies (4ms)
			RefreshPlugins (0ms)
			BeforeProcessingInitializeOnLoad (109ms)
			ProcessInitializeOnLoadAttributes (624ms)
			ProcessInitializeOnLoadMethodAttributes (86ms)
			AfterProcessingInitializeOnLoad (13ms)
			EditorAssembliesLoaded (0ms)
		ExecutionOrderSort2 (0ms)
		AwakeInstancesAfterBackupRestoration (7ms)
WARNING: Shader Unsupported: 'Hidden/Universal Render Pipeline/Terrain/Lit (Base Pass)' - All subshaders removed
WARNING: Shader Did you use #pragma only_renderers and omit this platform?
WARNING: Shader If subshaders removal was intentional, you may have forgotten turning Fallback off?
WARNING: Shader Unsupported: 'Hidden/Universal Render Pipeline/Terrain/Lit (Base Pass)' - All subshaders removed
WARNING: Shader Did you use #pragma only_renderers and omit this platform?
WARNING: Shader If subshaders removal was intentional, you may have forgotten turning Fallback off?
WARNING: Shader Unsupported: 'Universal Render Pipeline/Terrain/Lit' - All subshaders removed
WARNING: Shader Did you use #pragma only_renderers and omit this platform?
WARNING: Shader If subshaders removal was intentional, you may have forgotten turning Fallback off?
WARNING: Shader Unsupported: 'Universal Render Pipeline/Terrain/Lit' - All subshaders removed
WARNING: Shader Did you use #pragma only_renderers and omit this platform?
WARNING: Shader If subshaders removal was intentional, you may have forgotten turning Fallback off?
Launched and connected shader compiler UnityShaderCompiler.exe after 0.07 seconds
Refreshing native plugins compatible for Editor in 9.67 ms, found 3 plugins.
Preloading 0 native plugins for Editor in 0.00 ms.
Unloading 5297 Unused Serialized files (Serialized files now loaded: 0)
Unloading 44 unused Assets / (2.4 MB). Loaded Objects now: 5772.
Memory consumption went from 221.4 MB to 219.0 MB.
Total: 6.803500 ms (FindLiveObjects: 0.621900 ms CreateObjectMapping: 0.211000 ms MarkObjects: 4.820000 ms  DeleteObjects: 1.149000 ms)

AssetImportParameters requested are different than current active one (requested -> active):
  custom:container-demuxer-ogg: 62fdf1f143b41e24485cea50d1cbac27 -> 
  custom:video-decoder-ogg-theora: a1e56fd34408186e4bbccfd4996cb3dc -> 
  custom:framework-win-MediaFoundation: 216162199b28c13a410421893ffa2e32 -> 
  custom:scripting/monoscript/fileName/JetPack.cs: 40163db54bc9cff5a3f4e2df196b49e2 -> f12c39c79ae36cfc2bfee15e331aab82
  custom:CustomObjectIndexerAttribute: 3ead1caaecf1c488f20bcfeb224b6af5 -> 
  custom:container-demuxer-webm: 4f35f7cbe854078d1ac9338744f61a02 -> 
  custom:container-muxer-webm: aa71ff27fc2769a1b78a27578f13a17b -> 
  custom:video-decoder-webm-vp8: 9c59270c3fd7afecdb556c50c9e8de78 -> 
  custom:SearchIndexIgnoredProperties: e643bd26f0fe6173181afceb89e7c659 -> 
  custom:AudioImporter_EditorPlatform: d09bf68614088b80899f8185d706f6e7 -> 
  custom:video-encoder-webm-vp8: eb34c28f22e8b96e1ab97ce403110664 -> 
  custom:scripting/monoscript/fileName/CarController.cs: 0812c44ee64b30d62729c63236002afc -> 07de265e2c4f2a833d66d48919dfc49c
  custom:audio-decoder-ogg-vorbis: bf7c407c2cedff20999df2af8eb42d56 -> 
  custom:audio-encoder-webm-vorbis: bf7c407c2cedff20999df2af8eb42d56 -> 
========================================================================
Received Import Request.
  Time since last request: 1807378.219758 seconds.
  path: Assets/Prefabs/Car Variant.prefab
  artifactKey: Guid(27cefffd17205bf47a0d80b036b8f5a8) Importer(815301076,1909f56bfc062723c751e8b465ee728b)
Start importing Assets/Prefabs/Car Variant.prefab using Guid(27cefffd17205bf47a0d80b036b8f5a8) Importer(815301076,1909f56bfc062723c751e8b465ee728b) [PhysX] Initialized MultithreadedTaskDispatcher with 16 workers.
[PhysX] Initialized MultithreadedTaskDispatcher with 16 workers.
 -> (artifact id: '7179738f81d698b6c6e5cb223bfd8597') in 0.159682 seconds
Number of updated asset objects reloaded before import = 0
Number of asset objects unloaded after import = 82
========================================================================
Received Import Request.
  Time since last request: 21.288901 seconds.
  path: Assets/Gems
  artifactKey: Guid(c5ad5004f2e3a554c870abb0d29d6d3e) Importer(815301076,1909f56bfc062723c751e8b465ee728b)
Start importing Assets/Gems using Guid(c5ad5004f2e3a554c870abb0d29d6d3e) Importer(815301076,1909f56bfc062723c751e8b465ee728b) [PhysX] Initialized MultithreadedTaskDispatcher with 16 workers.
 -> (artifact id: '07d1ce3b4d890932d0fbb6657251eb05') in 0.000785 seconds
Number of updated asset objects reloaded before import = 0
Number of asset objects unloaded after import = 0
========================================================================
Received Import Request.
  Time since last request: 5.903628 seconds.
  path: Assets/TextMesh Pro
  artifactKey: Guid(f54d1bd14bd3ca042bd867b519fee8cc) Importer(815301076,1909f56bfc062723c751e8b465ee728b)
Start importing Assets/TextMesh Pro using Guid(f54d1bd14bd3ca042bd867b519fee8cc) Importer(815301076,1909f56bfc062723c751e8b465ee728b) [PhysX] Initialized MultithreadedTaskDispatcher with 16 workers.
 -> (artifact id: 'dd6ad478d9966b0e483c01b5bd727387') in 0.000772 seconds
Number of updated asset objects reloaded before import = 0
Number of asset objects unloaded after import = 0
========================================================================
Received Import Request.
  Time since last request: 1.339919 seconds.
  path: Assets/TextMesh Pro/Fonts
  artifactKey: Guid(6ab70aee4d56447429c680537fbf93ed) Importer(815301076,1909f56bfc062723c751e8b465ee728b)
Start importing Assets/TextMesh Pro/Fonts using Guid(6ab70aee4d56447429c680537fbf93ed) Importer(815301076,1909f56bfc062723c751e8b465ee728b) [PhysX] Initialized MultithreadedTaskDispatcher with 16 workers.
 -> (artifact id: '20111567da1f29bfd88bf993dacb0055') in 0.000790 seconds
Number of updated asset objects reloaded before import = 0
Number of asset objects unloaded after import = 0
========================================================================
Received Import Request.
  Time since last request: 0.326807 seconds.
  path: Assets/TextMesh Pro/Resources
  artifactKey: Guid(243e06394e614e5d99fab26083b707fa) Importer(815301076,1909f56bfc062723c751e8b465ee728b)
Start importing Assets/TextMesh Pro/Resources using Guid(243e06394e614e5d99fab26083b707fa) Importer(815301076,1909f56bfc062723c751e8b465ee728b) [PhysX] Initialized MultithreadedTaskDispatcher with 16 workers.
 -> (artifact id: '763d16b2d0db79cbaec12fe00f14e0b0') in 0.000794 seconds
Number of updated asset objects reloaded before import = 0
Number of asset objects unloaded after import = 0
========================================================================
Received Import Request.
  Time since last request: 0.285755 seconds.
  path: Assets/TextMesh Pro/Shaders
  artifactKey: Guid(e9f693669af91aa45ad615fc681ed29f) Importer(815301076,1909f56bfc062723c751e8b465ee728b)
Start importing Assets/TextMesh Pro/Shaders using Guid(e9f693669af91aa45ad615fc681ed29f) Importer(815301076,1909f56bfc062723c751e8b465ee728b) [PhysX] Initialized MultithreadedTaskDispatcher with 16 workers.
 -> (artifact id: 'c9800e6720add5653b6f84836174c71d') in 0.000760 seconds
Number of updated asset objects reloaded before import = 0
Number of asset objects unloaded after import = 0
========================================================================
Received Import Request.
  Time since last request: 1.638325 seconds.
  path: Assets/Action Adventure Pack/Ch24_nonPBR.fbx
  artifactKey: Guid(bf1f31cd68f8ea447965598568359b38) Importer(815301076,1909f56bfc062723c751e8b465ee728b)
Start importing Assets/Action Adventure Pack/Ch24_nonPBR.fbx using Guid(bf1f31cd68f8ea447965598568359b38) Importer(815301076,1909f56bfc062723c751e8b465ee728b) [PhysX] Initialized MultithreadedTaskDispatcher with 16 workers.
[PhysX] Initialized MultithreadedTaskDispatcher with 16 workers.
[PhysX] Initialized MultithreadedTaskDispatcher with 16 workers.
[PhysX] Initialized MultithreadedTaskDispatcher with 16 workers.
 -> (artifact id: 'c1856bb32f12fce1e9f61ee8a93c4204') in 0.115723 seconds
Number of updated asset objects reloaded before import = 0
Number of asset objects unloaded after import = 142
========================================================================
Received Import Request.
  Time since last request: 0.006729 seconds.
  path: Assets/Action Adventure Pack/idle (5).fbx
  artifactKey: Guid(8f818b7134ba922419e470db79af8544) Importer(815301076,1909f56bfc062723c751e8b465ee728b)
Start importing Assets/Action Adventure Pack/idle (5).fbx using Guid(8f818b7134ba922419e470db79af8544) Importer(815301076,1909f56bfc062723c751e8b465ee728b) [PhysX] Initialized MultithreadedTaskDispatcher with 16 workers.
 -> (artifact id: 'ab222eb9c2446976a2674c074ca55431') in 0.005372 seconds
Number of updated asset objects reloaded before import = 0
Number of asset objects unloaded after import = 135
========================================================================
Received Import Request.
  Time since last request: 0.005271 seconds.
  path: Assets/Action Adventure Pack/left cover sneak.fbx
  artifactKey: Guid(a0a8f9fdc48d91c4da34e11861ef32ee) Importer(815301076,1909f56bfc062723c751e8b465ee728b)
Start importing Assets/Action Adventure Pack/left cover sneak.fbx using Guid(a0a8f9fdc48d91c4da34e11861ef32ee) Importer(815301076,1909f56bfc062723c751e8b465ee728b) [PhysX] Initialized MultithreadedTaskDispatcher with 16 workers.
 -> (artifact id: '3c6d3d6987b8a8121f4a6e430e5381e7') in 0.005532 seconds
Number of updated asset objects reloaded before import = 0
Number of asset objects unloaded after import = 135
========================================================================
Received Import Request.
  Time since last request: 0.005235 seconds.
  path: Assets/Action Adventure Pack/right cover sneak.fbx
  artifactKey: Guid(e9fe09e3c75fece40b24cdacc3c78ad3) Importer(815301076,1909f56bfc062723c751e8b465ee728b)
Start importing Assets/Action Adventure Pack/right cover sneak.fbx using Guid(e9fe09e3c75fece40b24cdacc3c78ad3) Importer(815301076,1909f56bfc062723c751e8b465ee728b) [PhysX] Initialized MultithreadedTaskDispatcher with 16 workers.
 -> (artifact id: '9fbfda7c85a4f673a317f1e88458252e') in 0.005410 seconds
Number of updated asset objects reloaded before import = 0
Number of asset objects unloaded after import = 135
========================================================================
Received Import Request.
  Time since last request: 0.004985 seconds.
  path: Assets/Action Adventure Pack/run to stop.fbx
  artifactKey: Guid(e43bac86d25624f41be1a7749f0267f9) Importer(815301076,1909f56bfc062723c751e8b465ee728b)
Start importing Assets/Action Adventure Pack/run to stop.fbx using Guid(e43bac86d25624f41be1a7749f0267f9) Importer(815301076,1909f56bfc062723c751e8b465ee728b) [PhysX] Initialized MultithreadedTaskDispatcher with 16 workers.
 -> (artifact id: '032c983f10904263e1e05c569e98dd5b') in 0.005358 seconds
Number of updated asset objects reloaded before import = 0
Number of asset objects unloaded after import = 135
========================================================================
Received Import Request.
  Time since last request: 0.003568 seconds.
  path: Assets/Action Adventure Pack/stand to cover (2).fbx
  artifactKey: Guid(29c9ec50c134b4d4183c952802c012f3) Importer(815301076,1909f56bfc062723c751e8b465ee728b)
Start importing Assets/Action Adventure Pack/stand to cover (2).fbx using Guid(29c9ec50c134b4d4183c952802c012f3) Importer(815301076,1909f56bfc062723c751e8b465ee728b) [PhysX] Initialized MultithreadedTaskDispatcher with 16 workers.
 -> (artifact id: '80d35d13bba196c915d0cb9f8a7bb578') in 0.005491 seconds
Number of updated asset objects reloaded before import = 0
Number of asset objects unloaded after import = 135
========================================================================
Received Import Request.
  Time since last request: 0.004178 seconds.
  path: Assets/Action Adventure Pack/Standard Walk (1).fbx
  artifactKey: Guid(3d6407a905ea8734ca71edacc367a94b) Importer(815301076,1909f56bfc062723c751e8b465ee728b)
Start importing Assets/Action Adventure Pack/Standard Walk (1).fbx using Guid(3d6407a905ea8734ca71edacc367a94b) Importer(815301076,1909f56bfc062723c751e8b465ee728b) [PhysX] Initialized MultithreadedTaskDispatcher with 16 workers.
 -> (artifact id: 'abc633fe6e1bc891adef93ce3f66abf2') in 0.006368 seconds
Number of updated asset objects reloaded before import = 0
Number of asset objects unloaded after import = 135
========================================================================
Received Import Request.
  Time since last request: 24.110636 seconds.
  path: Assets/Sounds
  artifactKey: Guid(a0ce02283a60b054caed52e25234f519) Importer(815301076,1909f56bfc062723c751e8b465ee728b)
Start importing Assets/Sounds using Guid(a0ce02283a60b054caed52e25234f519) Importer(815301076,1909f56bfc062723c751e8b465ee728b) [PhysX] Initialized MultithreadedTaskDispatcher with 16 workers.
 -> (artifact id: '9f29597c836141bc23ba0ebe080b241e') in 0.000711 seconds
Number of updated asset objects reloaded before import = 0
Number of asset objects unloaded after import = 0
========================================================================
Received Import Request.
  Time since last request: 16.201651 seconds.
  path: Assets/NinjaTextures
  artifactKey: Guid(a0ce02283a60b054caed52e25234f519) Importer(815301076,1909f56bfc062723c751e8b465ee728b)
Start importing Assets/NinjaTextures using Guid(a0ce02283a60b054caed52e25234f519) Importer(815301076,1909f56bfc062723c751e8b465ee728b) [PhysX] Initialized MultithreadedTaskDispatcher with 16 workers.
 -> (artifact id: 'b0990237379ade96dc75ccbd62887d46') in 0.000745 seconds
Number of updated asset objects reloaded before import = 0
Number of asset objects unloaded after import = 0
========================================================================
Received Import Request.
  Time since last request: 10.536547 seconds.
  path: Assets/Sounds
  artifactKey: Guid(75b22f2e638104af4b7a875e0ce807c9) Importer(815301076,1909f56bfc062723c751e8b465ee728b)
Start importing Assets/Sounds using Guid(75b22f2e638104af4b7a875e0ce807c9) Importer(815301076,1909f56bfc062723c751e8b465ee728b) [PhysX] Initialized MultithreadedTaskDispatcher with 16 workers.
 -> (artifact id: 'bf47ae0ac6866e2e3a43072927ad7c96') in 0.000763 seconds
Number of updated asset objects reloaded before import = 0
Number of asset objects unloaded after import = 0
========================================================================
Received Import Request.
  Time since last request: 7.328803 seconds.
  path: Assets/Selcuk Gerceker/Toon Environments - World Creator Pack Lite/Models
  artifactKey: Guid(220e4e81e57c04740b50a8fdea1d9084) Importer(815301076,1909f56bfc062723c751e8b465ee728b)
Start importing Assets/Selcuk Gerceker/Toon Environments - World Creator Pack Lite/Models using Guid(220e4e81e57c04740b50a8fdea1d9084) Importer(815301076,1909f56bfc062723c751e8b465ee728b) [PhysX] Initialized MultithreadedTaskDispatcher with 16 workers.
 -> (artifact id: '7929e0b9167dc91a1e1dee3b44788a07') in 0.001079 seconds
Number of updated asset objects reloaded before import = 0
Number of asset objects unloaded after import = 0
========================================================================
Received Import Request.
  Time since last request: 1.726246 seconds.
  path: Assets/Selcuk Gerceker/Toon Environments - World Creator Pack Lite/Models/Tiles
  artifactKey: Guid(08d77b752f80fa24bbdc7a892db5a14b) Importer(815301076,1909f56bfc062723c751e8b465ee728b)
Start importing Assets/Selcuk Gerceker/Toon Environments - World Creator Pack Lite/Models/Tiles using Guid(08d77b752f80fa24bbdc7a892db5a14b) Importer(815301076,1909f56bfc062723c751e8b465ee728b) [PhysX] Initialized MultithreadedTaskDispatcher with 16 workers.
 -> (artifact id: 'e80a40674dada62388d4076527340c13') in 0.001020 seconds
Number of updated asset objects reloaded before import = 0
Number of asset objects unloaded after import = 0
========================================================================
Received Import Request.
  Time since last request: 0.079233 seconds.
  path: Assets/Selcuk Gerceker/Toon Environments - World Creator Pack Lite/Models/Tiles/Tile_Center.fbx
  artifactKey: Guid(0a8a49a1980943a4a9919b8f64a7c75e) Importer(815301076,1909f56bfc062723c751e8b465ee728b)
Start importing Assets/Selcuk Gerceker/Toon Environments - World Creator Pack Lite/Models/Tiles/Tile_Center.fbx using Guid(0a8a49a1980943a4a9919b8f64a7c75e) Importer(815301076,1909f56bfc062723c751e8b465ee728b) [PhysX] Initialized MultithreadedTaskDispatcher with 16 workers.
[PhysX] Initialized MultithreadedTaskDispatcher with 16 workers.
[PhysX] Initialized MultithreadedTaskDispatcher with 16 workers.
 -> (artifact id: '19a4bfb803a57141d5328df693acc986') in 0.027258 seconds
Number of updated asset objects reloaded before import = 0
Number of asset objects unloaded after import = 7
========================================================================
Received Import Request.
  Time since last request: 0.000027 seconds.
  path: Assets/Selcuk Gerceker/Toon Environments - World Creator Pack Lite/Models/Tiles/Tile_Road_Edge_End_Solo.fbx
  artifactKey: Guid(d2a73dec0eb1d81498135676972d3278) Importer(815301076,1909f56bfc062723c751e8b465ee728b)
Start importing Assets/Selcuk Gerceker/Toon Environments - World Creator Pack Lite/Models/Tiles/Tile_Road_Edge_End_Solo.fbx using Guid(d2a73dec0eb1d81498135676972d3278) Importer(815301076,1909f56bfc062723c751e8b465ee728b) [PhysX] Initialized MultithreadedTaskDispatcher with 16 workers.
[PhysX] Initialized MultithreadedTaskDispatcher with 16 workers.
[PhysX] Initialized MultithreadedTaskDispatcher with 16 workers.
 -> (artifact id: '07de7dd069eaffa822130f414c09c2cc') in 0.026791 seconds
Number of updated asset objects reloaded before import = 0
Number of asset objects unloaded after import = 7
========================================================================
Received Import Request.
  Time since last request: 0.000033 seconds.
  path: Assets/Selcuk Gerceker/Toon Environments - World Creator Pack Lite/Models/Tiles/Tile_Edge.fbx
  artifactKey: Guid(06922b963b921e44cbadd739dab73ab0) Importer(815301076,1909f56bfc062723c751e8b465ee728b)
Start importing Assets/Selcuk Gerceker/Toon Environments - World Creator Pack Lite/Models/Tiles/Tile_Edge.fbx using Guid(06922b963b921e44cbadd739dab73ab0) Importer(815301076,1909f56bfc062723c751e8b465ee728b) [PhysX] Initialized MultithreadedTaskDispatcher with 16 workers.
[PhysX] Initialized MultithreadedTaskDispatcher with 16 workers.
[PhysX] Initialized MultithreadedTaskDispatcher with 16 workers.
 -> (artifact id: 'de70c89ee2e9161d1eeee898da9e6dba') in 0.024139 seconds
Number of updated asset objects reloaded before import = 0
Number of asset objects unloaded after import = 7
========================================================================
Received Import Request.
  Time since last request: 0.000025 seconds.
  path: Assets/Selcuk Gerceker/Toon Environments - World Creator Pack Lite/Models/Tiles/Tile_Road_Inner_Corner_3_Edge.fbx
  artifactKey: Guid(4a44a34f9a7f5de41984f375c8fe2fb8) Importer(815301076,1909f56bfc062723c751e8b465ee728b)
Start importing Assets/Selcuk Gerceker/Toon Environments - World Creator Pack Lite/Models/Tiles/Tile_Road_Inner_Corner_3_Edge.fbx using Guid(4a44a34f9a7f5de41984f375c8fe2fb8) Importer(815301076,1909f56bfc062723c751e8b465ee728b) [PhysX] Initialized MultithreadedTaskDispatcher with 16 workers.
[PhysX] Initialized MultithreadedTaskDispatcher with 16 workers.
[PhysX] Initialized MultithreadedTaskDispatcher with 16 workers.
 -> (artifact id: '514425be488582b2a7f8d6a5985c18ec') in 0.023788 seconds
Number of updated asset objects reloaded before import = 0
Number of asset objects unloaded after import = 7
========================================================================
Received Import Request.
  Time since last request: 0.001310 seconds.
  path: Assets/Selcuk Gerceker/Toon Environments - World Creator Pack Lite/Models/Tiles/Tile_Road_Solo_Corner.fbx
  artifactKey: Guid(64ac115e5574fea44b039f51e7422c61) Importer(815301076,1909f56bfc062723c751e8b465ee728b)
Start importing Assets/Selcuk Gerceker/Toon Environments - World Creator Pack Lite/Models/Tiles/Tile_Road_Solo_Corner.fbx using Guid(64ac115e5574fea44b039f51e7422c61) Importer(815301076,1909f56bfc062723c751e8b465ee728b) [PhysX] Initialized MultithreadedTaskDispatcher with 16 workers.
[PhysX] Initialized MultithreadedTaskDispatcher with 16 workers.
[PhysX] Initialized MultithreadedTaskDispatcher with 16 workers.
 -> (artifact id: '727a2feb40830fbfb3fa1d64ef859c96') in 0.026150 seconds
Number of updated asset objects reloaded before import = 0
Number of asset objects unloaded after import = 7
========================================================================
Received Import Request.
  Time since last request: 0.000027 seconds.
  path: Assets/Selcuk Gerceker/Toon Environments - World Creator Pack Lite/Models/Tiles/Tile_Road_End.fbx
  artifactKey: Guid(e438b90a2fa14304cb1056a4bf05b52d) Importer(815301076,1909f56bfc062723c751e8b465ee728b)
Start importing Assets/Selcuk Gerceker/Toon Environments - World Creator Pack Lite/Models/Tiles/Tile_Road_End.fbx using Guid(e438b90a2fa14304cb1056a4bf05b52d) Importer(815301076,1909f56bfc062723c751e8b465ee728b) [PhysX] Initialized MultithreadedTaskDispatcher with 16 workers.
[PhysX] Initialized MultithreadedTaskDispatcher with 16 workers.
[PhysX] Initialized MultithreadedTaskDispatcher with 16 workers.
 -> (artifact id: '0b8b64d468ef35a1db41714a01aeb9eb') in 0.033335 seconds
Number of updated asset objects reloaded before import = 0
Number of asset objects unloaded after import = 7
========================================================================
Received Import Request.
  Time since last request: 0.000029 seconds.
  path: Assets/Selcuk Gerceker/Toon Environments - World Creator Pack Lite/Models/Tiles/Tile_Solo_Island.fbx
  artifactKey: Guid(6a8df4b09a45ec14db83a93030c3bb06) Importer(815301076,1909f56bfc062723c751e8b465ee728b)
Start importing Assets/Selcuk Gerceker/Toon Environments - World Creator Pack Lite/Models/Tiles/Tile_Solo_Island.fbx using Guid(6a8df4b09a45ec14db83a93030c3bb06) Importer(815301076,1909f56bfc062723c751e8b465ee728b) [PhysX] Initialized MultithreadedTaskDispatcher with 16 workers.
[PhysX] Initialized MultithreadedTaskDispatcher with 16 workers.
[PhysX] Initialized MultithreadedTaskDispatcher with 16 workers.
 -> (artifact id: '07c7f093c49d9362e3587b9a95f6234f') in 0.025966 seconds
Number of updated asset objects reloaded before import = 0
Number of asset objects unloaded after import = 7
========================================================================
Received Import Request.
  Time since last request: 0.000029 seconds.
  path: Assets/Selcuk Gerceker/Toon Environments - World Creator Pack Lite/Models/Tiles/Tile_Road_Solo.fbx
  artifactKey: Guid(fb5b599722b688841bd8273ae8e0c667) Importer(815301076,1909f56bfc062723c751e8b465ee728b)
Start importing Assets/Selcuk Gerceker/Toon Environments - World Creator Pack Lite/Models/Tiles/Tile_Road_Solo.fbx using Guid(fb5b599722b688841bd8273ae8e0c667) Importer(815301076,1909f56bfc062723c751e8b465ee728b) [PhysX] Initialized MultithreadedTaskDispatcher with 16 workers.
[PhysX] Initialized MultithreadedTaskDispatcher with 16 workers.
[PhysX] Initialized MultithreadedTaskDispatcher with 16 workers.
 -> (artifact id: 'e37b5685c004f4f497ed0d0750b7db59') in 0.023826 seconds
Number of updated asset objects reloaded before import = 0
Number of asset objects unloaded after import = 7
========================================================================
Received Import Request.
  Time since last request: 9.439419 seconds.
  path: Assets/Selcuk Gerceker/Toon Environments - World Creator Pack Lite/Prefabs/Props/Cloud_Box.prefab
  artifactKey: Guid(fd17ad5ea576fbc40b657cd1a5652e9a) Importer(815301076,1909f56bfc062723c751e8b465ee728b)
Start importing Assets/Selcuk Gerceker/Toon Environments - World Creator Pack Lite/Prefabs/Props/Cloud_Box.prefab using Guid(fd17ad5ea576fbc40b657cd1a5652e9a) Importer(815301076,1909f56bfc062723c751e8b465ee728b) [PhysX] Initialized MultithreadedTaskDispatcher with 16 workers.
[PhysX] Initialized MultithreadedTaskDispatcher with 16 workers.
 -> (artifact id: '368b2ef71caf2b3203f5a38b3229e5a5') in 0.032128 seconds
Number of updated asset objects reloaded before import = 0
Number of asset objects unloaded after import = 9
========================================================================
Received Import Request.
  Time since last request: 0.000022 seconds.
  path: Assets/Selcuk Gerceker/Toon Environments - World Creator Pack Lite/Prefabs/Props/Ladder.prefab
  artifactKey: Guid(a4c73f91703f6b34f9bd38ff6eeda3df) Importer(815301076,1909f56bfc062723c751e8b465ee728b)
Start importing Assets/Selcuk Gerceker/Toon Environments - World Creator Pack Lite/Prefabs/Props/Ladder.prefab using Guid(a4c73f91703f6b34f9bd38ff6eeda3df) Importer(815301076,1909f56bfc062723c751e8b465ee728b) [PhysX] Initialized MultithreadedTaskDispatcher with 16 workers.
[PhysX] Initialized MultithreadedTaskDispatcher with 16 workers.
 -> (artifact id: 'b44fdfc2b003bc9b5b9ed46bfe576db9') in 0.018196 seconds
Number of updated asset objects reloaded before import = 0
Number of asset objects unloaded after import = 9
========================================================================
Received Import Request.
  Time since last request: 0.000022 seconds.
  path: Assets/Selcuk Gerceker/Toon Environments - World Creator Pack Lite/Prefabs/Props/Rock4.prefab
  artifactKey: Guid(bc78c7ec5924f9849a1ac512e4181b9f) Importer(815301076,1909f56bfc062723c751e8b465ee728b)
Start importing Assets/Selcuk Gerceker/Toon Environments - World Creator Pack Lite/Prefabs/Props/Rock4.prefab using Guid(bc78c7ec5924f9849a1ac512e4181b9f) Importer(815301076,1909f56bfc062723c751e8b465ee728b) [PhysX] Initialized MultithreadedTaskDispatcher with 16 workers.
[PhysX] Initialized MultithreadedTaskDispatcher with 16 workers.
 -> (artifact id: '7b6fb79cc9ec7b0471f4b6b048101a52') in 0.026613 seconds
Number of updated asset objects reloaded before import = 0
Number of asset objects unloaded after import = 9
========================================================================
Received Import Request.
  Time since last request: 0.000021 seconds.
  path: Assets/Selcuk Gerceker/Toon Environments - World Creator Pack Lite/Prefabs/Props/Nature_Detail_Edge.prefab
  artifactKey: Guid(e519c410b01abf0478e3344b27e06822) Importer(815301076,1909f56bfc062723c751e8b465ee728b)
Start importing Assets/Selcuk Gerceker/Toon Environments - World Creator Pack Lite/Prefabs/Props/Nature_Detail_Edge.prefab using Guid(e519c410b01abf0478e3344b27e06822) Importer(815301076,1909f56bfc062723c751e8b465ee728b) [PhysX] Initialized MultithreadedTaskDispatcher with 16 workers.
[PhysX] Initialized MultithreadedTaskDispatcher with 16 workers.
 -> (artifact id: '3da0da3a6662e79be8918fe24c374a51') in 0.022657 seconds
Number of updated asset objects reloaded before import = 0
Number of asset objects unloaded after import = 9
========================================================================
Received Import Request.
  Time since last request: 0.000025 seconds.
  path: Assets/Selcuk Gerceker/Toon Environments - World Creator Pack Lite/Prefabs/Props/Stone1.prefab
  artifactKey: Guid(c1cf8fa54561844478058d78b4e3a22a) Importer(815301076,1909f56bfc062723c751e8b465ee728b)
Start importing Assets/Selcuk Gerceker/Toon Environments - World Creator Pack Lite/Prefabs/Props/Stone1.prefab using Guid(c1cf8fa54561844478058d78b4e3a22a) Importer(815301076,1909f56bfc062723c751e8b465ee728b) [PhysX] Initialized MultithreadedTaskDispatcher with 16 workers.
[PhysX] Initialized MultithreadedTaskDispatcher with 16 workers.
 -> (artifact id: '1214f63a25cc8e5a9a9c5ab4d1ef0f1b') in 0.021667 seconds
Number of updated asset objects reloaded before import = 0
Number of asset objects unloaded after import = 9
========================================================================
Received Import Request.
  Time since last request: 2.473930 seconds.
  path: Assets/Selcuk Gerceker/Toon Environments - World Creator Pack Lite/Prefabs/Tiles/Tile_Center.prefab
  artifactKey: Guid(60d65e4eed2ca444d9a5224665294248) Importer(815301076,1909f56bfc062723c751e8b465ee728b)
Start importing Assets/Selcuk Gerceker/Toon Environments - World Creator Pack Lite/Prefabs/Tiles/Tile_Center.prefab using Guid(60d65e4eed2ca444d9a5224665294248) Importer(815301076,1909f56bfc062723c751e8b465ee728b) [PhysX] Initialized MultithreadedTaskDispatcher with 16 workers.
[PhysX] Initialized MultithreadedTaskDispatcher with 16 workers.
 -> (artifact id: '5d81772223f9b36793aef8eba1779bf7') in 0.018621 seconds
Number of updated asset objects reloaded before import = 0
Number of asset objects unloaded after import = 9
========================================================================
Received Import Request.
  Time since last request: 0.001922 seconds.
  path: Assets/Selcuk Gerceker/Toon Environments - World Creator Pack Lite/Prefabs/Tiles/Tile_Corner_Foundation.prefab
  artifactKey: Guid(4d8d3aeb7b37cce489edce3815314b3b) Importer(815301076,1909f56bfc062723c751e8b465ee728b)
Start importing Assets/Selcuk Gerceker/Toon Environments - World Creator Pack Lite/Prefabs/Tiles/Tile_Corner_Foundation.prefab using Guid(4d8d3aeb7b37cce489edce3815314b3b) Importer(815301076,1909f56bfc062723c751e8b465ee728b) [PhysX] Initialized MultithreadedTaskDispatcher with 16 workers.
[PhysX] Initialized MultithreadedTaskDispatcher with 16 workers.
 -> (artifact id: '41b0534f0389b85c9a9eb8e82c498335') in 0.018751 seconds
Number of updated asset objects reloaded before import = 0
Number of asset objects unloaded after import = 9
========================================================================
Received Import Request.
  Time since last request: 0.000021 seconds.
  path: Assets/Selcuk Gerceker/Toon Environments - World Creator Pack Lite/Prefabs/Tiles/Tile_Edge_Foundation_End.prefab
  artifactKey: Guid(0e3cb3ebe1ec60f45a043c4fd049ff46) Importer(815301076,1909f56bfc062723c751e8b465ee728b)
Start importing Assets/Selcuk Gerceker/Toon Environments - World Creator Pack Lite/Prefabs/Tiles/Tile_Edge_Foundation_End.prefab using Guid(0e3cb3ebe1ec60f45a043c4fd049ff46) Importer(815301076,1909f56bfc062723c751e8b465ee728b) [PhysX] Initialized MultithreadedTaskDispatcher with 16 workers.
[PhysX] Initialized MultithreadedTaskDispatcher with 16 workers.
 -> (artifact id: '83f1b6c69aedb615d1d045330c4ed8a3') in 0.018615 seconds
Number of updated asset objects reloaded before import = 0
Number of asset objects unloaded after import = 9
========================================================================
Received Import Request.
  Time since last request: 0.000024 seconds.
  path: Assets/Selcuk Gerceker/Toon Environments - World Creator Pack Lite/Prefabs/Tiles/Tile_Road_End_Edge.prefab
  artifactKey: Guid(32d4f34d7a0cfea47925ec8391fa3b63) Importer(815301076,1909f56bfc062723c751e8b465ee728b)
Start importing Assets/Selcuk Gerceker/Toon Environments - World Creator Pack Lite/Prefabs/Tiles/Tile_Road_End_Edge.prefab using Guid(32d4f34d7a0cfea47925ec8391fa3b63) Importer(815301076,1909f56bfc062723c751e8b465ee728b) [PhysX] Initialized MultithreadedTaskDispatcher with 16 workers.
[PhysX] Initialized MultithreadedTaskDispatcher with 16 workers.
 -> (artifact id: 'b02a6878fa7cb2f984e04fc0204fba0a') in 0.018687 seconds
Number of updated asset objects reloaded before import = 0
Number of asset objects unloaded after import = 9
========================================================================
Received Import Request.
  Time since last request: 0.000026 seconds.
  path: Assets/Selcuk Gerceker/Toon Environments - World Creator Pack Lite/Prefabs/Tiles/Tile_Road_Solo_Corner.prefab
  artifactKey: Guid(040d94d054ec7e24ab107208a252541c) Importer(815301076,1909f56bfc062723c751e8b465ee728b)
Start importing Assets/Selcuk Gerceker/Toon Environments - World Creator Pack Lite/Prefabs/Tiles/Tile_Road_Solo_Corner.prefab using Guid(040d94d054ec7e24ab107208a252541c) Importer(815301076,1909f56bfc062723c751e8b465ee728b) [PhysX] Initialized MultithreadedTaskDispatcher with 16 workers.
[PhysX] Initialized MultithreadedTaskDispatcher with 16 workers.
 -> (artifact id: '30e0f7c07848ca2830549ee929618319') in 0.021216 seconds
Number of updated asset objects reloaded before import = 0
Number of asset objects unloaded after import = 9
========================================================================
Received Import Request.
  Time since last request: 40.952455 seconds.
  path: Assets/Free Adventure Vehicles/Prefabs/Vehicle16.prefab
  artifactKey: Guid(7c4c33f28e7c9c6478acf7c0fe58e931) Importer(815301076,1909f56bfc062723c751e8b465ee728b)
Start importing Assets/Free Adventure Vehicles/Prefabs/Vehicle16.prefab using Guid(7c4c33f28e7c9c6478acf7c0fe58e931) Importer(815301076,1909f56bfc062723c751e8b465ee728b) [PhysX] Initialized MultithreadedTaskDispatcher with 16 workers.
[PhysX] Initialized MultithreadedTaskDispatcher with 16 workers.
 -> (artifact id: 'c6a1276ec0967694d18dc864fdf21bd0') in 0.028156 seconds
Number of updated asset objects reloaded before import = 0
Number of asset objects unloaded after import = 42
Editor requested this worker to shutdown with reason: Scaling down because of idle timeout
TcpMessagingSession - receive error: operation aborted. errorcode: 995, details: The I/O operation has been aborted because of either a thread exit or an application request.
AssetImportWorker is now disconnected from the server
Process exiting
Exiting without the bug reporter. Application will terminate with return code 0