Using pre-set license
Built from '2022.3/staging' branch; Version is '2022.3.62f1 (4af31df58517) revision 4911901'; Using compiler version '192829333'; Build Type 'Release'
OS: 'Windows 10  (10.0.19045) 64bit Professional' Language: 'en' Physical Memory: 32694 MB
BatchMode: 1, IsHumanControllingUs: 0, StartBugReporterOnCrash: 0, Is64bit: 1, IsPro: 1

COMMAND LINE ARGUMENTS:
C:\Program Files\Unity\Hub\Editor\2022.3.62f1\Editor\Unity.exe
-adb2
-batchMode
-noUpm
-name
AssetImportWorker0
-projectPath
C:/Users/domin/Platformer Template
-logFile
Logs/AssetImportWorker0.log
-srvPort
55278
Successfully changed project path to: C:/Users/domin/Platformer Template
C:/Users/domin/Platformer Template
[UnityMemory] Configuration Parameters - Can be set up in boot.config
    "memorysetup-bucket-allocator-granularity=16"
    "memorysetup-bucket-allocator-bucket-count=8"
    "memorysetup-bucket-allocator-block-size=33554432"
    "memorysetup-bucket-allocator-block-count=8"
    "memorysetup-main-allocator-block-size=16777216"
    "memorysetup-thread-allocator-block-size=16777216"
    "memorysetup-gfx-main-allocator-block-size=16777216"
    "memorysetup-gfx-thread-allocator-block-size=16777216"
    "memorysetup-cache-allocator-block-size=4194304"
    "memorysetup-typetree-allocator-block-size=2097152"
    "memorysetup-profiler-bucket-allocator-granularity=16"
    "memorysetup-profiler-bucket-allocator-bucket-count=8"
    "memorysetup-profiler-bucket-allocator-block-size=33554432"
    "memorysetup-profiler-bucket-allocator-block-count=8"
    "memorysetup-profiler-allocator-block-size=16777216"
    "memorysetup-profiler-editor-allocator-block-size=1048576"
    "memorysetup-temp-allocator-size-main=16777216"
    "memorysetup-job-temp-allocator-block-size=2097152"
    "memorysetup-job-temp-allocator-block-size-background=1048576"
    "memorysetup-job-temp-allocator-reduction-small-platforms=262144"
    "memorysetup-allocator-temp-initial-block-size-main=262144"
    "memorysetup-allocator-temp-initial-block-size-worker=262144"
    "memorysetup-temp-allocator-size-background-worker=32768"
    "memorysetup-temp-allocator-size-job-worker=262144"
    "memorysetup-temp-allocator-size-preload-manager=33554432"
    "memorysetup-temp-allocator-size-nav-mesh-worker=65536"
    "memorysetup-temp-allocator-size-audio-worker=65536"
    "memorysetup-temp-allocator-size-cloud-worker=32768"
    "memorysetup-temp-allocator-size-gi-baking-worker=262144"
    "memorysetup-temp-allocator-size-gfx=262144"
Player connection [19644]  Target information:

Player connection [19644]  * "[IP] 192.168.0.128 [Port] 0 [Flags] 2 [Guid] 2490677551 [EditorId] 2490677551 [Version] 1048832 [Id] WindowsEditor(7,DESKTOP-ANNLT1Q) [Debug] 1 [PackageName] WindowsEditor [ProjectName] Editor" 

Player connection [19644] Host joined multi-casting on [225.0.0.222:54997]...
Player connection [19644] Host joined alternative multi-casting on [225.0.0.222:34997]...
Input System module state changed to: Initialized.
[PhysX] Initialized MultithreadedTaskDispatcher with 16 workers.
Refreshing native plugins compatible for Editor in 17.53 ms, found 3 plugins.
Preloading 0 native plugins for Editor in 0.00 ms.
Initialize engine version: 2022.3.62f1 (4af31df58517)
[Subsystems] Discovering subsystems at path C:/Program Files/Unity/Hub/Editor/2022.3.62f1/Editor/Data/Resources/UnitySubsystems
[Subsystems] Discovering subsystems at path C:/Users/domin/Platformer Template/Assets
GfxDevice: creating device client; threaded=0; jobified=0
Direct3D:
    Version:  Direct3D 11.0 [level 11.1]
    Renderer: NVIDIA GeForce RTX 2060 (ID=0x1e89)
    Vendor:   NVIDIA
    VRAM:     5945 MB
    Driver:   32.0.15.7680
Initialize mono
Mono path[0] = 'C:/Program Files/Unity/Hub/Editor/2022.3.62f1/Editor/Data/Managed'
Mono path[1] = 'C:/Program Files/Unity/Hub/Editor/2022.3.62f1/Editor/Data/MonoBleedingEdge/lib/mono/unityjit-win32'
Mono config path = 'C:/Program Files/Unity/Hub/Editor/2022.3.62f1/Editor/Data/MonoBleedingEdge/etc'
Using monoOptions --debugger-agent=transport=dt_socket,embedding=1,server=y,suspend=n,address=127.0.0.1:56680
Begin MonoManager ReloadAssembly
Registering precompiled unity dll's ...
Register platform support module: C:/Program Files/Unity/Hub/Editor/2022.3.62f1/Editor/Data/PlaybackEngines/AndroidPlayer/UnityEditor.Android.Extensions.dll
Register platform support module: C:/Program Files/Unity/Hub/Editor/2022.3.62f1/Editor/Data/PlaybackEngines/WindowsStandaloneSupport/UnityEditor.WindowsStandalone.Extensions.dll
Registered in 0.018449 seconds.
- Loaded All Assemblies, in  0.537 seconds
Native extension for WindowsStandalone target not found
Native extension for Android target not found
Mono: successfully reloaded assembly
- Finished resetting the current domain, in  0.427 seconds
Domain Reload Profiling: 959ms
	BeginReloadAssembly (150ms)
		ExecutionOrderSort (0ms)
		DisableScriptedObjects (0ms)
		BackupInstance (0ms)
		ReleaseScriptingObjects (0ms)
		CreateAndSetChildDomain (1ms)
	RebuildCommonClasses (51ms)
	RebuildNativeTypeToScriptingClass (18ms)
	initialDomainReloadingComplete (95ms)
	LoadAllAssembliesAndSetupDomain (218ms)
		LoadAssemblies (147ms)
		RebuildTransferFunctionScriptingTraits (0ms)
		AnalyzeDomain (214ms)
			TypeCache.Refresh (211ms)
				TypeCache.ScanAssembly (192ms)
			ScanForSourceGeneratedMonoScriptInfo (1ms)
			ResolveRequiredComponents (1ms)
	FinalizeReload (427ms)
		ReleaseScriptCaches (0ms)
		RebuildScriptCaches (0ms)
		SetupLoadedEditorAssemblies (358ms)
			LogAssemblyErrors (0ms)
			InitializePlatformSupportModulesInManaged (115ms)
			SetLoadedEditorAssemblies (5ms)
			RefreshPlugins (0ms)
			BeforeProcessingInitializeOnLoad (3ms)
			ProcessInitializeOnLoadAttributes (165ms)
			ProcessInitializeOnLoadMethodAttributes (70ms)
			AfterProcessingInitializeOnLoad (0ms)
			EditorAssembliesLoaded (0ms)
		ExecutionOrderSort2 (0ms)
		AwakeInstancesAfterBackupRestoration (0ms)
========================================================================
Worker process is ready to serve import requests
Caller must complete domain reload
Begin MonoManager ReloadAssembly
- Loaded All Assemblies, in  0.936 seconds
Native extension for WindowsStandalone target not found
Native extension for Android target not found
Mono: successfully reloaded assembly
- Finished resetting the current domain, in  1.086 seconds
Domain Reload Profiling: 2018ms
	BeginReloadAssembly (215ms)
		ExecutionOrderSort (0ms)
		DisableScriptedObjects (8ms)
		BackupInstance (0ms)
		ReleaseScriptingObjects (0ms)
		CreateAndSetChildDomain (28ms)
	RebuildCommonClasses (49ms)
	RebuildNativeTypeToScriptingClass (14ms)
	initialDomainReloadingComplete (62ms)
	LoadAllAssembliesAndSetupDomain (592ms)
		LoadAssemblies (444ms)
		RebuildTransferFunctionScriptingTraits (0ms)
		AnalyzeDomain (274ms)
			TypeCache.Refresh (242ms)
				TypeCache.ScanAssembly (219ms)
			ScanForSourceGeneratedMonoScriptInfo (20ms)
			ResolveRequiredComponents (10ms)
	FinalizeReload (1087ms)
		ReleaseScriptCaches (0ms)
		RebuildScriptCaches (0ms)
		SetupLoadedEditorAssemblies (865ms)
			LogAssemblyErrors (0ms)
			InitializePlatformSupportModulesInManaged (27ms)
			SetLoadedEditorAssemblies (5ms)
			RefreshPlugins (0ms)
			BeforeProcessingInitializeOnLoad (91ms)
			ProcessInitializeOnLoadAttributes (697ms)
			ProcessInitializeOnLoadMethodAttributes (30ms)
			AfterProcessingInitializeOnLoad (14ms)
			EditorAssembliesLoaded (0ms)
		ExecutionOrderSort2 (0ms)
		AwakeInstancesAfterBackupRestoration (8ms)
Launched and connected shader compiler UnityShaderCompiler.exe after 0.07 seconds
Refreshing native plugins compatible for Editor in 8.05 ms, found 3 plugins.
Preloading 0 native plugins for Editor in 0.00 ms.
Unloading 3199 Unused Serialized files (Serialized files now loaded: 0)
Unloading 19 unused Assets / (54.7 KB). Loaded Objects now: 3687.
Memory consumption went from 131.1 MB to 131.1 MB.
Total: 6.489800 ms (FindLiveObjects: 0.448200 ms CreateObjectMapping: 0.158000 ms MarkObjects: 5.675900 ms  DeleteObjects: 0.205800 ms)

AssetImportParameters requested are different than current active one (requested -> active):
  custom:container-demuxer-ogg: 62fdf1f143b41e24485cea50d1cbac27 -> 
  custom:video-decoder-ogg-theora: a1e56fd34408186e4bbccfd4996cb3dc -> 
  custom:framework-win-MediaFoundation: 216162199b28c13a410421893ffa2e32 -> 
  custom:CustomObjectIndexerAttribute: 9a22284fe3817be447336de3de66b15e -> 
  custom:container-demuxer-webm: 4f35f7cbe854078d1ac9338744f61a02 -> 
  custom:container-muxer-webm: aa71ff27fc2769a1b78a27578f13a17b -> 
  custom:video-decoder-webm-vp8: 9c59270c3fd7afecdb556c50c9e8de78 -> 
  custom:SearchIndexIgnoredProperties: e643bd26f0fe6173181afceb89e7c659 -> 
  custom:AudioImporter_EditorPlatform: d09bf68614088b80899f8185d706f6e7 -> 
  custom:video-encoder-webm-vp8: eb34c28f22e8b96e1ab97ce403110664 -> 
  custom:audio-decoder-ogg-vorbis: bf7c407c2cedff20999df2af8eb42d56 -> 
  custom:audio-encoder-webm-vorbis: bf7c407c2cedff20999df2af8eb42d56 -> 
========================================================================
Received Import Request.
  Time since last request: 1143745.624894 seconds.
  path: Assets/KinematicCharacterController/Examples/Scripts
  artifactKey: Guid(deaf75aea7734bf4db8cff333af4d711) Importer(815301076,1909f56bfc062723c751e8b465ee728b)
Start importing Assets/KinematicCharacterController/Examples/Scripts using Guid(deaf75aea7734bf4db8cff333af4d711) Importer(815301076,1909f56bfc062723c751e8b465ee728b) [PhysX] Initialized MultithreadedTaskDispatcher with 16 workers.
 -> (artifact id: 'dd2f2035ed2f6163f6f09bf3b4d99020') in 0.004293 seconds
Number of updated asset objects reloaded before import = 0
Number of asset objects unloaded after import = 0
========================================================================
Received Import Request.
  Time since last request: 22.915527 seconds.
  path: Assets/Scenes/SampleScene.unity
  artifactKey: Guid(9fc0d4010bbf28b4594072e72b8655ab) Importer(815301076,1909f56bfc062723c751e8b465ee728b)
Start importing Assets/Scenes/SampleScene.unity using Guid(9fc0d4010bbf28b4594072e72b8655ab) Importer(815301076,1909f56bfc062723c751e8b465ee728b) [PhysX] Initialized MultithreadedTaskDispatcher with 16 workers.
 -> (artifact id: '3f6a8d7a3f0756e31431f2aab181faae') in 0.000677 seconds
Number of updated asset objects reloaded before import = 0
Number of asset objects unloaded after import = 0
========================================================================
Received Prepare
Caller must complete domain reload
Begin MonoManager ReloadAssembly
- Loaded All Assemblies, in  0.610 seconds
Native extension for WindowsStandalone target not found
Native extension for Android target not found
Mono: successfully reloaded assembly
- Finished resetting the current domain, in  1.643 seconds
Domain Reload Profiling: 2248ms
	BeginReloadAssembly (209ms)
		ExecutionOrderSort (0ms)
		DisableScriptedObjects (7ms)
		BackupInstance (0ms)
		ReleaseScriptingObjects (0ms)
		CreateAndSetChildDomain (41ms)
	RebuildCommonClasses (47ms)
	RebuildNativeTypeToScriptingClass (20ms)
	initialDomainReloadingComplete (47ms)
	LoadAllAssembliesAndSetupDomain (282ms)
		LoadAssemblies (386ms)
		RebuildTransferFunctionScriptingTraits (0ms)
		AnalyzeDomain (17ms)
			TypeCache.Refresh (6ms)
				TypeCache.ScanAssembly (0ms)
			ScanForSourceGeneratedMonoScriptInfo (0ms)
			ResolveRequiredComponents (9ms)
	FinalizeReload (1644ms)
		ReleaseScriptCaches (0ms)
		RebuildScriptCaches (0ms)
		SetupLoadedEditorAssemblies (875ms)
			LogAssemblyErrors (0ms)
			InitializePlatformSupportModulesInManaged (34ms)
			SetLoadedEditorAssemblies (7ms)
			RefreshPlugins (0ms)
			BeforeProcessingInitializeOnLoad (94ms)
			ProcessInitializeOnLoadAttributes (690ms)
			ProcessInitializeOnLoadMethodAttributes (34ms)
			AfterProcessingInitializeOnLoad (17ms)
			EditorAssembliesLoaded (0ms)
		ExecutionOrderSort2 (0ms)
		AwakeInstancesAfterBackupRestoration (10ms)
Refreshing native plugins compatible for Editor in 8.24 ms, found 3 plugins.
Preloading 0 native plugins for Editor in 0.00 ms.
Unloading 3191 Unused Serialized files (Serialized files now loaded: 0)
Unloading 14 unused Assets / (28.5 KB). Loaded Objects now: 3690.
Memory consumption went from 130.0 MB to 130.0 MB.
Total: 7.449300 ms (FindLiveObjects: 0.703900 ms CreateObjectMapping: 0.302400 ms MarkObjects: 6.368200 ms  DeleteObjects: 0.072700 ms)

Prepare: number of updated asset objects reloaded= 0
AssetImportParameters requested are different than current active one (requested -> active):
  custom:container-demuxer-ogg: 62fdf1f143b41e24485cea50d1cbac27 -> 
  custom:video-decoder-ogg-theora: a1e56fd34408186e4bbccfd4996cb3dc -> 
  custom:framework-win-MediaFoundation: 216162199b28c13a410421893ffa2e32 -> 
  custom:CustomObjectIndexerAttribute: 9a22284fe3817be447336de3de66b15e -> 
  custom:container-demuxer-webm: 4f35f7cbe854078d1ac9338744f61a02 -> 
  custom:container-muxer-webm: aa71ff27fc2769a1b78a27578f13a17b -> 
  custom:video-decoder-webm-vp8: 9c59270c3fd7afecdb556c50c9e8de78 -> 
  custom:SearchIndexIgnoredProperties: e643bd26f0fe6173181afceb89e7c659 -> 
  custom:AudioImporter_EditorPlatform: d09bf68614088b80899f8185d706f6e7 -> 
  custom:video-encoder-webm-vp8: eb34c28f22e8b96e1ab97ce403110664 -> 
  custom:audio-decoder-ogg-vorbis: bf7c407c2cedff20999df2af8eb42d56 -> 
  custom:audio-encoder-webm-vorbis: bf7c407c2cedff20999df2af8eb42d56 -> 
========================================================================
Received Prepare
Caller must complete domain reload
Begin MonoManager ReloadAssembly
- Loaded All Assemblies, in  0.588 seconds
Native extension for WindowsStandalone target not found
Native extension for Android target not found
Mono: successfully reloaded assembly
- Finished resetting the current domain, in  1.611 seconds
Domain Reload Profiling: 2194ms
	BeginReloadAssembly (201ms)
		ExecutionOrderSort (0ms)
		DisableScriptedObjects (8ms)
		BackupInstance (0ms)
		ReleaseScriptingObjects (0ms)
		CreateAndSetChildDomain (35ms)
	RebuildCommonClasses (52ms)
	RebuildNativeTypeToScriptingClass (15ms)
	initialDomainReloadingComplete (46ms)
	LoadAllAssembliesAndSetupDomain (268ms)
		LoadAssemblies (371ms)
		RebuildTransferFunctionScriptingTraits (0ms)
		AnalyzeDomain (18ms)
			TypeCache.Refresh (6ms)
				TypeCache.ScanAssembly (0ms)
			ScanForSourceGeneratedMonoScriptInfo (0ms)
			ResolveRequiredComponents (9ms)
	FinalizeReload (1612ms)
		ReleaseScriptCaches (0ms)
		RebuildScriptCaches (0ms)
		SetupLoadedEditorAssemblies (844ms)
			LogAssemblyErrors (0ms)
			InitializePlatformSupportModulesInManaged (30ms)
			SetLoadedEditorAssemblies (6ms)
			RefreshPlugins (0ms)
			BeforeProcessingInitializeOnLoad (94ms)
			ProcessInitializeOnLoadAttributes (666ms)
			ProcessInitializeOnLoadMethodAttributes (33ms)
			AfterProcessingInitializeOnLoad (15ms)
			EditorAssembliesLoaded (1ms)
		ExecutionOrderSort2 (0ms)
		AwakeInstancesAfterBackupRestoration (8ms)
Refreshing native plugins compatible for Editor in 10.23 ms, found 3 plugins.
Preloading 0 native plugins for Editor in 0.00 ms.
Unloading 3192 Unused Serialized files (Serialized files now loaded: 0)
Unloading 14 unused Assets / (28.5 KB). Loaded Objects now: 3693.
Memory consumption went from 130.3 MB to 130.3 MB.
Total: 7.023300 ms (FindLiveObjects: 0.483800 ms CreateObjectMapping: 0.161800 ms MarkObjects: 6.304000 ms  DeleteObjects: 0.071100 ms)

Prepare: number of updated asset objects reloaded= 0
AssetImportParameters requested are different than current active one (requested -> active):
  custom:container-demuxer-ogg: 62fdf1f143b41e24485cea50d1cbac27 -> 
  custom:video-decoder-ogg-theora: a1e56fd34408186e4bbccfd4996cb3dc -> 
  custom:framework-win-MediaFoundation: 216162199b28c13a410421893ffa2e32 -> 
  custom:CustomObjectIndexerAttribute: 9a22284fe3817be447336de3de66b15e -> 
  custom:container-demuxer-webm: 4f35f7cbe854078d1ac9338744f61a02 -> 
  custom:container-muxer-webm: aa71ff27fc2769a1b78a27578f13a17b -> 
  custom:video-decoder-webm-vp8: 9c59270c3fd7afecdb556c50c9e8de78 -> 
  custom:SearchIndexIgnoredProperties: e643bd26f0fe6173181afceb89e7c659 -> 
  custom:AudioImporter_EditorPlatform: d09bf68614088b80899f8185d706f6e7 -> 
  custom:video-encoder-webm-vp8: eb34c28f22e8b96e1ab97ce403110664 -> 
  custom:audio-decoder-ogg-vorbis: bf7c407c2cedff20999df2af8eb42d56 -> 
  custom:audio-encoder-webm-vorbis: bf7c407c2cedff20999df2af8eb42d56 -> 
========================================================================
Received Prepare
Caller must complete domain reload
Begin MonoManager ReloadAssembly
- Loaded All Assemblies, in  0.614 seconds
Native extension for WindowsStandalone target not found
Native extension for Android target not found
Mono: successfully reloaded assembly
- Finished resetting the current domain, in  1.603 seconds
Domain Reload Profiling: 2213ms
	BeginReloadAssembly (201ms)
		ExecutionOrderSort (0ms)
		DisableScriptedObjects (7ms)
		BackupInstance (0ms)
		ReleaseScriptingObjects (0ms)
		CreateAndSetChildDomain (36ms)
	RebuildCommonClasses (47ms)
	RebuildNativeTypeToScriptingClass (17ms)
	initialDomainReloadingComplete (50ms)
	LoadAllAssembliesAndSetupDomain (294ms)
		LoadAssemblies (394ms)
		RebuildTransferFunctionScriptingTraits (0ms)
		AnalyzeDomain (17ms)
			TypeCache.Refresh (6ms)
				TypeCache.ScanAssembly (0ms)
			ScanForSourceGeneratedMonoScriptInfo (0ms)
			ResolveRequiredComponents (9ms)
	FinalizeReload (1604ms)
		ReleaseScriptCaches (0ms)
		RebuildScriptCaches (0ms)
		SetupLoadedEditorAssemblies (820ms)
			LogAssemblyErrors (0ms)
			InitializePlatformSupportModulesInManaged (28ms)
			SetLoadedEditorAssemblies (5ms)
			RefreshPlugins (0ms)
			BeforeProcessingInitializeOnLoad (96ms)
			ProcessInitializeOnLoadAttributes (648ms)
			ProcessInitializeOnLoadMethodAttributes (29ms)
			AfterProcessingInitializeOnLoad (15ms)
			EditorAssembliesLoaded (0ms)
		ExecutionOrderSort2 (0ms)
		AwakeInstancesAfterBackupRestoration (8ms)
Refreshing native plugins compatible for Editor in 8.84 ms, found 3 plugins.
Preloading 0 native plugins for Editor in 0.00 ms.
Unloading 3192 Unused Serialized files (Serialized files now loaded: 0)
Unloading 14 unused Assets / (28.5 KB). Loaded Objects now: 3696.
Memory consumption went from 130.3 MB to 130.3 MB.
Total: 7.324800 ms (FindLiveObjects: 0.515100 ms CreateObjectMapping: 0.178400 ms MarkObjects: 6.546400 ms  DeleteObjects: 0.082700 ms)

Prepare: number of updated asset objects reloaded= 0
AssetImportParameters requested are different than current active one (requested -> active):
  custom:container-demuxer-ogg: 62fdf1f143b41e24485cea50d1cbac27 -> 
  custom:video-decoder-ogg-theora: a1e56fd34408186e4bbccfd4996cb3dc -> 
  custom:framework-win-MediaFoundation: 216162199b28c13a410421893ffa2e32 -> 
  custom:CustomObjectIndexerAttribute: 9a22284fe3817be447336de3de66b15e -> 
  custom:container-demuxer-webm: 4f35f7cbe854078d1ac9338744f61a02 -> 
  custom:container-muxer-webm: aa71ff27fc2769a1b78a27578f13a17b -> 
  custom:video-decoder-webm-vp8: 9c59270c3fd7afecdb556c50c9e8de78 -> 
  custom:SearchIndexIgnoredProperties: e643bd26f0fe6173181afceb89e7c659 -> 
  custom:AudioImporter_EditorPlatform: d09bf68614088b80899f8185d706f6e7 -> 
  custom:video-encoder-webm-vp8: eb34c28f22e8b96e1ab97ce403110664 -> 
  custom:audio-decoder-ogg-vorbis: bf7c407c2cedff20999df2af8eb42d56 -> 
  custom:audio-encoder-webm-vorbis: bf7c407c2cedff20999df2af8eb42d56 -> 
========================================================================
Received Prepare
Caller must complete domain reload
Begin MonoManager ReloadAssembly
- Loaded All Assemblies, in  0.709 seconds
Native extension for WindowsStandalone target not found
Native extension for Android target not found
Mono: successfully reloaded assembly
- Finished resetting the current domain, in  1.764 seconds
Domain Reload Profiling: 2468ms
	BeginReloadAssembly (220ms)
		ExecutionOrderSort (0ms)
		DisableScriptedObjects (9ms)
		BackupInstance (0ms)
		ReleaseScriptingObjects (0ms)
		CreateAndSetChildDomain (39ms)
	RebuildCommonClasses (54ms)
	RebuildNativeTypeToScriptingClass (16ms)
	initialDomainReloadingComplete (47ms)
	LoadAllAssembliesAndSetupDomain (365ms)
		LoadAssemblies (475ms)
		RebuildTransferFunctionScriptingTraits (0ms)
		AnalyzeDomain (18ms)
			TypeCache.Refresh (6ms)
				TypeCache.ScanAssembly (0ms)
			ScanForSourceGeneratedMonoScriptInfo (0ms)
			ResolveRequiredComponents (9ms)
	FinalizeReload (1765ms)
		ReleaseScriptCaches (0ms)
		RebuildScriptCaches (0ms)
		SetupLoadedEditorAssemblies (909ms)
			LogAssemblyErrors (0ms)
			InitializePlatformSupportModulesInManaged (39ms)
			SetLoadedEditorAssemblies (7ms)
			RefreshPlugins (0ms)
			BeforeProcessingInitializeOnLoad (103ms)
			ProcessInitializeOnLoadAttributes (714ms)
			ProcessInitializeOnLoadMethodAttributes (29ms)
			AfterProcessingInitializeOnLoad (17ms)
			EditorAssembliesLoaded (0ms)
		ExecutionOrderSort2 (0ms)
		AwakeInstancesAfterBackupRestoration (9ms)
Refreshing native plugins compatible for Editor in 7.31 ms, found 3 plugins.
Preloading 0 native plugins for Editor in 0.00 ms.
Unloading 3192 Unused Serialized files (Serialized files now loaded: 0)
Unloading 14 unused Assets / (28.4 KB). Loaded Objects now: 3699.
Memory consumption went from 130.3 MB to 130.3 MB.
Total: 7.002700 ms (FindLiveObjects: 0.488700 ms CreateObjectMapping: 0.138500 ms MarkObjects: 6.279600 ms  DeleteObjects: 0.093600 ms)

Prepare: number of updated asset objects reloaded= 0
AssetImportParameters requested are different than current active one (requested -> active):
  custom:container-demuxer-ogg: 62fdf1f143b41e24485cea50d1cbac27 -> 
  custom:video-decoder-ogg-theora: a1e56fd34408186e4bbccfd4996cb3dc -> 
  custom:framework-win-MediaFoundation: 216162199b28c13a410421893ffa2e32 -> 
  custom:CustomObjectIndexerAttribute: 9a22284fe3817be447336de3de66b15e -> 
  custom:container-demuxer-webm: 4f35f7cbe854078d1ac9338744f61a02 -> 
  custom:container-muxer-webm: aa71ff27fc2769a1b78a27578f13a17b -> 
  custom:video-decoder-webm-vp8: 9c59270c3fd7afecdb556c50c9e8de78 -> 
  custom:SearchIndexIgnoredProperties: e643bd26f0fe6173181afceb89e7c659 -> 
  custom:AudioImporter_EditorPlatform: d09bf68614088b80899f8185d706f6e7 -> 
  custom:video-encoder-webm-vp8: eb34c28f22e8b96e1ab97ce403110664 -> 
  custom:audio-decoder-ogg-vorbis: bf7c407c2cedff20999df2af8eb42d56 -> 
  custom:audio-encoder-webm-vorbis: bf7c407c2cedff20999df2af8eb42d56 -> 
========================================================================
Received Prepare
Caller must complete domain reload
Begin MonoManager ReloadAssembly
- Loaded All Assemblies, in  0.633 seconds
Native extension for WindowsStandalone target not found
Native extension for Android target not found
Mono: successfully reloaded assembly
- Finished resetting the current domain, in  1.534 seconds
Domain Reload Profiling: 2162ms
	BeginReloadAssembly (210ms)
		ExecutionOrderSort (0ms)
		DisableScriptedObjects (8ms)
		BackupInstance (0ms)
		ReleaseScriptingObjects (0ms)
		CreateAndSetChildDomain (37ms)
	RebuildCommonClasses (52ms)
	RebuildNativeTypeToScriptingClass (15ms)
	initialDomainReloadingComplete (51ms)
	LoadAllAssembliesAndSetupDomain (300ms)
		LoadAssemblies (392ms)
		RebuildTransferFunctionScriptingTraits (0ms)
		AnalyzeDomain (34ms)
			TypeCache.Refresh (14ms)
				TypeCache.ScanAssembly (2ms)
			ScanForSourceGeneratedMonoScriptInfo (10ms)
			ResolveRequiredComponents (8ms)
	FinalizeReload (1534ms)
		ReleaseScriptCaches (0ms)
		RebuildScriptCaches (0ms)
		SetupLoadedEditorAssemblies (768ms)
			LogAssemblyErrors (0ms)
			InitializePlatformSupportModulesInManaged (26ms)
			SetLoadedEditorAssemblies (6ms)
			RefreshPlugins (0ms)
			BeforeProcessingInitializeOnLoad (90ms)
			ProcessInitializeOnLoadAttributes (605ms)
			ProcessInitializeOnLoadMethodAttributes (26ms)
			AfterProcessingInitializeOnLoad (15ms)
			EditorAssembliesLoaded (0ms)
		ExecutionOrderSort2 (0ms)
		AwakeInstancesAfterBackupRestoration (8ms)
Refreshing native plugins compatible for Editor in 8.27 ms, found 3 plugins.
Preloading 0 native plugins for Editor in 0.00 ms.
Unloading 3192 Unused Serialized files (Serialized files now loaded: 0)
Unloading 14 unused Assets / (28.5 KB). Loaded Objects now: 3702.
Memory consumption went from 130.3 MB to 130.3 MB.
Total: 6.419500 ms (FindLiveObjects: 0.428100 ms CreateObjectMapping: 0.156300 ms MarkObjects: 5.753600 ms  DeleteObjects: 0.079500 ms)

Prepare: number of updated asset objects reloaded= 0
AssetImportParameters requested are different than current active one (requested -> active):
  custom:container-demuxer-ogg: 62fdf1f143b41e24485cea50d1cbac27 -> 
  custom:video-decoder-ogg-theora: a1e56fd34408186e4bbccfd4996cb3dc -> 
  custom:framework-win-MediaFoundation: 216162199b28c13a410421893ffa2e32 -> 
  custom:CustomObjectIndexerAttribute: 9a22284fe3817be447336de3de66b15e -> 
  custom:container-demuxer-webm: 4f35f7cbe854078d1ac9338744f61a02 -> 
  custom:container-muxer-webm: aa71ff27fc2769a1b78a27578f13a17b -> 
  custom:video-decoder-webm-vp8: 9c59270c3fd7afecdb556c50c9e8de78 -> 
  custom:SearchIndexIgnoredProperties: e643bd26f0fe6173181afceb89e7c659 -> 
  custom:AudioImporter_EditorPlatform: d09bf68614088b80899f8185d706f6e7 -> 
  custom:video-encoder-webm-vp8: eb34c28f22e8b96e1ab97ce403110664 -> 
  custom:audio-decoder-ogg-vorbis: bf7c407c2cedff20999df2af8eb42d56 -> 
  custom:audio-encoder-webm-vorbis: bf7c407c2cedff20999df2af8eb42d56 -> 
========================================================================
Received Prepare
Caller must complete domain reload
Begin MonoManager ReloadAssembly
- Loaded All Assemblies, in  0.616 seconds
Native extension for WindowsStandalone target not found
Native extension for Android target not found
Mono: successfully reloaded assembly
- Finished resetting the current domain, in  1.654 seconds
Domain Reload Profiling: 2264ms
	BeginReloadAssembly (204ms)
		ExecutionOrderSort (0ms)
		DisableScriptedObjects (10ms)
		BackupInstance (0ms)
		ReleaseScriptingObjects (0ms)
		CreateAndSetChildDomain (35ms)
	RebuildCommonClasses (48ms)
	RebuildNativeTypeToScriptingClass (15ms)
	initialDomainReloadingComplete (49ms)
	LoadAllAssembliesAndSetupDomain (294ms)
		LoadAssemblies (397ms)
		RebuildTransferFunctionScriptingTraits (0ms)
		AnalyzeDomain (18ms)
			TypeCache.Refresh (7ms)
				TypeCache.ScanAssembly (0ms)
			ScanForSourceGeneratedMonoScriptInfo (0ms)
			ResolveRequiredComponents (8ms)
	FinalizeReload (1655ms)
		ReleaseScriptCaches (0ms)
		RebuildScriptCaches (0ms)
		SetupLoadedEditorAssemblies (853ms)
			LogAssemblyErrors (0ms)
			InitializePlatformSupportModulesInManaged (29ms)
			SetLoadedEditorAssemblies (6ms)
			RefreshPlugins (0ms)
			BeforeProcessingInitializeOnLoad (100ms)
			ProcessInitializeOnLoadAttributes (672ms)
			ProcessInitializeOnLoadMethodAttributes (30ms)
			AfterProcessingInitializeOnLoad (16ms)
			EditorAssembliesLoaded (0ms)
		ExecutionOrderSort2 (0ms)
		AwakeInstancesAfterBackupRestoration (9ms)
Refreshing native plugins compatible for Editor in 7.97 ms, found 3 plugins.
Preloading 0 native plugins for Editor in 0.00 ms.
Unloading 3192 Unused Serialized files (Serialized files now loaded: 0)
Unloading 14 unused Assets / (28.5 KB). Loaded Objects now: 3705.
Memory consumption went from 130.3 MB to 130.3 MB.
Total: 7.307800 ms (FindLiveObjects: 0.501300 ms CreateObjectMapping: 0.208300 ms MarkObjects: 6.530000 ms  DeleteObjects: 0.065900 ms)

Prepare: number of updated asset objects reloaded= 0
AssetImportParameters requested are different than current active one (requested -> active):
  custom:container-demuxer-ogg: 62fdf1f143b41e24485cea50d1cbac27 -> 
  custom:video-decoder-ogg-theora: a1e56fd34408186e4bbccfd4996cb3dc -> 
  custom:framework-win-MediaFoundation: 216162199b28c13a410421893ffa2e32 -> 
  custom:CustomObjectIndexerAttribute: 9a22284fe3817be447336de3de66b15e -> 
  custom:container-demuxer-webm: 4f35f7cbe854078d1ac9338744f61a02 -> 
  custom:container-muxer-webm: aa71ff27fc2769a1b78a27578f13a17b -> 
  custom:video-decoder-webm-vp8: 9c59270c3fd7afecdb556c50c9e8de78 -> 
  custom:SearchIndexIgnoredProperties: e643bd26f0fe6173181afceb89e7c659 -> 
  custom:AudioImporter_EditorPlatform: d09bf68614088b80899f8185d706f6e7 -> 
  custom:video-encoder-webm-vp8: eb34c28f22e8b96e1ab97ce403110664 -> 
  custom:audio-decoder-ogg-vorbis: bf7c407c2cedff20999df2af8eb42d56 -> 
  custom:audio-encoder-webm-vorbis: bf7c407c2cedff20999df2af8eb42d56 -> 
========================================================================
Received Import Request.
  Time since last request: 267.525416 seconds.
  path: Assets/PlatformSystem.prefab
  artifactKey: Guid(643ed9bea4fa7b9428c015730f7685d4) Importer(815301076,1909f56bfc062723c751e8b465ee728b)
Start importing Assets/PlatformSystem.prefab using Guid(643ed9bea4fa7b9428c015730f7685d4) Importer(815301076,1909f56bfc062723c751e8b465ee728b) [PhysX] Initialized MultithreadedTaskDispatcher with 16 workers.
[PhysX] Initialized MultithreadedTaskDispatcher with 16 workers.
 -> (artifact id: '0f8a73fcf76feb4a78fbc23787f715e2') in 0.140620 seconds
Number of updated asset objects reloaded before import = 0
Number of asset objects unloaded after import = 16
========================================================================
Received Import Request.
  Time since last request: 217.443469 seconds.
  path: Assets/Selcuk Gerceker
  artifactKey: Guid(659d6b57b9e986d41b3d893b47befce4) Importer(815301076,1909f56bfc062723c751e8b465ee728b)
Start importing Assets/Selcuk Gerceker using Guid(659d6b57b9e986d41b3d893b47befce4) Importer(815301076,1909f56bfc062723c751e8b465ee728b) [PhysX] Initialized MultithreadedTaskDispatcher with 16 workers.
 -> (artifact id: '047898f360ac3ae51e73bd37565031ae') in 0.000701 seconds
Number of updated asset objects reloaded before import = 0
Number of asset objects unloaded after import = 0
========================================================================
Received Import Request.
  Time since last request: 0.902641 seconds.
  path: Assets/Selcuk Gerceker/Toon Environments - World Creator Pack Lite
  artifactKey: Guid(abe5d9b0f996d17478ed585339f24e8a) Importer(815301076,1909f56bfc062723c751e8b465ee728b)
Start importing Assets/Selcuk Gerceker/Toon Environments - World Creator Pack Lite using Guid(abe5d9b0f996d17478ed585339f24e8a) Importer(815301076,1909f56bfc062723c751e8b465ee728b) [PhysX] Initialized MultithreadedTaskDispatcher with 16 workers.
 -> (artifact id: '42ca2a915b9ef5ef9f2ef992ded6ebf7') in 0.000644 seconds
Number of updated asset objects reloaded before import = 0
Number of asset objects unloaded after import = 0
========================================================================
Received Import Request.
  Time since last request: 1.135547 seconds.
  path: Assets/Selcuk Gerceker/Toon Environments - World Creator Pack Lite/Materials
  artifactKey: Guid(2abd23cdd13af294d92eb52075117e9e) Importer(815301076,1909f56bfc062723c751e8b465ee728b)
Start importing Assets/Selcuk Gerceker/Toon Environments - World Creator Pack Lite/Materials using Guid(2abd23cdd13af294d92eb52075117e9e) Importer(815301076,1909f56bfc062723c751e8b465ee728b) [PhysX] Initialized MultithreadedTaskDispatcher with 16 workers.
 -> (artifact id: 'ee6d97a231af2911c6054c19993a7d84') in 0.000647 seconds
Number of updated asset objects reloaded before import = 0
Number of asset objects unloaded after import = 0
========================================================================
Received Import Request.
  Time since last request: 0.077622 seconds.
  path: Assets/Selcuk Gerceker/Toon Environments - World Creator Pack Lite/Materials/Candyland.mat
  artifactKey: Guid(a6a9daffd97df7545b640ad5f896c383) Importer(815301076,1909f56bfc062723c751e8b465ee728b)
Start importing Assets/Selcuk Gerceker/Toon Environments - World Creator Pack Lite/Materials/Candyland.mat using Guid(a6a9daffd97df7545b640ad5f896c383) Importer(815301076,1909f56bfc062723c751e8b465ee728b) [PhysX] Initialized MultithreadedTaskDispatcher with 16 workers.
[PhysX] Initialized MultithreadedTaskDispatcher with 16 workers.
 -> (artifact id: '47192de2fbf67e9d69bf2782d732064d') in 0.052807 seconds
Number of updated asset objects reloaded before import = 0
Number of asset objects unloaded after import = 2
========================================================================
Received Import Request.
  Time since last request: 0.000050 seconds.
  path: Assets/Selcuk Gerceker/Toon Environments - World Creator Pack Lite/Materials/Summer.mat
  artifactKey: Guid(2806ce35c0a6c93499cc6de04055d9d4) Importer(815301076,1909f56bfc062723c751e8b465ee728b)
Start importing Assets/Selcuk Gerceker/Toon Environments - World Creator Pack Lite/Materials/Summer.mat using Guid(2806ce35c0a6c93499cc6de04055d9d4) Importer(815301076,1909f56bfc062723c751e8b465ee728b) [PhysX] Initialized MultithreadedTaskDispatcher with 16 workers.
[PhysX] Initialized MultithreadedTaskDispatcher with 16 workers.
 -> (artifact id: 'fcb0134ea8b9fd928d52c207cb7b7a8f') in 0.028380 seconds
Number of updated asset objects reloaded before import = 0
Number of asset objects unloaded after import = 2
========================================================================
Received Import Request.
  Time since last request: 0.000031 seconds.
  path: Assets/Selcuk Gerceker/Toon Environments - World Creator Pack Lite/Materials/Fall.mat
  artifactKey: Guid(f15d3e742a1142741b5ebcba4fd016fc) Importer(815301076,1909f56bfc062723c751e8b465ee728b)
Start importing Assets/Selcuk Gerceker/Toon Environments - World Creator Pack Lite/Materials/Fall.mat using Guid(f15d3e742a1142741b5ebcba4fd016fc) Importer(815301076,1909f56bfc062723c751e8b465ee728b) [PhysX] Initialized MultithreadedTaskDispatcher with 16 workers.
[PhysX] Initialized MultithreadedTaskDispatcher with 16 workers.
 -> (artifact id: 'dabde4929493c26d504d594da48c937b') in 0.033900 seconds
Number of updated asset objects reloaded before import = 0
Number of asset objects unloaded after import = 2
========================================================================
Received Import Request.
  Time since last request: 0.000028 seconds.
  path: Assets/Selcuk Gerceker/Toon Environments - World Creator Pack Lite/Materials/Winter_Asphalt.mat
  artifactKey: Guid(6da175c1349cbfa419a7ac76edb0072e) Importer(815301076,1909f56bfc062723c751e8b465ee728b)
Start importing Assets/Selcuk Gerceker/Toon Environments - World Creator Pack Lite/Materials/Winter_Asphalt.mat using Guid(6da175c1349cbfa419a7ac76edb0072e) Importer(815301076,1909f56bfc062723c751e8b465ee728b) [PhysX] Initialized MultithreadedTaskDispatcher with 16 workers.
[PhysX] Initialized MultithreadedTaskDispatcher with 16 workers.
 -> (artifact id: '1b9e84b0f8a4b1508c974bade075ccfa') in 0.025544 seconds
Number of updated asset objects reloaded before import = 0
Number of asset objects unloaded after import = 2
========================================================================
Received Import Request.
  Time since last request: 0.000028 seconds.
  path: Assets/Selcuk Gerceker/Toon Environments - World Creator Pack Lite/Materials/MyOwnTheme.mat
  artifactKey: Guid(6ca91f1a031a8ba4080fa6a8c8bb9e7a) Importer(815301076,1909f56bfc062723c751e8b465ee728b)
Start importing Assets/Selcuk Gerceker/Toon Environments - World Creator Pack Lite/Materials/MyOwnTheme.mat using Guid(6ca91f1a031a8ba4080fa6a8c8bb9e7a) Importer(815301076,1909f56bfc062723c751e8b465ee728b) [PhysX] Initialized MultithreadedTaskDispatcher with 16 workers.
[PhysX] Initialized MultithreadedTaskDispatcher with 16 workers.
 -> (artifact id: '4b41cad7965a544abf9ce984efcfb731') in 0.023484 seconds
Number of updated asset objects reloaded before import = 0
Number of asset objects unloaded after import = 2
========================================================================
Received Import Request.
  Time since last request: 0.000037 seconds.
  path: Assets/Selcuk Gerceker/Toon Environments - World Creator Pack Lite/Materials/Desert.mat
  artifactKey: Guid(7e2dc823cb4e1cb4ab7175bd44b18a05) Importer(815301076,1909f56bfc062723c751e8b465ee728b)
Start importing Assets/Selcuk Gerceker/Toon Environments - World Creator Pack Lite/Materials/Desert.mat using Guid(7e2dc823cb4e1cb4ab7175bd44b18a05) Importer(815301076,1909f56bfc062723c751e8b465ee728b) [PhysX] Initialized MultithreadedTaskDispatcher with 16 workers.
[PhysX] Initialized MultithreadedTaskDispatcher with 16 workers.
 -> (artifact id: '71b5dd55555a5ab7a5ad9b1ab4828c51') in 0.025714 seconds
Number of updated asset objects reloaded before import = 0
Number of asset objects unloaded after import = 2
========================================================================
Received Import Request.
  Time since last request: 0.000032 seconds.
  path: Assets/Selcuk Gerceker/Toon Environments - World Creator Pack Lite/Materials/Spring_Asphalt.mat
  artifactKey: Guid(7f0945d276e7ac449965fe5d2eb7bd1e) Importer(815301076,1909f56bfc062723c751e8b465ee728b)
Start importing Assets/Selcuk Gerceker/Toon Environments - World Creator Pack Lite/Materials/Spring_Asphalt.mat using Guid(7f0945d276e7ac449965fe5d2eb7bd1e) Importer(815301076,1909f56bfc062723c751e8b465ee728b) [PhysX] Initialized MultithreadedTaskDispatcher with 16 workers.
[PhysX] Initialized MultithreadedTaskDispatcher with 16 workers.
 -> (artifact id: '383924f4f99c298999a70e187b7e961f') in 0.020909 seconds
Number of updated asset objects reloaded before import = 0
Number of asset objects unloaded after import = 2
========================================================================
Received Import Request.
  Time since last request: 0.000026 seconds.
  path: Assets/Selcuk Gerceker/Toon Environments - World Creator Pack Lite/Materials/Fall_Asphalt.mat
  artifactKey: Guid(5f2c2409442022c43a94fbeda4a282df) Importer(815301076,1909f56bfc062723c751e8b465ee728b)
Start importing Assets/Selcuk Gerceker/Toon Environments - World Creator Pack Lite/Materials/Fall_Asphalt.mat using Guid(5f2c2409442022c43a94fbeda4a282df) Importer(815301076,1909f56bfc062723c751e8b465ee728b) [PhysX] Initialized MultithreadedTaskDispatcher with 16 workers.
[PhysX] Initialized MultithreadedTaskDispatcher with 16 workers.
 -> (artifact id: '2fd3867d773454c7d068e7391a74ace8') in 0.025458 seconds
Number of updated asset objects reloaded before import = 0
Number of asset objects unloaded after import = 2
========================================================================
Received Import Request.
  Time since last request: 0.000026 seconds.
  path: Assets/Selcuk Gerceker/Toon Environments - World Creator Pack Lite/Materials/Desert_Asphalt.mat
  artifactKey: Guid(90de90912ef346643aab87ea7b08807b) Importer(815301076,1909f56bfc062723c751e8b465ee728b)
Start importing Assets/Selcuk Gerceker/Toon Environments - World Creator Pack Lite/Materials/Desert_Asphalt.mat using Guid(90de90912ef346643aab87ea7b08807b) Importer(815301076,1909f56bfc062723c751e8b465ee728b) [PhysX] Initialized MultithreadedTaskDispatcher with 16 workers.
[PhysX] Initialized MultithreadedTaskDispatcher with 16 workers.
 -> (artifact id: '6adf31e76d70626e119ba2106840011b') in 0.022434 seconds
Number of updated asset objects reloaded before import = 0
Number of asset objects unloaded after import = 2
========================================================================
Received Import Request.
  Time since last request: 1.361418 seconds.
  path: Assets/Selcuk Gerceker/Toon Environments - World Creator Pack Lite/Prefabs
  artifactKey: Guid(2507ac2c731cedf4292347b75621959e) Importer(815301076,1909f56bfc062723c751e8b465ee728b)
Start importing Assets/Selcuk Gerceker/Toon Environments - World Creator Pack Lite/Prefabs using Guid(2507ac2c731cedf4292347b75621959e) Importer(815301076,1909f56bfc062723c751e8b465ee728b) [PhysX] Initialized MultithreadedTaskDispatcher with 16 workers.
 -> (artifact id: 'db8adcc97998b85d6aab09fba48cbefa') in 0.000723 seconds
Number of updated asset objects reloaded before import = 0
Number of asset objects unloaded after import = 0
========================================================================
Received Import Request.
  Time since last request: 0.808091 seconds.
  path: Assets/Selcuk Gerceker/Toon Environments - World Creator Pack Lite/Prefabs/Props
  artifactKey: Guid(401c7cd994119c94abd579be4681e04f) Importer(815301076,1909f56bfc062723c751e8b465ee728b)
Start importing Assets/Selcuk Gerceker/Toon Environments - World Creator Pack Lite/Prefabs/Props using Guid(401c7cd994119c94abd579be4681e04f) Importer(815301076,1909f56bfc062723c751e8b465ee728b) [PhysX] Initialized MultithreadedTaskDispatcher with 16 workers.
 -> (artifact id: '92b16b104a0c83b16aa4a17f30d4a33f') in 0.000643 seconds
Number of updated asset objects reloaded before import = 0
Number of asset objects unloaded after import = 0
========================================================================
Received Import Request.
  Time since last request: 0.062276 seconds.
  path: Assets/Selcuk Gerceker/Toon Environments - World Creator Pack Lite/Prefabs/Props/Cabin.prefab
  artifactKey: Guid(8cbf85a57b85d304bbb153fb448650d8) Importer(815301076,1909f56bfc062723c751e8b465ee728b)
Start importing Assets/Selcuk Gerceker/Toon Environments - World Creator Pack Lite/Prefabs/Props/Cabin.prefab using Guid(8cbf85a57b85d304bbb153fb448650d8) Importer(815301076,1909f56bfc062723c751e8b465ee728b) [PhysX] Initialized MultithreadedTaskDispatcher with 16 workers.
[PhysX] Initialized MultithreadedTaskDispatcher with 16 workers.
 -> (artifact id: '6f4be9910f07bc28344c5b026ca6b86c') in 0.026267 seconds
Number of updated asset objects reloaded before import = 0
Number of asset objects unloaded after import = 16
========================================================================
Received Import Request.
  Time since last request: 0.000031 seconds.
  path: Assets/Selcuk Gerceker/Toon Environments - World Creator Pack Lite/Prefabs/Props/Flower.prefab
  artifactKey: Guid(9cc45cbe54813474c945d1f50984df82) Importer(815301076,1909f56bfc062723c751e8b465ee728b)
Start importing Assets/Selcuk Gerceker/Toon Environments - World Creator Pack Lite/Prefabs/Props/Flower.prefab using Guid(9cc45cbe54813474c945d1f50984df82) Importer(815301076,1909f56bfc062723c751e8b465ee728b) [PhysX] Initialized MultithreadedTaskDispatcher with 16 workers.
[PhysX] Initialized MultithreadedTaskDispatcher with 16 workers.
 -> (artifact id: '0d2efa7fe41c9ee2e75707776e96e3e3') in 0.024097 seconds
Number of updated asset objects reloaded before import = 0
Number of asset objects unloaded after import = 9
========================================================================
Received Import Request.
  Time since last request: 0.000044 seconds.
  path: Assets/Selcuk Gerceker/Toon Environments - World Creator Pack Lite/Prefabs/Props/Shrub.prefab
  artifactKey: Guid(6fbeead406b0d6c4ba7793d754752d28) Importer(815301076,1909f56bfc062723c751e8b465ee728b)
Start importing Assets/Selcuk Gerceker/Toon Environments - World Creator Pack Lite/Prefabs/Props/Shrub.prefab using Guid(6fbeead406b0d6c4ba7793d754752d28) Importer(815301076,1909f56bfc062723c751e8b465ee728b) [PhysX] Initialized MultithreadedTaskDispatcher with 16 workers.
[PhysX] Initialized MultithreadedTaskDispatcher with 16 workers.
 -> (artifact id: '45f4b6a2c146a43e5a1a270cec27fb92') in 0.027349 seconds
Number of updated asset objects reloaded before import = 0
Number of asset objects unloaded after import = 16
========================================================================
Received Import Request.
  Time since last request: 0.000039 seconds.
  path: Assets/Selcuk Gerceker/Toon Environments - World Creator Pack Lite/Prefabs/Props/Grass.prefab
  artifactKey: Guid(c65df2ca4c250c442925bcdb64911c51) Importer(815301076,1909f56bfc062723c751e8b465ee728b)
Start importing Assets/Selcuk Gerceker/Toon Environments - World Creator Pack Lite/Prefabs/Props/Grass.prefab using Guid(c65df2ca4c250c442925bcdb64911c51) Importer(815301076,1909f56bfc062723c751e8b465ee728b) [PhysX] Initialized MultithreadedTaskDispatcher with 16 workers.
[PhysX] Initialized MultithreadedTaskDispatcher with 16 workers.
 -> (artifact id: 'b34c6988e214d01a96b7809faff6a32d') in 0.028095 seconds
Number of updated asset objects reloaded before import = 0
Number of asset objects unloaded after import = 9
========================================================================
Received Import Request.
  Time since last request: 0.000028 seconds.
  path: Assets/Selcuk Gerceker/Toon Environments - World Creator Pack Lite/Prefabs/Props/Ladder.prefab
  artifactKey: Guid(a4c73f91703f6b34f9bd38ff6eeda3df) Importer(815301076,1909f56bfc062723c751e8b465ee728b)
Start importing Assets/Selcuk Gerceker/Toon Environments - World Creator Pack Lite/Prefabs/Props/Ladder.prefab using Guid(a4c73f91703f6b34f9bd38ff6eeda3df) Importer(815301076,1909f56bfc062723c751e8b465ee728b) [PhysX] Initialized MultithreadedTaskDispatcher with 16 workers.
[PhysX] Initialized MultithreadedTaskDispatcher with 16 workers.
 -> (artifact id: '4506ce3a62e69415417c6b6d41f95ddc') in 0.022902 seconds
Number of updated asset objects reloaded before import = 0
Number of asset objects unloaded after import = 9
========================================================================
Received Import Request.
  Time since last request: 0.000043 seconds.
  path: Assets/Selcuk Gerceker/Toon Environments - World Creator Pack Lite/Prefabs/Props/Tree_Chopped.prefab
  artifactKey: Guid(cebd0c9736e83ed408dcf8a7dbc15cc7) Importer(815301076,1909f56bfc062723c751e8b465ee728b)
Start importing Assets/Selcuk Gerceker/Toon Environments - World Creator Pack Lite/Prefabs/Props/Tree_Chopped.prefab using Guid(cebd0c9736e83ed408dcf8a7dbc15cc7) Importer(815301076,1909f56bfc062723c751e8b465ee728b) [PhysX] Initialized MultithreadedTaskDispatcher with 16 workers.
[PhysX] Initialized MultithreadedTaskDispatcher with 16 workers.
 -> (artifact id: 'f45fa1703af4280d245f5d4646e32ff6') in 0.022559 seconds
Number of updated asset objects reloaded before import = 0
Number of asset objects unloaded after import = 9
========================================================================
Received Import Request.
  Time since last request: 1.866137 seconds.
  path: Assets/Selcuk Gerceker/Toon Environments - World Creator Pack Lite/Prefabs/Tiles
  artifactKey: Guid(ce9bb84979a076d42997fe981aeaf82d) Importer(815301076,1909f56bfc062723c751e8b465ee728b)
Start importing Assets/Selcuk Gerceker/Toon Environments - World Creator Pack Lite/Prefabs/Tiles using Guid(ce9bb84979a076d42997fe981aeaf82d) Importer(815301076,1909f56bfc062723c751e8b465ee728b) [PhysX] Initialized MultithreadedTaskDispatcher with 16 workers.
 -> (artifact id: '5edf65276e99ca65a484f23e6d81f7d5') in 0.000802 seconds
Number of updated asset objects reloaded before import = 0
Number of asset objects unloaded after import = 0
========================================================================
Received Import Request.
  Time since last request: 0.082983 seconds.
  path: Assets/Selcuk Gerceker/Toon Environments - World Creator Pack Lite/Prefabs/Tiles/Tile_Center.prefab
  artifactKey: Guid(60d65e4eed2ca444d9a5224665294248) Importer(815301076,1909f56bfc062723c751e8b465ee728b)
Start importing Assets/Selcuk Gerceker/Toon Environments - World Creator Pack Lite/Prefabs/Tiles/Tile_Center.prefab using Guid(60d65e4eed2ca444d9a5224665294248) Importer(815301076,1909f56bfc062723c751e8b465ee728b) [PhysX] Initialized MultithreadedTaskDispatcher with 16 workers.
[PhysX] Initialized MultithreadedTaskDispatcher with 16 workers.
 -> (artifact id: '0aa7bda8d78063c4fb706cc6a78079bc') in 0.022603 seconds
Number of updated asset objects reloaded before import = 0
Number of asset objects unloaded after import = 9
========================================================================
Received Import Request.
  Time since last request: 0.000046 seconds.
  path: Assets/Selcuk Gerceker/Toon Environments - World Creator Pack Lite/Prefabs/Tiles/Tile_Road_End.prefab
  artifactKey: Guid(2f063d1731a14f24eb3d35f5ad829dc1) Importer(815301076,1909f56bfc062723c751e8b465ee728b)
Start importing Assets/Selcuk Gerceker/Toon Environments - World Creator Pack Lite/Prefabs/Tiles/Tile_Road_End.prefab using Guid(2f063d1731a14f24eb3d35f5ad829dc1) Importer(815301076,1909f56bfc062723c751e8b465ee728b) [PhysX] Initialized MultithreadedTaskDispatcher with 16 workers.
[PhysX] Initialized MultithreadedTaskDispatcher with 16 workers.
 -> (artifact id: '63d73a02980b9d8fbebff55d6e5fe42f') in 0.023520 seconds
Number of updated asset objects reloaded before import = 0
Number of asset objects unloaded after import = 9
========================================================================
Received Import Request.
  Time since last request: 0.000031 seconds.
  path: Assets/Selcuk Gerceker/Toon Environments - World Creator Pack Lite/Prefabs/Tiles/Tile_Corner_Foundation_End.prefab
  artifactKey: Guid(52ff03c2800b502488e0bb6f2ed136e6) Importer(815301076,1909f56bfc062723c751e8b465ee728b)
Start importing Assets/Selcuk Gerceker/Toon Environments - World Creator Pack Lite/Prefabs/Tiles/Tile_Corner_Foundation_End.prefab using Guid(52ff03c2800b502488e0bb6f2ed136e6) Importer(815301076,1909f56bfc062723c751e8b465ee728b) [PhysX] Initialized MultithreadedTaskDispatcher with 16 workers.
[PhysX] Initialized MultithreadedTaskDispatcher with 16 workers.
 -> (artifact id: 'e51de61c6134fa8fda91c540ce8c2fb1') in 0.024547 seconds
Number of updated asset objects reloaded before import = 0
Number of asset objects unloaded after import = 9
========================================================================
Received Import Request.
  Time since last request: 0.000034 seconds.
  path: Assets/Selcuk Gerceker/Toon Environments - World Creator Pack Lite/Prefabs/Tiles/Tile_Water.prefab
  artifactKey: Guid(a1b4d59e2c59e8048925614a19a521a4) Importer(815301076,1909f56bfc062723c751e8b465ee728b)
Start importing Assets/Selcuk Gerceker/Toon Environments - World Creator Pack Lite/Prefabs/Tiles/Tile_Water.prefab using Guid(a1b4d59e2c59e8048925614a19a521a4) Importer(815301076,1909f56bfc062723c751e8b465ee728b) [PhysX] Initialized MultithreadedTaskDispatcher with 16 workers.
[PhysX] Initialized MultithreadedTaskDispatcher with 16 workers.
 -> (artifact id: '07bc28ce126fb285e1b8eb75c33a8312') in 0.025064 seconds
Number of updated asset objects reloaded before import = 0
Number of asset objects unloaded after import = 9
========================================================================
Received Import Request.
  Time since last request: 0.000044 seconds.
  path: Assets/Selcuk Gerceker/Toon Environments - World Creator Pack Lite/Prefabs/Tiles/Tile_Edge_Foundation_End.prefab
  artifactKey: Guid(0e3cb3ebe1ec60f45a043c4fd049ff46) Importer(815301076,1909f56bfc062723c751e8b465ee728b)
Start importing Assets/Selcuk Gerceker/Toon Environments - World Creator Pack Lite/Prefabs/Tiles/Tile_Edge_Foundation_End.prefab using Guid(0e3cb3ebe1ec60f45a043c4fd049ff46) Importer(815301076,1909f56bfc062723c751e8b465ee728b) [PhysX] Initialized MultithreadedTaskDispatcher with 16 workers.
[PhysX] Initialized MultithreadedTaskDispatcher with 16 workers.
 -> (artifact id: '7de46cec2b243397ef2f4fe3da5d9b63') in 0.027529 seconds
Number of updated asset objects reloaded before import = 0
Number of asset objects unloaded after import = 9
========================================================================
Received Import Request.
  Time since last request: 0.000028 seconds.
  path: Assets/Selcuk Gerceker/Toon Environments - World Creator Pack Lite/Prefabs/Tiles/Tile_Solo_Island.prefab
  artifactKey: Guid(29e2a1de97b4cbf48bb160e0a3d7707b) Importer(815301076,1909f56bfc062723c751e8b465ee728b)
Start importing Assets/Selcuk Gerceker/Toon Environments - World Creator Pack Lite/Prefabs/Tiles/Tile_Solo_Island.prefab using Guid(29e2a1de97b4cbf48bb160e0a3d7707b) Importer(815301076,1909f56bfc062723c751e8b465ee728b) [PhysX] Initialized MultithreadedTaskDispatcher with 16 workers.
[PhysX] Initialized MultithreadedTaskDispatcher with 16 workers.
 -> (artifact id: '6ffe22bc35f6e02c7c7f716774ac6e1c') in 0.021286 seconds
Number of updated asset objects reloaded before import = 0
Number of asset objects unloaded after import = 9
========================================================================
Received Import Request.
  Time since last request: 0.000029 seconds.
  path: Assets/Selcuk Gerceker/Toon Environments - World Creator Pack Lite/Prefabs/Tiles/Tile_Road_Inner_Corner_3_Edge.prefab
  artifactKey: Guid(f3d572f4ed602b646bcd16fa874528cb) Importer(815301076,1909f56bfc062723c751e8b465ee728b)
Start importing Assets/Selcuk Gerceker/Toon Environments - World Creator Pack Lite/Prefabs/Tiles/Tile_Road_Inner_Corner_3_Edge.prefab using Guid(f3d572f4ed602b646bcd16fa874528cb) Importer(815301076,1909f56bfc062723c751e8b465ee728b) [PhysX] Initialized MultithreadedTaskDispatcher with 16 workers.
[PhysX] Initialized MultithreadedTaskDispatcher with 16 workers.
 -> (artifact id: '6c7a063be622be2dad87b03c37b30126') in 0.036845 seconds
Number of updated asset objects reloaded before import = 0
Number of asset objects unloaded after import = 9
========================================================================
Received Import Request.
  Time since last request: 0.000030 seconds.
  path: Assets/Selcuk Gerceker/Toon Environments - World Creator Pack Lite/Prefabs/Tiles/Tile_Road_Edge_End_Solo.prefab
  artifactKey: Guid(41cc69c0c889e2f43a43aae35a705a3c) Importer(815301076,1909f56bfc062723c751e8b465ee728b)
Start importing Assets/Selcuk Gerceker/Toon Environments - World Creator Pack Lite/Prefabs/Tiles/Tile_Road_Edge_End_Solo.prefab using Guid(41cc69c0c889e2f43a43aae35a705a3c) Importer(815301076,1909f56bfc062723c751e8b465ee728b) [PhysX] Initialized MultithreadedTaskDispatcher with 16 workers.
[PhysX] Initialized MultithreadedTaskDispatcher with 16 workers.
 -> (artifact id: 'fe144d2565bd45758984e85e78466abc') in 0.026922 seconds
Number of updated asset objects reloaded before import = 0
Number of asset objects unloaded after import = 9
========================================================================
Received Prepare
Caller must complete domain reload
Begin MonoManager ReloadAssembly
- Loaded All Assemblies, in  0.664 seconds
Native extension for WindowsStandalone target not found
Native extension for Android target not found
Mono: successfully reloaded assembly
- Finished resetting the current domain, in  1.583 seconds
Domain Reload Profiling: 2242ms
	BeginReloadAssembly (223ms)
		ExecutionOrderSort (0ms)
		DisableScriptedObjects (9ms)
		BackupInstance (0ms)
		ReleaseScriptingObjects (0ms)
		CreateAndSetChildDomain (39ms)
	RebuildCommonClasses (57ms)
	RebuildNativeTypeToScriptingClass (21ms)
	initialDomainReloadingComplete (49ms)
	LoadAllAssembliesAndSetupDomain (308ms)
		LoadAssemblies (408ms)
		RebuildTransferFunctionScriptingTraits (0ms)
		AnalyzeDomain (37ms)
			TypeCache.Refresh (16ms)
				TypeCache.ScanAssembly (7ms)
			ScanForSourceGeneratedMonoScriptInfo (10ms)
			ResolveRequiredComponents (10ms)
	FinalizeReload (1584ms)
		ReleaseScriptCaches (0ms)
		RebuildScriptCaches (0ms)
		SetupLoadedEditorAssemblies (773ms)
			LogAssemblyErrors (0ms)
			InitializePlatformSupportModulesInManaged (28ms)
			SetLoadedEditorAssemblies (4ms)
			RefreshPlugins (0ms)
			BeforeProcessingInitializeOnLoad (88ms)
			ProcessInitializeOnLoadAttributes (598ms)
			ProcessInitializeOnLoadMethodAttributes (41ms)
			AfterProcessingInitializeOnLoad (15ms)
			EditorAssembliesLoaded (0ms)
		ExecutionOrderSort2 (0ms)
		AwakeInstancesAfterBackupRestoration (8ms)
Refreshing native plugins compatible for Editor in 7.79 ms, found 3 plugins.
Preloading 0 native plugins for Editor in 0.00 ms.
Unloading 3277 Unused Serialized files (Serialized files now loaded: 0)
Unloading 13 unused Assets / (27.6 KB). Loaded Objects now: 3842.
Memory consumption went from 136.5 MB to 136.5 MB.
Total: 6.691600 ms (FindLiveObjects: 0.450800 ms CreateObjectMapping: 0.144900 ms MarkObjects: 6.013100 ms  DeleteObjects: 0.080900 ms)

Prepare: number of updated asset objects reloaded= 0
AssetImportParameters requested are different than current active one (requested -> active):
  custom:scripting/monoscript/fileName/GridSelectionEditor.cs: b0830b2bf3f4ec3f6b4728180aba6475 -> 
  custom:scripting/monoscript/fileName/GridSelectionMoveTool.cs: 045959d7a1acd1d565cd175dc65f7851 -> 
  custom:container-demuxer-ogg: 62fdf1f143b41e24485cea50d1cbac27 -> 
  custom:scripting/monoscript/fileName/TilePaletteBrushesDropdownMenu.cs: 83cccb1cc3875d5c0f94901c5a82ccab -> 
  custom:scripting/monoscript/fileName/TilePaletteDragHandler.cs: 33cd7bc1b72f7f8ce9b6c5eb96821cb4 -> 
  custom:scripting/monoscript/fileName/CreateTileFromPaletteAttribute.cs: 49ba01e4cbae8c43831d8f68d552a9ea -> 
  custom:scripting/monoscript/fileName/EraseTool.cs: b2930b433d7a76d09c5103fd6fa9815b -> 
  custom:scripting/monoscript/fileName/GridPaletteBrushes.cs: f682962b899ca3732c6892c2e8583713 -> 
  custom:scripting/monoscript/fileName/GameObjectCreation.cs: 51d13e20836ef3a10ad0ebed59bdbde4 -> 
  custom:scripting/monoscript/fileName/BoxTool.cs: 99a18cad4f2fa1ae8d04c0625e0f7a94 -> 
  custom:scripting/monoscript/fileName/GridBrushesDropdown.cs: c2b0d8f0bca0a3921a0149a2aaafe361 -> 
  custom:video-decoder-ogg-theora: a1e56fd34408186e4bbccfd4996cb3dc -> 
  custom:scripting/monoscript/fileName/TilemapPrefabStageHelper.cs: 44f1fd774e027e09010c4cea43a89765 -> 
  custom:scripting/monoscript/fileName/GridEditorUtility.cs: 79caab27569f1aaf1370483b77a0eed6 -> 
  custom:scripting/monoscript/fileName/TilePaletteBrushesPopup.cs: b117489b8fd3a726762a29aaae057971 -> 
  custom:framework-win-MediaFoundation: 216162199b28c13a410421893ffa2e32 -> 
  custom:scripting/monoscript/fileName/GridSelectionScaleTool.cs: ab389a9feae3d29ad2e9ca76435ec24d -> 
  custom:scripting/monoscript/fileName/TilemapEditorTool.cs: 4a91b937c12531cdbbbbc26ac425cbca -> 
  custom:scripting/monoscript/fileName/TilePaletteOverlayUtility.cs: dc8cc580b44070af00f5c1a8a3e30146 -> 
  custom:scripting/monoscript/fileName/GridPalettes.cs: 05ebfa19bce5556c38d8243821b95e4f -> 
  custom:scripting/monoscript/fileName/TilePaletteBrushesButton.cs: f63fefeba5246c46efe3054fe7e8ff1e -> 
  custom:scripting/monoscript/fileName/SceneViewGridManager.cs: 95fee1927d423310ba7aac18e1743e68 -> 
  custom:scripting/monoscript/fileName/TilePaletteActiveTargetsProperties.cs: 3c61ac15c80e0acfb6b6f6a93b9c2f7c -> 
  custom:scripting/monoscript/fileName/GridSelectionToolEditor.cs: cf616a74bb2f9276d21997cd9c2c33e2 -> 
  custom:scripting/monoscript/fileName/TilemapFocusModeUtility.cs: 56848ecd8aaf6704fc633228e67df6a2 -> 
  custom:scripting/monoscript/fileName/TilePaletteActiveTargetsButton.cs: e78565d1f8fb504d1e27cd33aee954a6 -> 
  custom:CustomObjectIndexerAttribute: 9a22284fe3817be447336de3de66b15e -> 
  custom:scripting/monoscript/fileName/SceneViewOpenTilePaletteHelper.cs: 3fa016a943052bc6aa2e17496be83d99 -> 
  custom:scripting/monoscript/fileName/GridPalettesDropdown.cs: c3eee8db1c244df7a8abb5dd90d1cd39 -> 
  custom:scripting/monoscript/fileName/BrushToolsAttribute.cs: 07c3ce23d7664c866d082c14955fc570 -> 
  custom:scripting/monoscript/fileName/TilePaletteClipboardButton.cs: 12e65d1181e6c35cbf046b81b301a908 -> 
  custom:container-demuxer-webm: 4f35f7cbe854078d1ac9338744f61a02 -> 
  custom:scripting/monoscript/fileName/TilemapEditorToolbarStrip.cs: 3b09bb7c9508f28705fc70ed3a82a917 -> 
  custom:scripting/monoscript/fileName/GridBrushEditor.cs: afd10d6c25e4dee28d1dd55bdbbf1155 -> 
  custom:scripting/monoscript/fileName/GridPaintPaletteWindowSplitView.cs: 3055e63c32343a994785f777fb8a04eb -> 
  custom:scripting/monoscript/fileName/GridPaletteAddPopup.cs: 4117721b3ecbb12bd0cf4e10caeebdad -> 
  custom:scripting/monoscript/fileName/TileDragAndDrop.cs: b35ab1f4232799adb75b33a260fe44f2 -> 
  custom:scripting/monoscript/fileName/TileUtility.cs: f1465daed90b124a361d1b7354e9b99a -> 
  custom:scripting/precompiled-assembly-types:Unity.2D.Tilemap.Editor: fa4ad37e7074ee4a4f87ffa5759d6263 -> 
  custom:scripting/monoscript/fileName/TilePaletteBrushInspectorElement.cs: a9e9b82fa2a5bb9267ca4498f3dd157f -> 
  custom:container-muxer-webm: aa71ff27fc2769a1b78a27578f13a17b -> 
  custom:scripting/monoscript/fileName/GridPaintPaletteClipboard.cs: 7cd44e8a0b877591749257e5bc06900b -> 
  custom:scripting/monoscript/fileName/TilePaletteClipboardElement.cs: 9f42d126d3040ca37a531f760f418560 -> 
  custom:scripting/monoscript/fileName/TilePaletteBrushInspector.cs: dabf99b6cb469f7e1a014ed2d8b57854 -> 
  custom:scripting/monoscript/fileName/GridSelection.cs: d0dea8ce5af83014aa5391e8d6adf81c -> 
  custom:video-decoder-webm-vp8: 9c59270c3fd7afecdb556c50c9e8de78 -> 
  custom:scripting/monoscript/fileName/GridPaintSortingAttribute.cs: 682e3d84c0bb9409c8038dde6cc6eaaa -> 
  custom:scripting/monoscript/fileName/TilePaletteBrushesLabel.cs: 50d6652b738f203c7a782d3c9e81384d -> 
  custom:SearchIndexIgnoredProperties: e643bd26f0fe6173181afceb89e7c659 -> 
  custom:scripting/monoscript/fileName/FillTool.cs: 31d1f393d06835eb58df2ad8c9b0407d -> 
  custom:AudioImporter_EditorPlatform: d09bf68614088b80899f8185d706f6e7 -> 
  custom:scripting/monoscript/fileName/SceneViewOpenTilePaletteOverlay.cs: 9e154d415d7ab024c8551aae194f4532 -> 
  custom:scripting/monoscript/fileName/SceneViewTilemapFocusOverlay.cs: 409b7579c9eddabad834478b2a2731cf -> 
  custom:scripting/monoscript/fileName/GridBrush.cs: 0271bb4294dfd9c52b85d2ef18c21adf -> 
  custom:scripting/monoscript/fileName/TilePaletteContextMenuHandler.cs: 11689ac7a1e231b785fe9ee59440e8df -> 
  custom:scripting/monoscript/fileName/GridBrushEditorBase.cs: 8dc6b8dd5b5c3920622a5c826cdb9a3e -> 
  custom:scripting/monoscript/fileName/TilemapEditorToolPreferences.cs: d34ae7afe7e42324c1a8dc1ee5c53101 -> 
  custom:scripting/monoscript/fileName/PaintableGrid.cs: c538d5369d23cf604300c6f8a077b5d0 -> 
  custom:scripting/monoscript/fileName/DefaultAssetCreation.cs: c2d4009190ffa48d1a68c12ac7902a37 -> 
  custom:scripting/monoscript/fileName/TilemapEditorToolButton.cs: 452256babee1fc6246907201b775c9ca -> 
  custom:scripting/monoscript/fileName/GridPaintPaletteWindowPreferences.cs: 506574d5ebc55d1c3ac5809521be171c -> 
  custom:scripting/monoscript/fileName/RotateTool.cs: a45c53b4cde318c91ea55e570037bddd -> 
  custom:scripting/monoscript/fileName/GridSelectionTransformTool.cs: 0102964ac3ceb594b7800c6267f18cf7 -> 
  custom:scripting/monoscript/fileName/TilePaletteActivePalettePopup.cs: d8ea341556e28c44f8ce8bb6cb513430 -> 
  custom:scripting/monoscript/fileName/PaintTool.cs: b088555e5c7bac451566d0ed1b585c0f -> 
  custom:scripting/monoscript/fileName/GridPaintingState.cs: 5b65b03e1c11595f69bba16eea8cd664 -> 
  custom:scripting/monoscript/fileName/GridPaintPaletteWindowActiveTargets.cs: a9f6bc687e35dc605b0de621410da416 -> 
  custom:scripting/monoscript/fileName/TilePaletteClipboardPanelPopup.cs: 481659589c6d2cf5d49bb3c51e9e2785 -> 
  custom:scripting/monoscript/fileName/GridPaletteUtility.cs: a64eece78a61bcc19caeb2b2a114ba40 -> 
  custom:scripting/monoscript/fileName/PaintableSceneViewGrid.cs: 668faf831cc940b1ebbed80737459bca -> 
  custom:scripting/monoscript/fileName/TilemapEditorToolPreferencesAsset.cs: 42733c664a418dc96e6676ab6a569041 -> 
  custom:scripting/monoscript/fileName/TileDragAndDropHoverData.cs: 7ec3eb6fae482fe5e6eca733189b11c1 -> 
  custom:scripting/monoscript/fileName/PickingTool.cs: ad2b06cfab7c0bf6799fc818866d02f2 -> 
  custom:scripting/monoscript/fileName/TilePaletteSaveUtility.cs: 9b7daaeade8b211f6fee80816fcd7e41 -> 
  custom:video-encoder-webm-vp8: eb34c28f22e8b96e1ab97ce403110664 -> 
  custom:scripting/monoscript/fileName/GridSelectionRotationTool.cs: 034710c503c59a634a73a03fd24dd739 -> 
  custom:scripting/monoscript/fileName/BoolFieldOverlayPopupWindow.cs: 25281e84d45ea134dccf87aa853796bf -> 
  custom:audio-decoder-ogg-vorbis: bf7c407c2cedff20999df2af8eb42d56 -> 
  custom:scripting/monoscript/fileName/GridPaintPaletteWindow.cs: 1d497ecc185c46bb1043a6ede8ff1c0f -> 
  custom:scripting/monoscript/fileName/TilePaletteElement.cs: 821f71de4b61685d39463a4a06a9c842 -> 
  custom:scripting/monoscript/fileName/TileDragAndDropManager.cs: a1e23a7638297e1dda515dc0e84bf55a -> 
  custom:scripting/monoscript/fileName/MoveTool.cs: 3e41e228f8fb535351f8fd508c5d7aa6 -> 
  custom:scripting/monoscript/fileName/SelectTool.cs: 51558befbff43680f5a337c7469e3a7b -> 
  custom:scripting/monoscript/fileName/TilePalettePrefabUtility.cs: 81c112f431eead6c17358b4dc7196dd1 -> 
  custom:scripting/monoscript/fileName/TilePaletteActivePaletteDropdownMenu.cs: a47d79fd3aaf47be319da9214e3a9bb3 -> 
  custom:scripting/monoscript/fileName/TilePaletteActiveTargetsPopup.cs: c19a5ac974961902d5fcecf1d440b17a -> 
  custom:scripting/monoscript/fileName/GridPaletteEditor.cs: 9ca70426b6bdbb830263d2f1b512a658 -> 
  custom:scripting/monoscript/fileName/TilePaletteBrushPanelButton.cs: 2a4d4194710daaf7059f8f324842178b -> 
  custom:scripting/monoscript/fileName/TilePaletteBrushInspectorPopup.cs: bae9f2c04afcee02fd74cc185afc7936 -> 
  custom:scripting/monoscript/fileName/TilePaletteBrushesDropdownToggle.cs: c496745875bd2dedf400d11fa8d2a39c -> 
  custom:scripting/monoscript/fileName/FlipTool.cs: 57a6cd18545afdc27969bc68fde89cb1 -> 
  custom:scripting/monoscript/fileName/TilePaletteMouseCursorUtility.cs: 684f600f1129c3cb4df290f4bc53b930 -> 
  custom:scripting/monoscript/fileName/GridPaintingToolbar.cs: 71eec3aa936c54c332bdeff43f265da8 -> 
  custom:audio-encoder-webm-vorbis: bf7c407c2cedff20999df2af8eb42d56 -> 
  custom:scripting/monoscript/fileName/GridSelectionTool.cs: e3b447b578d18e550e3fd09eb4616407 -> 
  custom:scripting/monoscript/fileName/TilePaletteActiveTargetsDropdownMenu.cs: 4c73999c1bc87ae86dc4336104c225a9 -> 
  custom:scripting/monoscript/fileName/GridPaintTargetsDropdown.cs: 1a02fee05143bec519533f49a8d1bebc -> 
========================================================================
Received Prepare
Caller must complete domain reload
Begin MonoManager ReloadAssembly
- Loaded All Assemblies, in  0.701 seconds
Native extension for WindowsStandalone target not found
Native extension for Android target not found
Mono: successfully reloaded assembly
- Finished resetting the current domain, in  1.638 seconds
Domain Reload Profiling: 2333ms
	BeginReloadAssembly (255ms)
		ExecutionOrderSort (0ms)
		DisableScriptedObjects (10ms)
		BackupInstance (0ms)
		ReleaseScriptingObjects (0ms)
		CreateAndSetChildDomain (47ms)
	RebuildCommonClasses (60ms)
	RebuildNativeTypeToScriptingClass (18ms)
	initialDomainReloadingComplete (46ms)
	LoadAllAssembliesAndSetupDomain (315ms)
		LoadAssemblies (439ms)
		RebuildTransferFunctionScriptingTraits (0ms)
		AnalyzeDomain (36ms)
			TypeCache.Refresh (11ms)
				TypeCache.ScanAssembly (3ms)
			ScanForSourceGeneratedMonoScriptInfo (13ms)
			ResolveRequiredComponents (9ms)
	FinalizeReload (1639ms)
		ReleaseScriptCaches (0ms)
		RebuildScriptCaches (0ms)
		SetupLoadedEditorAssemblies (780ms)
			LogAssemblyErrors (0ms)
			InitializePlatformSupportModulesInManaged (26ms)
			SetLoadedEditorAssemblies (7ms)
			RefreshPlugins (0ms)
			BeforeProcessingInitializeOnLoad (94ms)
			ProcessInitializeOnLoadAttributes (599ms)
			ProcessInitializeOnLoadMethodAttributes (39ms)
			AfterProcessingInitializeOnLoad (14ms)
			EditorAssembliesLoaded (0ms)
		ExecutionOrderSort2 (0ms)
		AwakeInstancesAfterBackupRestoration (11ms)
Refreshing native plugins compatible for Editor in 7.53 ms, found 3 plugins.
Preloading 0 native plugins for Editor in 0.00 ms.
Unloading 3298 Unused Serialized files (Serialized files now loaded: 0)
Unloading 13 unused Assets / (27.6 KB). Loaded Objects now: 3866.
Memory consumption went from 137.1 MB to 137.0 MB.
Total: 8.316700 ms (FindLiveObjects: 0.941300 ms CreateObjectMapping: 0.382000 ms MarkObjects: 6.908500 ms  DeleteObjects: 0.082600 ms)

Prepare: number of updated asset objects reloaded= 0
AssetImportParameters requested are different than current active one (requested -> active):
  custom:scripting/monoscript/fileName/GridSelectionEditor.cs: b0830b2bf3f4ec3f6b4728180aba6475 -> 
  custom:scripting/monoscript/fileName/GridSelectionMoveTool.cs: 045959d7a1acd1d565cd175dc65f7851 -> 
  custom:scripting/monoscript/fileName/RuleTileEditor.cs: 79f13bbbfb485ee67c9a14570e36e085 -> 
  custom:container-demuxer-ogg: 62fdf1f143b41e24485cea50d1cbac27 -> 
  custom:scripting/monoscript/fileName/TilePaletteBrushesDropdownMenu.cs: 83cccb1cc3875d5c0f94901c5a82ccab -> 
  custom:scripting/monoscript/fileName/RuleOverrideTileEditor.cs: 54ccbabc2015b49c6431a6b2023ec05b -> 
  custom:scripting/monoscript/fileName/TilePaletteDragHandler.cs: 33cd7bc1b72f7f8ce9b6c5eb96821cb4 -> 
  custom:scripting/monoscript/fileName/CreateTileFromPaletteAttribute.cs: 49ba01e4cbae8c43831d8f68d552a9ea -> 
  custom:scripting/monoscript/fileName/EraseTool.cs: b2930b433d7a76d09c5103fd6fa9815b -> 
  custom:scripting/monoscript/fileName/GridPaletteBrushes.cs: f682962b899ca3732c6892c2e8583713 -> 
  custom:scripting/monoscript/fileName/GameObjectCreation.cs: 51d13e20836ef3a10ad0ebed59bdbde4 -> 
  custom:scripting/monoscript/fileName/BoxTool.cs: 99a18cad4f2fa1ae8d04c0625e0f7a94 -> 
  custom:scripting/monoscript/fileName/GridBrushesDropdown.cs: c2b0d8f0bca0a3921a0149a2aaafe361 -> 
  custom:video-decoder-ogg-theora: a1e56fd34408186e4bbccfd4996cb3dc -> 
  custom:scripting/monoscript/fileName/TilemapPrefabStageHelper.cs: 44f1fd774e027e09010c4cea43a89765 -> 
  custom:scripting/monoscript/fileName/GridEditorUtility.cs: 79caab27569f1aaf1370483b77a0eed6 -> 
  custom:scripting/monoscript/fileName/TilePaletteBrushesPopup.cs: b117489b8fd3a726762a29aaae057971 -> 
  custom:framework-win-MediaFoundation: 216162199b28c13a410421893ffa2e32 -> 
  custom:scripting/monoscript/fileName/GridSelectionScaleTool.cs: ab389a9feae3d29ad2e9ca76435ec24d -> 
  custom:scripting/monoscript/fileName/TilemapEditorTool.cs: 4a91b937c12531cdbbbbc26ac425cbca -> 
  custom:scripting/precompiled-assembly-types:Unity.2D.Tilemap.Extras: 9722aa6e48a25d628be73e787a5a1bb9 -> 
  custom:scripting/monoscript/fileName/HexagonalRuleTileEditor.cs: db810e58b09c64e4891f0d0900bac7f9 -> 
  custom:scripting/monoscript/fileName/TilePaletteOverlayUtility.cs: dc8cc580b44070af00f5c1a8a3e30146 -> 
  custom:scripting/monoscript/fileName/GridPalettes.cs: 05ebfa19bce5556c38d8243821b95e4f -> 
  custom:scripting/monoscript/fileName/TilePaletteBrushesButton.cs: f63fefeba5246c46efe3054fe7e8ff1e -> 
  custom:scripting/monoscript/fileName/IsometricRuleTile.cs: 226477e0fda8299a797033f4381d7b8f -> 
  custom:scripting/monoscript/fileName/SceneViewGridManager.cs: 95fee1927d423310ba7aac18e1743e68 -> 
  custom:scripting/monoscript/fileName/TilePaletteActiveTargetsProperties.cs: 3c61ac15c80e0acfb6b6f6a93b9c2f7c -> 
  custom:scripting/monoscript/fileName/GridSelectionToolEditor.cs: cf616a74bb2f9276d21997cd9c2c33e2 -> 
  custom:scripting/monoscript/fileName/TilemapFocusModeUtility.cs: 56848ecd8aaf6704fc633228e67df6a2 -> 
  custom:scripting/monoscript/fileName/AnimatedTile.cs: b22e1be758aa3632efe2ad109fb97030 -> 
  custom:scripting/monoscript/fileName/TilePaletteActiveTargetsButton.cs: e78565d1f8fb504d1e27cd33aee954a6 -> 
  custom:CustomObjectIndexerAttribute: 9a22284fe3817be447336de3de66b15e -> 
  custom:scripting/monoscript/fileName/SceneViewOpenTilePaletteHelper.cs: 3fa016a943052bc6aa2e17496be83d99 -> 
  custom:scripting/monoscript/fileName/MenuItemOrder.cs: 0c2a8b61e17835b8f2084ff2294259d0 -> 
  custom:scripting/monoscript/fileName/GridPalettesDropdown.cs: c3eee8db1c244df7a8abb5dd90d1cd39 -> 
  custom:scripting/monoscript/fileName/BrushToolsAttribute.cs: 07c3ce23d7664c866d082c14955fc570 -> 
  custom:scripting/monoscript/fileName/TilePaletteClipboardButton.cs: 12e65d1181e6c35cbf046b81b301a908 -> 
  custom:container-demuxer-webm: 4f35f7cbe854078d1ac9338744f61a02 -> 
  custom:scripting/monoscript/fileName/CustomRuleTileMenu.cs: 44fb1e06a86558bd44bae993c9daf6c0 -> 
  custom:scripting/monoscript/fileName/TilemapEditorToolbarStrip.cs: 3b09bb7c9508f28705fc70ed3a82a917 -> 
  custom:scripting/monoscript/fileName/GridBrushEditor.cs: afd10d6c25e4dee28d1dd55bdbbf1155 -> 
  custom:scripting/monoscript/fileName/GridPaintPaletteWindowSplitView.cs: 3055e63c32343a994785f777fb8a04eb -> 
  custom:scripting/monoscript/fileName/GridPaletteAddPopup.cs: 4117721b3ecbb12bd0cf4e10caeebdad -> 
  custom:scripting/monoscript/fileName/TileDragAndDrop.cs: b35ab1f4232799adb75b33a260fe44f2 -> 
  custom:scripting/monoscript/fileName/TileUtility.cs: f1465daed90b124a361d1b7354e9b99a -> 
  custom:scripting/monoscript/fileName/PopulateRuleOverrideTileWizard.cs: e9938d8d26487451054d1df1a65708f7 -> 
  custom:scripting/precompiled-assembly-types:Unity.2D.Tilemap.Editor: fa4ad37e7074ee4a4f87ffa5759d6263 -> 
  custom:scripting/monoscript/fileName/TilePaletteBrushInspectorElement.cs: a9e9b82fa2a5bb9267ca4498f3dd157f -> 
  custom:container-muxer-webm: aa71ff27fc2769a1b78a27578f13a17b -> 
  custom:scripting/monoscript/fileName/GridPaintPaletteClipboard.cs: 7cd44e8a0b877591749257e5bc06900b -> 
  custom:scripting/monoscript/fileName/TilePaletteClipboardElement.cs: 9f42d126d3040ca37a531f760f418560 -> 
  custom:scripting/monoscript/fileName/TilePaletteBrushInspector.cs: dabf99b6cb469f7e1a014ed2d8b57854 -> 
  custom:scripting/monoscript/fileName/LineBrush.cs: 8db0af8b46a7fc8f13e7177ede2caeba -> 
  custom:scripting/monoscript/fileName/GridSelection.cs: d0dea8ce5af83014aa5391e8d6adf81c -> 
  custom:video-decoder-webm-vp8: 9c59270c3fd7afecdb556c50c9e8de78 -> 
  custom:scripting/monoscript/fileName/GridPaintSortingAttribute.cs: 682e3d84c0bb9409c8038dde6cc6eaaa -> 
  custom:scripting/monoscript/fileName/TilePaletteBrushesLabel.cs: 50d6652b738f203c7a782d3c9e81384d -> 
  custom:SearchIndexIgnoredProperties: e643bd26f0fe6173181afceb89e7c659 -> 
  custom:scripting/monoscript/fileName/FillTool.cs: 31d1f393d06835eb58df2ad8c9b0407d -> 
  custom:AudioImporter_EditorPlatform: d09bf68614088b80899f8185d706f6e7 -> 
  custom:scripting/monoscript/fileName/SceneViewOpenTilePaletteOverlay.cs: 9e154d415d7ab024c8551aae194f4532 -> 
  custom:scripting/monoscript/fileName/SceneViewTilemapFocusOverlay.cs: 409b7579c9eddabad834478b2a2731cf -> 
  custom:scripting/monoscript/fileName/GridBrush.cs: 0271bb4294dfd9c52b85d2ef18c21adf -> 
  custom:scripting/monoscript/fileName/RuleTile.cs: f5f493643c39cafead8f05df075b38cf -> 
  custom:scripting/monoscript/fileName/GameObjectBrush.cs: 87ba7a109062396c16824845dba02c1a -> 
  custom:scripting/monoscript/fileName/TilePaletteContextMenuHandler.cs: 11689ac7a1e231b785fe9ee59440e8df -> 
  custom:scripting/monoscript/fileName/GridBrushEditorBase.cs: 8dc6b8dd5b5c3920622a5c826cdb9a3e -> 
  custom:scripting/monoscript/fileName/TilemapEditorToolPreferences.cs: d34ae7afe7e42324c1a8dc1ee5c53101 -> 
  custom:scripting/monoscript/fileName/PaintableGrid.cs: c538d5369d23cf604300c6f8a077b5d0 -> 
  custom:scripting/monoscript/fileName/DefaultAssetCreation.cs: c2d4009190ffa48d1a68c12ac7902a37 -> 
  custom:scripting/precompiled-assembly-types:Unity.2D.Tilemap.Extras.Editor: 5ad91861b07fefd995e74ac55c89582d -> 
  custom:scripting/monoscript/fileName/TilemapEditorToolButton.cs: 452256babee1fc6246907201b775c9ca -> 
  custom:scripting/monoscript/fileName/GridPaintPaletteWindowPreferences.cs: 506574d5ebc55d1c3ac5809521be171c -> 
  custom:scripting/monoscript/fileName/RotateTool.cs: a45c53b4cde318c91ea55e570037bddd -> 
  custom:scripting/monoscript/fileName/GridSelectionTransformTool.cs: 0102964ac3ceb594b7800c6267f18cf7 -> 
  custom:scripting/monoscript/fileName/TilePaletteActivePalettePopup.cs: d8ea341556e28c44f8ce8bb6cb513430 -> 
  custom:scripting/monoscript/fileName/PaintTool.cs: b088555e5c7bac451566d0ed1b585c0f -> 
  custom:scripting/monoscript/fileName/GridPaintingState.cs: 5b65b03e1c11595f69bba16eea8cd664 -> 
  custom:scripting/monoscript/fileName/GridPaintPaletteWindowActiveTargets.cs: a9f6bc687e35dc605b0de621410da416 -> 
  custom:scripting/monoscript/fileName/TilePaletteClipboardPanelPopup.cs: 481659589c6d2cf5d49bb3c51e9e2785 -> 
  custom:scripting/monoscript/fileName/GridPaletteUtility.cs: a64eece78a61bcc19caeb2b2a114ba40 -> 
  custom:scripting/monoscript/fileName/PaintableSceneViewGrid.cs: 668faf831cc940b1ebbed80737459bca -> 
  custom:scripting/monoscript/fileName/TilemapEditorToolPreferencesAsset.cs: 42733c664a418dc96e6676ab6a569041 -> 
  custom:scripting/monoscript/fileName/TileDragAndDropHoverData.cs: 7ec3eb6fae482fe5e6eca733189b11c1 -> 
  custom:scripting/monoscript/fileName/PickingTool.cs: ad2b06cfab7c0bf6799fc818866d02f2 -> 
  custom:scripting/monoscript/fileName/TilePaletteSaveUtility.cs: 9b7daaeade8b211f6fee80816fcd7e41 -> 
  custom:video-encoder-webm-vp8: eb34c28f22e8b96e1ab97ce403110664 -> 
  custom:scripting/monoscript/fileName/RandomBrush.cs: 060c140be746a8829fe39acd3b5de27b -> 
  custom:scripting/monoscript/fileName/GridInformation.cs: 8abdd979e31f8615c6f0260032387547 -> 
  custom:scripting/monoscript/fileName/GridSelectionRotationTool.cs: 034710c503c59a634a73a03fd24dd739 -> 
  custom:scripting/monoscript/fileName/BoolFieldOverlayPopupWindow.cs: 25281e84d45ea134dccf87aa853796bf -> 
  custom:audio-decoder-ogg-vorbis: bf7c407c2cedff20999df2af8eb42d56 -> 
  custom:scripting/monoscript/fileName/GridPaintPaletteWindow.cs: 1d497ecc185c46bb1043a6ede8ff1c0f -> 
  custom:scripting/monoscript/fileName/AdvancedRuleOverrideTile.cs: 1fddf97303287ca0ab3797af3c741b42 -> 
  custom:scripting/monoscript/fileName/TilePaletteElement.cs: 821f71de4b61685d39463a4a06a9c842 -> 
  custom:scripting/monoscript/fileName/TileDragAndDropManager.cs: a1e23a7638297e1dda515dc0e84bf55a -> 
  custom:scripting/monoscript/fileName/MoveTool.cs: 3e41e228f8fb535351f8fd508c5d7aa6 -> 
  custom:scripting/monoscript/fileName/SelectTool.cs: 51558befbff43680f5a337c7469e3a7b -> 
  custom:scripting/monoscript/fileName/TilePalettePrefabUtility.cs: 81c112f431eead6c17358b4dc7196dd1 -> 
  custom:scripting/monoscript/fileName/TilePaletteActivePaletteDropdownMenu.cs: a47d79fd3aaf47be319da9214e3a9bb3 -> 
  custom:scripting/monoscript/fileName/AnimatedTileEditor.cs: 41202be2ca5b787f20f8458252d021bc -> 
  custom:scripting/monoscript/fileName/TilePaletteActiveTargetsPopup.cs: c19a5ac974961902d5fcecf1d440b17a -> 
  custom:scripting/monoscript/fileName/GridPaletteEditor.cs: 9ca70426b6bdbb830263d2f1b512a658 -> 
  custom:scripting/monoscript/fileName/TilePaletteBrushPanelButton.cs: 2a4d4194710daaf7059f8f324842178b -> 
  custom:scripting/monoscript/fileName/TilePaletteBrushInspectorPopup.cs: bae9f2c04afcee02fd74cc185afc7936 -> 
  custom:scripting/monoscript/fileName/TilePaletteBrushesDropdownToggle.cs: c496745875bd2dedf400d11fa8d2a39c -> 
  custom:scripting/monoscript/fileName/FlipTool.cs: 57a6cd18545afdc27969bc68fde89cb1 -> 
  custom:scripting/monoscript/fileName/TilePaletteMouseCursorUtility.cs: 684f600f1129c3cb4df290f4bc53b930 -> 
  custom:scripting/monoscript/fileName/GridPaintingToolbar.cs: 71eec3aa936c54c332bdeff43f265da8 -> 
  custom:scripting/monoscript/fileName/HexagonalRuleTile.cs: 06dd7fca2700fb4aaa03a7cd13f58833 -> 
  custom:scripting/monoscript/fileName/IsometricRuleTileEditor.cs: 4cf007e646aa016389fb16663382c73c -> 
  custom:audio-encoder-webm-vorbis: bf7c407c2cedff20999df2af8eb42d56 -> 
  custom:scripting/monoscript/fileName/GridSelectionTool.cs: e3b447b578d18e550e3fd09eb4616407 -> 
  custom:scripting/monoscript/fileName/TilePaletteActiveTargetsDropdownMenu.cs: 4c73999c1bc87ae86dc4336104c225a9 -> 
  custom:scripting/monoscript/fileName/GridPaintTargetsDropdown.cs: 1a02fee05143bec519533f49a8d1bebc -> 
  custom:scripting/monoscript/fileName/GroupBrush.cs: b4c96b6e07e535d84dea8fa33a1ee653 -> 
  custom:scripting/monoscript/fileName/AdvancedRuleOverrideTileEditor.cs: f5f3e25e9690be1c73bbc0525b4d0b70 -> 
  custom:scripting/monoscript/fileName/RuleOverrideTile.cs: 27a3183bf22a5a9447c8b9239d8f3655 -> 
========================================================================
Received Import Request.
  Time since last request: 550.636340 seconds.
  path: Assets/Selcuk Gerceker/Toon Environments - World Creator Pack Lite/Prefabs/Tiles/Blocks.prefab
  artifactKey: Guid(0bd744ea269a41449bca1d91ea053893) Importer(815301076,1909f56bfc062723c751e8b465ee728b)
Start importing Assets/Selcuk Gerceker/Toon Environments - World Creator Pack Lite/Prefabs/Tiles/Blocks.prefab using Guid(0bd744ea269a41449bca1d91ea053893) Importer(815301076,1909f56bfc062723c751e8b465ee728b) [PhysX] Initialized MultithreadedTaskDispatcher with 16 workers.
[PhysX] Initialized MultithreadedTaskDispatcher with 16 workers.
 -> (artifact id: '2b667fbd7f9ce6bd0a61861d92ce88dd') in 0.129102 seconds
Number of updated asset objects reloaded before import = 0
Number of asset objects unloaded after import = 10
========================================================================
Received Import Request.
  Time since last request: 84.733798 seconds.
  path: Assets/Selcuk Gerceker/Toon Environments - World Creator Pack Lite/Prefabs/Tiles/Blocks.prefab
  artifactKey: Guid(0bd744ea269a41449bca1d91ea053893) Importer(815301076,1909f56bfc062723c751e8b465ee728b)
Start importing Assets/Selcuk Gerceker/Toon Environments - World Creator Pack Lite/Prefabs/Tiles/Blocks.prefab using Guid(0bd744ea269a41449bca1d91ea053893) Importer(815301076,1909f56bfc062723c751e8b465ee728b) [PhysX] Initialized MultithreadedTaskDispatcher with 16 workers.
[PhysX] Initialized MultithreadedTaskDispatcher with 16 workers.
 -> (artifact id: '2c03b06ce38ee1cd7d23fb561ff6f501') in 0.009063 seconds
Number of updated asset objects reloaded before import = 0
Number of asset objects unloaded after import = 10
========================================================================
Received Import Request.
  Time since last request: 156.890849 seconds.
  path: Assets/Collectables Sound Pack/Collectables Sound Effects Pack/Samples/Sound_1/Notes/Low/C.wav
  artifactKey: Guid(ec29ba08fb9434fbd9658921adda7dc7) Importer(815301076,1909f56bfc062723c751e8b465ee728b)
Start importing Assets/Collectables Sound Pack/Collectables Sound Effects Pack/Samples/Sound_1/Notes/Low/C.wav using Guid(ec29ba08fb9434fbd9658921adda7dc7) Importer(815301076,1909f56bfc062723c751e8b465ee728b) [PhysX] Initialized MultithreadedTaskDispatcher with 16 workers.
[PhysX] Initialized MultithreadedTaskDispatcher with 16 workers.
 -> (artifact id: '7ef9325442f22660806082f5905f41ba') in 0.049939 seconds
Number of updated asset objects reloaded before import = 0
Number of asset objects unloaded after import = 2
========================================================================
Received Import Request.
  Time since last request: 0.000032 seconds.
  path: Assets/Collectables Sound Pack/Collectables Sound Effects Pack/Samples/Sound_3/Notes/Low/C#.wav
  artifactKey: Guid(9291ff67d153b437f8322213f2bd1fab) Importer(815301076,1909f56bfc062723c751e8b465ee728b)
Start importing Assets/Collectables Sound Pack/Collectables Sound Effects Pack/Samples/Sound_3/Notes/Low/C#.wav using Guid(9291ff67d153b437f8322213f2bd1fab) Importer(815301076,1909f56bfc062723c751e8b465ee728b) [PhysX] Initialized MultithreadedTaskDispatcher with 16 workers.
[PhysX] Initialized MultithreadedTaskDispatcher with 16 workers.
 -> (artifact id: '17b8c5794a4000dd3f71ac23f9b2745f') in 0.019162 seconds
Number of updated asset objects reloaded before import = 0
Number of asset objects unloaded after import = 2
========================================================================
Received Import Request.
  Time since last request: 0.000024 seconds.
  path: Assets/Collectables Sound Pack/Collectables Sound Effects Pack/Samples/Sound_1/Notes/Low/C#.wav
  artifactKey: Guid(bfae989fc5c764e0eb255d3f39101459) Importer(815301076,1909f56bfc062723c751e8b465ee728b)
Start importing Assets/Collectables Sound Pack/Collectables Sound Effects Pack/Samples/Sound_1/Notes/Low/C#.wav using Guid(bfae989fc5c764e0eb255d3f39101459) Importer(815301076,1909f56bfc062723c751e8b465ee728b) [PhysX] Initialized MultithreadedTaskDispatcher with 16 workers.
[PhysX] Initialized MultithreadedTaskDispatcher with 16 workers.
 -> (artifact id: '130ecfa13eca0928a53fcceec33cbb3f') in 0.019932 seconds
Number of updated asset objects reloaded before import = 0
Number of asset objects unloaded after import = 2
========================================================================
Received Import Request.
  Time since last request: 0.000135 seconds.
  path: Assets/Selcuk Gerceker/Toon Environments - World Creator Pack Lite/Textures/Color Palettes PS Files/Candyland.psd
  artifactKey: Guid(03dbc012d0a170343b54d52b1d6eb80d) Importer(815301076,1909f56bfc062723c751e8b465ee728b)
Start importing Assets/Selcuk Gerceker/Toon Environments - World Creator Pack Lite/Textures/Color Palettes PS Files/Candyland.psd using Guid(03dbc012d0a170343b54d52b1d6eb80d) Importer(815301076,1909f56bfc062723c751e8b465ee728b) [PhysX] Initialized MultithreadedTaskDispatcher with 16 workers.
[PhysX] Initialized MultithreadedTaskDispatcher with 16 workers.
 -> (artifact id: 'd105a8ecc1f838a8f107c6b6474e35af') in 0.041753 seconds
Number of updated asset objects reloaded before import = 0
Number of asset objects unloaded after import = 2
========================================================================
Received Import Request.
  Time since last request: 0.000031 seconds.
  path: Assets/Selcuk Gerceker/Toon Environments - World Creator Pack Lite/Textures/Candyland.png
  artifactKey: Guid(0febc6ed9e9e8b74baf23cf708c5ec48) Importer(815301076,1909f56bfc062723c751e8b465ee728b)
Start importing Assets/Selcuk Gerceker/Toon Environments - World Creator Pack Lite/Textures/Candyland.png using Guid(0febc6ed9e9e8b74baf23cf708c5ec48) Importer(815301076,1909f56bfc062723c751e8b465ee728b) [PhysX] Initialized MultithreadedTaskDispatcher with 16 workers.
[PhysX] Initialized MultithreadedTaskDispatcher with 16 workers.
 -> (artifact id: '7767fcaca28826a38c0096d2cca6e156') in 0.016728 seconds
Number of updated asset objects reloaded before import = 0
Number of asset objects unloaded after import = 2
========================================================================
Received Import Request.
  Time since last request: 0.000036 seconds.
  path: Assets/Selcuk Gerceker/Toon Environments - World Creator Pack Lite/Models/Props/Cabin.fbx
  artifactKey: Guid(83e9f2baa8ffe7c428e3424227a4287e) Importer(815301076,1909f56bfc062723c751e8b465ee728b)
Start importing Assets/Selcuk Gerceker/Toon Environments - World Creator Pack Lite/Models/Props/Cabin.fbx using Guid(83e9f2baa8ffe7c428e3424227a4287e) Importer(815301076,1909f56bfc062723c751e8b465ee728b) [PhysX] Initialized MultithreadedTaskDispatcher with 16 workers.
[PhysX] Initialized MultithreadedTaskDispatcher with 16 workers.
[PhysX] Initialized MultithreadedTaskDispatcher with 16 workers.
[PhysX] Initialized MultithreadedTaskDispatcher with 16 workers.
[PhysX] Initialized MultithreadedTaskDispatcher with 16 workers.
[PhysX] Initialized MultithreadedTaskDispatcher with 16 workers.
 -> (artifact id: 'ae91d585c32db70ea76f7e5ce1c3142e') in 0.068752 seconds
Number of updated asset objects reloaded before import = 0
Number of asset objects unloaded after import = 14
========================================================================
Received Import Request.
  Time since last request: 0.000033 seconds.
  path: Assets/Selcuk Gerceker/Toon Environments - World Creator Pack Lite/Models/Props/Cloud_Long.fbx
  artifactKey: Guid(d69e5816f93055e49a22465ac0e99b4d) Importer(815301076,1909f56bfc062723c751e8b465ee728b)
Start importing Assets/Selcuk Gerceker/Toon Environments - World Creator Pack Lite/Models/Props/Cloud_Long.fbx using Guid(d69e5816f93055e49a22465ac0e99b4d) Importer(815301076,1909f56bfc062723c751e8b465ee728b) [PhysX] Initialized MultithreadedTaskDispatcher with 16 workers.
[PhysX] Initialized MultithreadedTaskDispatcher with 16 workers.
[PhysX] Initialized MultithreadedTaskDispatcher with 16 workers.
 -> (artifact id: '1d1994e1708d3a8259c23420a9c60184') in 0.024431 seconds
Number of updated asset objects reloaded before import = 0
Number of asset objects unloaded after import = 7
========================================================================
Received Import Request.
  Time since last request: 59.529573 seconds.
  path: Assets/Selcuk Gerceker/Toon Environments - World Creator Pack Lite/Models/Tiles/Tile_Center.fbx
  artifactKey: Guid(0a8a49a1980943a4a9919b8f64a7c75e) Importer(815301076,1909f56bfc062723c751e8b465ee728b)
Start importing Assets/Selcuk Gerceker/Toon Environments - World Creator Pack Lite/Models/Tiles/Tile_Center.fbx using Guid(0a8a49a1980943a4a9919b8f64a7c75e) Importer(815301076,1909f56bfc062723c751e8b465ee728b) [PhysX] Initialized MultithreadedTaskDispatcher with 16 workers.
[PhysX] Initialized MultithreadedTaskDispatcher with 16 workers.
[PhysX] Initialized MultithreadedTaskDispatcher with 16 workers.
 -> (artifact id: 'c6247d77306bdf9077783285b40b7710') in 0.027340 seconds
Number of updated asset objects reloaded before import = 0
Number of asset objects unloaded after import = 7
========================================================================
Received Import Request.
  Time since last request: 0.000024 seconds.
  path: Assets/Selcuk Gerceker/Toon Environments - World Creator Pack Lite/Models/Tiles/Tile_Road_Edge_End_Solo.fbx
  artifactKey: Guid(d2a73dec0eb1d81498135676972d3278) Importer(815301076,1909f56bfc062723c751e8b465ee728b)
Start importing Assets/Selcuk Gerceker/Toon Environments - World Creator Pack Lite/Models/Tiles/Tile_Road_Edge_End_Solo.fbx using Guid(d2a73dec0eb1d81498135676972d3278) Importer(815301076,1909f56bfc062723c751e8b465ee728b) [PhysX] Initialized MultithreadedTaskDispatcher with 16 workers.
[PhysX] Initialized MultithreadedTaskDispatcher with 16 workers.
[PhysX] Initialized MultithreadedTaskDispatcher with 16 workers.
 -> (artifact id: '711c2a47ac82c661a40f1a141cd8a7a6') in 0.027735 seconds
Number of updated asset objects reloaded before import = 0
Number of asset objects unloaded after import = 7
========================================================================
Received Import Request.
  Time since last request: 0.000024 seconds.
  path: Assets/Selcuk Gerceker/Toon Environments - World Creator Pack Lite/Models/Tiles/Tile_Road_End_Edge.fbx
  artifactKey: Guid(44533bb5cb0bd734eb62f2592c7d8856) Importer(815301076,1909f56bfc062723c751e8b465ee728b)
Start importing Assets/Selcuk Gerceker/Toon Environments - World Creator Pack Lite/Models/Tiles/Tile_Road_End_Edge.fbx using Guid(44533bb5cb0bd734eb62f2592c7d8856) Importer(815301076,1909f56bfc062723c751e8b465ee728b) [PhysX] Initialized MultithreadedTaskDispatcher with 16 workers.
[PhysX] Initialized MultithreadedTaskDispatcher with 16 workers.
[PhysX] Initialized MultithreadedTaskDispatcher with 16 workers.
 -> (artifact id: '816bb81e47c45473ce77085310e29262') in 0.035783 seconds
Number of updated asset objects reloaded before import = 0
Number of asset objects unloaded after import = 7
========================================================================
Received Import Request.
  Time since last request: 0.000025 seconds.
  path: Assets/Selcuk Gerceker/Toon Environments - World Creator Pack Lite/Models/Tiles/Tile_Corner_Foundation_End.fbx
  artifactKey: Guid(e9e741cabe301f24e894a13d2a24c757) Importer(815301076,1909f56bfc062723c751e8b465ee728b)
Start importing Assets/Selcuk Gerceker/Toon Environments - World Creator Pack Lite/Models/Tiles/Tile_Corner_Foundation_End.fbx using Guid(e9e741cabe301f24e894a13d2a24c757) Importer(815301076,1909f56bfc062723c751e8b465ee728b) [PhysX] Initialized MultithreadedTaskDispatcher with 16 workers.
[PhysX] Initialized MultithreadedTaskDispatcher with 16 workers.
[PhysX] Initialized MultithreadedTaskDispatcher with 16 workers.
 -> (artifact id: '16e959bf839c2655cc427874f13e5edc') in 0.041414 seconds
Number of updated asset objects reloaded before import = 0
Number of asset objects unloaded after import = 7
========================================================================
Received Import Request.
  Time since last request: 0.000055 seconds.
  path: Assets/Selcuk Gerceker/Toon Environments - World Creator Pack Lite/Models/Tiles/Tile_Road_Solo_Corner.fbx
  artifactKey: Guid(64ac115e5574fea44b039f51e7422c61) Importer(815301076,1909f56bfc062723c751e8b465ee728b)
Start importing Assets/Selcuk Gerceker/Toon Environments - World Creator Pack Lite/Models/Tiles/Tile_Road_Solo_Corner.fbx using Guid(64ac115e5574fea44b039f51e7422c61) Importer(815301076,1909f56bfc062723c751e8b465ee728b) [PhysX] Initialized MultithreadedTaskDispatcher with 16 workers.
[PhysX] Initialized MultithreadedTaskDispatcher with 16 workers.
[PhysX] Initialized MultithreadedTaskDispatcher with 16 workers.
 -> (artifact id: 'b2312fef44681fb778d5458aedf0ff4c') in 0.033721 seconds
Number of updated asset objects reloaded before import = 0
Number of asset objects unloaded after import = 7
========================================================================
Received Import Request.
  Time since last request: 0.000024 seconds.
  path: Assets/Selcuk Gerceker/Toon Environments - World Creator Pack Lite/Models/Tiles/Tile_Corner_Foundation.fbx
  artifactKey: Guid(b052e48f7d0b8214da68b6a8836ad167) Importer(815301076,1909f56bfc062723c751e8b465ee728b)
Start importing Assets/Selcuk Gerceker/Toon Environments - World Creator Pack Lite/Models/Tiles/Tile_Corner_Foundation.fbx using Guid(b052e48f7d0b8214da68b6a8836ad167) Importer(815301076,1909f56bfc062723c751e8b465ee728b) [PhysX] Initialized MultithreadedTaskDispatcher with 16 workers.
[PhysX] Initialized MultithreadedTaskDispatcher with 16 workers.
[PhysX] Initialized MultithreadedTaskDispatcher with 16 workers.
 -> (artifact id: 'abfbaa8c30e8f84ee1964231e914d6d6') in 0.033249 seconds
Number of updated asset objects reloaded before import = 0
Number of asset objects unloaded after import = 7
========================================================================
Received Import Request.
  Time since last request: 0.000036 seconds.
  path: Assets/Selcuk Gerceker/Toon Environments - World Creator Pack Lite/Models/Tiles/Tile_Edge_Foundation_End.fbx
  artifactKey: Guid(6064da212e5504d4f9489f243cbd0052) Importer(815301076,1909f56bfc062723c751e8b465ee728b)
Start importing Assets/Selcuk Gerceker/Toon Environments - World Creator Pack Lite/Models/Tiles/Tile_Edge_Foundation_End.fbx using Guid(6064da212e5504d4f9489f243cbd0052) Importer(815301076,1909f56bfc062723c751e8b465ee728b) [PhysX] Initialized MultithreadedTaskDispatcher with 16 workers.
[PhysX] Initialized MultithreadedTaskDispatcher with 16 workers.
[PhysX] Initialized MultithreadedTaskDispatcher with 16 workers.
 -> (artifact id: 'bf4dd41c05683bb661b41bcc5a1f0f5f') in 0.033805 seconds
Number of updated asset objects reloaded before import = 0
Number of asset objects unloaded after import = 7
========================================================================
Received Import Request.
  Time since last request: 0.000027 seconds.
  path: Assets/Selcuk Gerceker/Toon Environments - World Creator Pack Lite/Models/Tiles/Tile_Road_Solo.fbx
  artifactKey: Guid(fb5b599722b688841bd8273ae8e0c667) Importer(815301076,1909f56bfc062723c751e8b465ee728b)
Start importing Assets/Selcuk Gerceker/Toon Environments - World Creator Pack Lite/Models/Tiles/Tile_Road_Solo.fbx using Guid(fb5b599722b688841bd8273ae8e0c667) Importer(815301076,1909f56bfc062723c751e8b465ee728b) [PhysX] Initialized MultithreadedTaskDispatcher with 16 workers.
[PhysX] Initialized MultithreadedTaskDispatcher with 16 workers.
[PhysX] Initialized MultithreadedTaskDispatcher with 16 workers.
 -> (artifact id: '76003541bbe0d679a3e256278e1db30f') in 0.026891 seconds
Number of updated asset objects reloaded before import = 0
Number of asset objects unloaded after import = 7
========================================================================
Received Import Request.
  Time since last request: 4.892573 seconds.
  path: Assets/Selcuk Gerceker/Toon Environments - World Creator Pack Lite/Textures/Color Palettes PS Files/MyOwnTheme.psd
  artifactKey: Guid(aeb299a5889bf244192421c7ce94a3c1) Importer(815301076,1909f56bfc062723c751e8b465ee728b)
Start importing Assets/Selcuk Gerceker/Toon Environments - World Creator Pack Lite/Textures/Color Palettes PS Files/MyOwnTheme.psd using Guid(aeb299a5889bf244192421c7ce94a3c1) Importer(815301076,1909f56bfc062723c751e8b465ee728b) [PhysX] Initialized MultithreadedTaskDispatcher with 16 workers.
[PhysX] Initialized MultithreadedTaskDispatcher with 16 workers.
 -> (artifact id: '87115fe8534e8c9282129f3f217b151e') in 0.019667 seconds
Number of updated asset objects reloaded before import = 0
Number of asset objects unloaded after import = 2
